mode: set
github.com/solo-io/gloo/projects/gloo/pkg/debug/proxy_endpoint.go:23.52,25.2 1 1
github.com/solo-io/gloo/projects/gloo/pkg/debug/proxy_endpoint.go:26.74,28.2 1 1
github.com/solo-io/gloo/projects/gloo/pkg/debug/proxy_endpoint.go:31.134,33.25 2 1
github.com/solo-io/gloo/projects/gloo/pkg/debug/proxy_endpoint.go:33.25,38.17 2 1
github.com/solo-io/gloo/projects/gloo/pkg/debug/proxy_endpoint.go:41.3,41.61 1 1
github.com/solo-io/gloo/projects/gloo/pkg/debug/proxy_endpoint.go:38.17,40.4 1 0
github.com/solo-io/gloo/projects/gloo/pkg/debug/proxy_endpoint.go:42.8,44.17 2 1
github.com/solo-io/gloo/projects/gloo/pkg/debug/proxy_endpoint.go:47.3,47.73 1 1
github.com/solo-io/gloo/projects/gloo/pkg/debug/proxy_endpoint.go:44.17,46.4 1 0
github.com/solo-io/gloo/projects/gloo/pkg/debug/proxy_endpoint.go:51.65,53.2 1 0
github.com/solo-io/gloo/projects/gloo/pkg/discovery/discovery.go:67.57,78.2 1 1
github.com/solo-io/gloo/projects/gloo/pkg/discovery/discovery.go:85.57,93.2 1 0
github.com/solo-io/gloo/projects/gloo/pkg/discovery/discovery.go:96.97,99.41 3 0
github.com/solo-io/gloo/projects/gloo/pkg/discovery/discovery.go:128.2,128.28 1 0
github.com/solo-io/gloo/projects/gloo/pkg/discovery/discovery.go:99.41,101.17 2 0
github.com/solo-io/gloo/projects/gloo/pkg/discovery/discovery.go:106.3,106.32 1 0
github.com/solo-io/gloo/projects/gloo/pkg/discovery/discovery.go:101.17,103.12 2 0
github.com/solo-io/gloo/projects/gloo/pkg/discovery/discovery.go:106.32,110.8 3 0
github.com/solo-io/gloo/projects/gloo/pkg/discovery/discovery.go:110.8,111.12 1 0
github.com/solo-io/gloo/projects/gloo/pkg/discovery/discovery.go:112.38,117.47 5 0
github.com/solo-io/gloo/projects/gloo/pkg/discovery/discovery.go:120.24,121.95 1 0
github.com/solo-io/gloo/projects/gloo/pkg/discovery/discovery.go:122.28,123.12 1 0
github.com/solo-io/gloo/projects/gloo/pkg/discovery/discovery.go:117.47,119.7 1 0
github.com/solo-io/gloo/projects/gloo/pkg/discovery/discovery.go:132.63,136.62 4 0
github.com/solo-io/gloo/projects/gloo/pkg/discovery/discovery.go:156.2,156.12 1 0
github.com/solo-io/gloo/projects/gloo/pkg/discovery/discovery.go:136.62,142.43 4 0
github.com/solo-io/gloo/projects/gloo/pkg/discovery/discovery.go:145.3,149.18 2 0
github.com/solo-io/gloo/projects/gloo/pkg/discovery/discovery.go:154.3,154.122 1 0
github.com/solo-io/gloo/projects/gloo/pkg/discovery/discovery.go:142.43,144.4 1 0
github.com/solo-io/gloo/projects/gloo/pkg/discovery/discovery.go:149.18,153.4 2 0
github.com/solo-io/gloo/projects/gloo/pkg/discovery/discovery.go:159.78,161.27 2 0
github.com/solo-io/gloo/projects/gloo/pkg/discovery/discovery.go:169.2,169.14 1 0
github.com/solo-io/gloo/projects/gloo/pkg/discovery/discovery.go:161.27,162.58 1 0
github.com/solo-io/gloo/projects/gloo/pkg/discovery/discovery.go:162.58,163.31 1 0
github.com/solo-io/gloo/projects/gloo/pkg/discovery/discovery.go:166.4,166.47 1 0
github.com/solo-io/gloo/projects/gloo/pkg/discovery/discovery.go:163.31,165.5 1 0
github.com/solo-io/gloo/projects/gloo/pkg/discovery/discovery.go:173.116,176.41 3 1
github.com/solo-io/gloo/projects/gloo/pkg/discovery/discovery.go:222.2,222.28 1 1
github.com/solo-io/gloo/projects/gloo/pkg/discovery/discovery.go:176.41,178.17 2 1
github.com/solo-io/gloo/projects/gloo/pkg/discovery/discovery.go:183.3,183.32 1 1
github.com/solo-io/gloo/projects/gloo/pkg/discovery/discovery.go:178.17,180.12 2 0
github.com/solo-io/gloo/projects/gloo/pkg/discovery/discovery.go:183.32,185.8 2 1
github.com/solo-io/gloo/projects/gloo/pkg/discovery/discovery.go:185.8,186.12 1 1
github.com/solo-io/gloo/projects/gloo/pkg/discovery/discovery.go:187.42,188.13 1 1
github.com/solo-io/gloo/projects/gloo/pkg/discovery/discovery.go:191.6,192.45 2 1
github.com/solo-io/gloo/projects/gloo/pkg/discovery/discovery.go:195.6,200.21 3 1
github.com/solo-io/gloo/projects/gloo/pkg/discovery/discovery.go:203.6,203.58 1 1
github.com/solo-io/gloo/projects/gloo/pkg/discovery/discovery.go:206.6,206.21 1 1
github.com/solo-io/gloo/projects/gloo/pkg/discovery/discovery.go:207.28,208.13 1 0
github.com/solo-io/gloo/projects/gloo/pkg/discovery/discovery.go:211.6,211.13 1 0
github.com/solo-io/gloo/projects/gloo/pkg/discovery/discovery.go:216.28,217.12 1 0
github.com/solo-io/gloo/projects/gloo/pkg/discovery/discovery.go:188.13,190.7 1 0
github.com/solo-io/gloo/projects/gloo/pkg/discovery/discovery.go:192.45,194.7 1 1
github.com/solo-io/gloo/projects/gloo/pkg/discovery/discovery.go:200.21,202.7 1 0
github.com/solo-io/gloo/projects/gloo/pkg/discovery/discovery.go:203.58,205.7 1 1
github.com/solo-io/gloo/projects/gloo/pkg/discovery/discovery.go:208.13,210.7 1 0
github.com/solo-io/gloo/projects/gloo/pkg/discovery/discovery.go:212.82,212.82 0 0
github.com/solo-io/gloo/projects/gloo/pkg/discovery/discovery.go:213.14,214.87 1 0
github.com/solo-io/gloo/projects/gloo/pkg/discovery/discovery.go:225.43,226.20 1 1
github.com/solo-io/gloo/projects/gloo/pkg/discovery/discovery.go:226.20,229.3 2 1
github.com/solo-io/gloo/projects/gloo/pkg/discovery/discovery.go:232.53,234.2 1 0
github.com/solo-io/gloo/projects/gloo/pkg/discovery/discovery.go:236.93,238.46 2 1
github.com/solo-io/gloo/projects/gloo/pkg/discovery/discovery.go:241.2,241.50 1 1
github.com/solo-io/gloo/projects/gloo/pkg/discovery/discovery.go:244.2,244.18 1 1
github.com/solo-io/gloo/projects/gloo/pkg/discovery/discovery.go:238.46,240.3 1 1
github.com/solo-io/gloo/projects/gloo/pkg/discovery/discovery.go:241.50,243.3 1 1
github.com/solo-io/gloo/projects/gloo/pkg/discovery/discovery.go:247.64,252.2 2 1
github.com/solo-io/gloo/projects/gloo/pkg/discovery/discovery.go:254.47,255.22 1 1
github.com/solo-io/gloo/projects/gloo/pkg/discovery/discovery.go:259.2,259.19 1 1
github.com/solo-io/gloo/projects/gloo/pkg/discovery/discovery.go:265.2,265.13 1 1
github.com/solo-io/gloo/projects/gloo/pkg/discovery/discovery.go:255.22,257.3 1 0
github.com/solo-io/gloo/projects/gloo/pkg/discovery/discovery.go:259.19,260.19 1 0
github.com/solo-io/gloo/projects/gloo/pkg/discovery/discovery.go:260.19,262.4 1 0
github.com/solo-io/gloo/projects/gloo/pkg/discovery/run.go:22.99,29.2 2 0
github.com/solo-io/gloo/projects/gloo/pkg/discovery/run.go:31.72,40.54 6 0
github.com/solo-io/gloo/projects/gloo/pkg/discovery/run.go:44.2,50.16 3 0
github.com/solo-io/gloo/projects/gloo/pkg/discovery/run.go:54.2,54.12 1 0
github.com/solo-io/gloo/projects/gloo/pkg/discovery/run.go:65.2,65.12 1 0
github.com/solo-io/gloo/projects/gloo/pkg/discovery/run.go:40.54,42.3 1 0
github.com/solo-io/gloo/projects/gloo/pkg/discovery/run.go:50.16,52.3 1 0
github.com/solo-io/gloo/projects/gloo/pkg/discovery/run.go:54.12,55.7 1 0
github.com/solo-io/gloo/projects/gloo/pkg/discovery/run.go:55.7,56.11 1 0
github.com/solo-io/gloo/projects/gloo/pkg/discovery/run.go:57.26,58.65 1 0
github.com/solo-io/gloo/projects/gloo/pkg/discovery/run.go:59.22,60.11 1 0
github.com/solo-io/gloo/projects/gloo/pkg/plugins/basicroute/plugin.go:29.26,31.2 1 1
github.com/solo-io/gloo/projects/gloo/pkg/plugins/basicroute/plugin.go:33.32,35.2 1 0
github.com/solo-io/gloo/projects/gloo/pkg/plugins/basicroute/plugin.go:37.46,38.2 0 0
github.com/solo-io/gloo/projects/gloo/pkg/plugins/basicroute/plugin.go:44.9,45.28 1 1
github.com/solo-io/gloo/projects/gloo/pkg/plugins/basicroute/plugin.go:48.2,48.35 1 1
github.com/solo-io/gloo/projects/gloo/pkg/plugins/basicroute/plugin.go:45.28,47.3 1 0
github.com/solo-io/gloo/projects/gloo/pkg/plugins/basicroute/plugin.go:51.113,53.58 1 1
github.com/solo-io/gloo/projects/gloo/pkg/plugins/basicroute/plugin.go:57.2,57.28 1 1
github.com/solo-io/gloo/projects/gloo/pkg/plugins/basicroute/plugin.go:61.2,61.52 1 1
github.com/solo-io/gloo/projects/gloo/pkg/plugins/basicroute/plugin.go:64.2,64.59 1 1
github.com/solo-io/gloo/projects/gloo/pkg/plugins/basicroute/plugin.go:67.2,67.46 1 1
github.com/solo-io/gloo/projects/gloo/pkg/plugins/basicroute/plugin.go:70.2,70.56 1 1
github.com/solo-io/gloo/projects/gloo/pkg/plugins/basicroute/plugin.go:73.2,73.46 1 1
github.com/solo-io/gloo/projects/gloo/pkg/plugins/basicroute/plugin.go:76.2,76.50 1 1
github.com/solo-io/gloo/projects/gloo/pkg/plugins/basicroute/plugin.go:79.2,79.47 1 1
github.com/solo-io/gloo/projects/gloo/pkg/plugins/basicroute/plugin.go:83.2,83.12 1 1
github.com/solo-io/gloo/projects/gloo/pkg/plugins/basicroute/plugin.go:53.58,55.3 1 0
github.com/solo-io/gloo/projects/gloo/pkg/plugins/basicroute/plugin.go:57.28,59.3 1 0
github.com/solo-io/gloo/projects/gloo/pkg/plugins/basicroute/plugin.go:61.52,63.3 1 0
github.com/solo-io/gloo/projects/gloo/pkg/plugins/basicroute/plugin.go:64.59,66.3 1 0
github.com/solo-io/gloo/projects/gloo/pkg/plugins/basicroute/plugin.go:67.46,69.3 1 0
github.com/solo-io/gloo/projects/gloo/pkg/plugins/basicroute/plugin.go:70.56,72.3 1 0
github.com/solo-io/gloo/projects/gloo/pkg/plugins/basicroute/plugin.go:73.46,75.3 1 0
github.com/solo-io/gloo/projects/gloo/pkg/plugins/basicroute/plugin.go:76.50,78.3 1 0
github.com/solo-io/gloo/projects/gloo/pkg/plugins/basicroute/plugin.go:79.47,81.3 1 1
github.com/solo-io/gloo/projects/gloo/pkg/plugins/basicroute/plugin.go:86.79,87.47 1 1
github.com/solo-io/gloo/projects/gloo/pkg/plugins/basicroute/plugin.go:90.2,91.9 2 1
github.com/solo-io/gloo/projects/gloo/pkg/plugins/basicroute/plugin.go:94.2,94.30 1 1
github.com/solo-io/gloo/projects/gloo/pkg/plugins/basicroute/plugin.go:98.2,99.12 2 1
github.com/solo-io/gloo/projects/gloo/pkg/plugins/basicroute/plugin.go:87.47,89.3 1 1
github.com/solo-io/gloo/projects/gloo/pkg/plugins/basicroute/plugin.go:91.9,93.3 1 0
github.com/solo-io/gloo/projects/gloo/pkg/plugins/basicroute/plugin.go:94.30,97.3 1 0
github.com/solo-io/gloo/projects/gloo/pkg/plugins/basicroute/plugin.go:102.106,103.46 1 1
github.com/solo-io/gloo/projects/gloo/pkg/plugins/basicroute/plugin.go:106.2,107.9 2 1
github.com/solo-io/gloo/projects/gloo/pkg/plugins/basicroute/plugin.go:110.2,110.30 1 1
github.com/solo-io/gloo/projects/gloo/pkg/plugins/basicroute/plugin.go:114.2,115.16 2 1
github.com/solo-io/gloo/projects/gloo/pkg/plugins/basicroute/plugin.go:118.2,119.12 2 1
github.com/solo-io/gloo/projects/gloo/pkg/plugins/basicroute/plugin.go:103.46,105.3 1 1
github.com/solo-io/gloo/projects/gloo/pkg/plugins/basicroute/plugin.go:107.9,109.3 1 0
github.com/solo-io/gloo/projects/gloo/pkg/plugins/basicroute/plugin.go:110.30,113.3 1 0
github.com/solo-io/gloo/projects/gloo/pkg/plugins/basicroute/plugin.go:115.16,117.3 1 0
github.com/solo-io/gloo/projects/gloo/pkg/plugins/basicroute/plugin.go:122.73,123.41 1 1
github.com/solo-io/gloo/projects/gloo/pkg/plugins/basicroute/plugin.go:126.2,127.9 2 1
github.com/solo-io/gloo/projects/gloo/pkg/plugins/basicroute/plugin.go:130.2,130.30 1 1
github.com/solo-io/gloo/projects/gloo/pkg/plugins/basicroute/plugin.go:135.2,136.12 2 1
github.com/solo-io/gloo/projects/gloo/pkg/plugins/basicroute/plugin.go:123.41,125.3 1 1
github.com/solo-io/gloo/projects/gloo/pkg/plugins/basicroute/plugin.go:127.9,129.3 1 0
github.com/solo-io/gloo/projects/gloo/pkg/plugins/basicroute/plugin.go:130.30,133.3 1 0
github.com/solo-io/gloo/projects/gloo/pkg/plugins/basicroute/plugin.go:139.83,140.51 1 1
github.com/solo-io/gloo/projects/gloo/pkg/plugins/basicroute/plugin.go:143.2,144.9 2 1
github.com/solo-io/gloo/projects/gloo/pkg/plugins/basicroute/plugin.go:147.2,147.30 1 1
github.com/solo-io/gloo/projects/gloo/pkg/plugins/basicroute/plugin.go:151.2,157.12 3 1
github.com/solo-io/gloo/projects/gloo/pkg/plugins/basicroute/plugin.go:140.51,142.3 1 1
github.com/solo-io/gloo/projects/gloo/pkg/plugins/basicroute/plugin.go:144.9,146.3 1 0
github.com/solo-io/gloo/projects/gloo/pkg/plugins/basicroute/plugin.go:147.30,150.3 1 0
github.com/solo-io/gloo/projects/gloo/pkg/plugins/basicroute/plugin.go:160.73,162.19 2 1
github.com/solo-io/gloo/projects/gloo/pkg/plugins/basicroute/plugin.go:165.2,166.9 2 1
github.com/solo-io/gloo/projects/gloo/pkg/plugins/basicroute/plugin.go:169.2,169.30 1 1
github.com/solo-io/gloo/projects/gloo/pkg/plugins/basicroute/plugin.go:174.2,176.16 3 1
github.com/solo-io/gloo/projects/gloo/pkg/plugins/basicroute/plugin.go:179.2,179.12 1 1
github.com/solo-io/gloo/projects/gloo/pkg/plugins/basicroute/plugin.go:162.19,164.3 1 1
github.com/solo-io/gloo/projects/gloo/pkg/plugins/basicroute/plugin.go:166.9,168.3 1 0
github.com/solo-io/gloo/projects/gloo/pkg/plugins/basicroute/plugin.go:169.30,172.3 1 0
github.com/solo-io/gloo/projects/gloo/pkg/plugins/basicroute/plugin.go:176.16,178.3 1 0
github.com/solo-io/gloo/projects/gloo/pkg/plugins/basicroute/plugin.go:182.77,184.28 2 1
github.com/solo-io/gloo/projects/gloo/pkg/plugins/basicroute/plugin.go:187.2,188.9 2 1
github.com/solo-io/gloo/projects/gloo/pkg/plugins/basicroute/plugin.go:191.2,191.30 1 1
github.com/solo-io/gloo/projects/gloo/pkg/plugins/basicroute/plugin.go:195.2,195.47 1 1
github.com/solo-io/gloo/projects/gloo/pkg/plugins/basicroute/plugin.go:208.2,208.12 1 1
github.com/solo-io/gloo/projects/gloo/pkg/plugins/basicroute/plugin.go:184.28,186.3 1 1
github.com/solo-io/gloo/projects/gloo/pkg/plugins/basicroute/plugin.go:188.9,190.3 1 0
github.com/solo-io/gloo/projects/gloo/pkg/plugins/basicroute/plugin.go:191.30,194.3 1 0
github.com/solo-io/gloo/projects/gloo/pkg/plugins/basicroute/plugin.go:196.36,199.4 1 1
github.com/solo-io/gloo/projects/gloo/pkg/plugins/basicroute/plugin.go:200.40,203.4 1 1
github.com/solo-io/gloo/projects/gloo/pkg/plugins/basicroute/plugin.go:204.10,205.75 1 0
github.com/solo-io/gloo/projects/gloo/pkg/plugins/basicroute/plugin.go:211.74,213.21 2 1
github.com/solo-io/gloo/projects/gloo/pkg/plugins/basicroute/plugin.go:217.2,218.9 2 1
github.com/solo-io/gloo/projects/gloo/pkg/plugins/basicroute/plugin.go:222.2,222.30 1 1
github.com/solo-io/gloo/projects/gloo/pkg/plugins/basicroute/plugin.go:227.2,229.34 2 1
github.com/solo-io/gloo/projects/gloo/pkg/plugins/basicroute/plugin.go:241.2,241.89 1 1
github.com/solo-io/gloo/projects/gloo/pkg/plugins/basicroute/plugin.go:213.21,215.3 1 1
github.com/solo-io/gloo/projects/gloo/pkg/plugins/basicroute/plugin.go:218.9,220.3 1 0
github.com/solo-io/gloo/projects/gloo/pkg/plugins/basicroute/plugin.go:222.30,225.3 1 0
github.com/solo-io/gloo/projects/gloo/pkg/plugins/basicroute/plugin.go:229.34,230.56 1 1
github.com/solo-io/gloo/projects/gloo/pkg/plugins/basicroute/plugin.go:231.58,235.5 1 1
github.com/solo-io/gloo/projects/gloo/pkg/plugins/basicroute/plugin.go:236.11,237.71 1 0
github.com/solo-io/gloo/projects/gloo/pkg/plugins/basicroute/plugin.go:244.90,247.16 3 1
github.com/solo-io/gloo/projects/gloo/pkg/plugins/basicroute/plugin.go:250.2,250.12 1 1
github.com/solo-io/gloo/projects/gloo/pkg/plugins/basicroute/plugin.go:247.16,249.3 1 0
github.com/solo-io/gloo/projects/gloo/pkg/plugins/basicroute/plugin.go:253.93,254.19 1 1
github.com/solo-io/gloo/projects/gloo/pkg/plugins/basicroute/plugin.go:258.2,259.21 2 1
github.com/solo-io/gloo/projects/gloo/pkg/plugins/basicroute/plugin.go:263.2,266.81 2 1
github.com/solo-io/gloo/projects/gloo/pkg/plugins/basicroute/plugin.go:319.2,323.8 1 1
github.com/solo-io/gloo/projects/gloo/pkg/plugins/basicroute/plugin.go:254.19,256.3 1 0
github.com/solo-io/gloo/projects/gloo/pkg/plugins/basicroute/plugin.go:259.21,261.3 1 0
github.com/solo-io/gloo/projects/gloo/pkg/plugins/basicroute/plugin.go:266.81,272.48 3 1
github.com/solo-io/gloo/projects/gloo/pkg/plugins/basicroute/plugin.go:282.3,282.48 1 1
github.com/solo-io/gloo/projects/gloo/pkg/plugins/basicroute/plugin.go:287.3,287.26 1 1
github.com/solo-io/gloo/projects/gloo/pkg/plugins/basicroute/plugin.go:299.3,299.25 1 1
github.com/solo-io/gloo/projects/gloo/pkg/plugins/basicroute/plugin.go:311.3,316.9 1 1
github.com/solo-io/gloo/projects/gloo/pkg/plugins/basicroute/plugin.go:272.48,273.90 1 1
github.com/solo-io/gloo/projects/gloo/pkg/plugins/basicroute/plugin.go:273.90,278.5 1 0
github.com/solo-io/gloo/projects/gloo/pkg/plugins/basicroute/plugin.go:282.48,284.4 1 0
github.com/solo-io/gloo/projects/gloo/pkg/plugins/basicroute/plugin.go:287.26,290.65 1 1
github.com/solo-io/gloo/projects/gloo/pkg/plugins/basicroute/plugin.go:290.65,293.5 1 0
github.com/solo-io/gloo/projects/gloo/pkg/plugins/basicroute/plugin.go:293.10,295.5 1 1
github.com/solo-io/gloo/projects/gloo/pkg/plugins/basicroute/plugin.go:299.25,302.64 1 1
github.com/solo-io/gloo/projects/gloo/pkg/plugins/basicroute/plugin.go:302.64,305.5 1 0
github.com/solo-io/gloo/projects/gloo/pkg/plugins/basicroute/plugin.go:305.10,307.5 1 1
github.com/solo-io/gloo/projects/gloo/pkg/plugins/staged_filters.go:45.50,46.33 1 1
github.com/solo-io/gloo/projects/gloo/pkg/plugins/staged_filters.go:51.2,51.25 1 1
github.com/solo-io/gloo/projects/gloo/pkg/plugins/staged_filters.go:56.2,56.10 1 1
github.com/solo-io/gloo/projects/gloo/pkg/plugins/staged_filters.go:46.33,48.3 1 1
github.com/solo-io/gloo/projects/gloo/pkg/plugins/staged_filters.go:48.8,48.40 1 1
github.com/solo-io/gloo/projects/gloo/pkg/plugins/staged_filters.go:48.40,50.3 1 1
github.com/solo-io/gloo/projects/gloo/pkg/plugins/staged_filters.go:51.25,53.3 1 1
github.com/solo-io/gloo/projects/gloo/pkg/plugins/staged_filters.go:53.8,53.32 1 1
github.com/solo-io/gloo/projects/gloo/pkg/plugins/staged_filters.go:53.32,55.3 1 1
github.com/solo-io/gloo/projects/gloo/pkg/plugins/staged_filters.go:59.62,61.2 1 1
github.com/solo-io/gloo/projects/gloo/pkg/plugins/staged_filters.go:62.62,64.2 1 1
github.com/solo-io/gloo/projects/gloo/pkg/plugins/staged_filters.go:65.61,67.2 1 1
github.com/solo-io/gloo/projects/gloo/pkg/plugins/staged_filters.go:68.78,73.2 1 1
github.com/solo-io/gloo/projects/gloo/pkg/plugins/staged_filters.go:82.41,84.2 1 1
github.com/solo-io/gloo/projects/gloo/pkg/plugins/staged_filters.go:89.51,90.76 1 1
github.com/solo-io/gloo/projects/gloo/pkg/plugins/staged_filters.go:94.2,94.100 1 1
github.com/solo-io/gloo/projects/gloo/pkg/plugins/staged_filters.go:98.2,98.140 1 1
github.com/solo-io/gloo/projects/gloo/pkg/plugins/staged_filters.go:102.2,102.134 1 1
github.com/solo-io/gloo/projects/gloo/pkg/plugins/staged_filters.go:107.2,107.14 1 0
github.com/solo-io/gloo/projects/gloo/pkg/plugins/staged_filters.go:90.76,92.3 1 1
github.com/solo-io/gloo/projects/gloo/pkg/plugins/staged_filters.go:94.100,96.3 1 1
github.com/solo-io/gloo/projects/gloo/pkg/plugins/staged_filters.go:98.140,100.3 1 1
github.com/solo-io/gloo/projects/gloo/pkg/plugins/staged_filters.go:102.134,104.3 1 1
github.com/solo-io/gloo/projects/gloo/pkg/plugins/staged_filters.go:110.46,112.2 1 1
github.com/solo-io/gloo/projects/gloo/pkg/plugins/staged_filters.go:121.44,123.2 1 1
github.com/solo-io/gloo/projects/gloo/pkg/plugins/staged_filters.go:126.54,127.55 1 1
github.com/solo-io/gloo/projects/gloo/pkg/plugins/staged_filters.go:133.2,133.65 1 0
github.com/solo-io/gloo/projects/gloo/pkg/plugins/staged_filters.go:136.2,136.65 1 0
github.com/solo-io/gloo/projects/gloo/pkg/plugins/staged_filters.go:139.2,139.63 1 0
github.com/solo-io/gloo/projects/gloo/pkg/plugins/staged_filters.go:142.2,142.63 1 0
github.com/solo-io/gloo/projects/gloo/pkg/plugins/staged_filters.go:146.2,146.14 1 0
github.com/solo-io/gloo/projects/gloo/pkg/plugins/staged_filters.go:128.10,129.14 1 1
github.com/solo-io/gloo/projects/gloo/pkg/plugins/staged_filters.go:130.9,131.15 1 1
github.com/solo-io/gloo/projects/gloo/pkg/plugins/staged_filters.go:133.65,135.3 1 0
github.com/solo-io/gloo/projects/gloo/pkg/plugins/staged_filters.go:136.65,138.3 1 0
github.com/solo-io/gloo/projects/gloo/pkg/plugins/staged_filters.go:139.63,141.3 1 0
github.com/solo-io/gloo/projects/gloo/pkg/plugins/staged_filters.go:142.63,144.3 1 0
github.com/solo-io/gloo/projects/gloo/pkg/plugins/staged_filters.go:149.49,151.2 1 1
github.com/solo-io/gloo/projects/gloo/pkg/plugins/staged_filters.go:155.112,157.2 1 0
github.com/solo-io/gloo/projects/gloo/pkg/plugins/staged_filters.go:164.97,167.2 2 0
github.com/solo-io/gloo/projects/gloo/pkg/plugins/staged_filters.go:172.102,181.19 2 0
github.com/solo-io/gloo/projects/gloo/pkg/plugins/staged_filters.go:185.2,186.16 2 0
github.com/solo-io/gloo/projects/gloo/pkg/plugins/staged_filters.go:192.2,196.15 2 0
github.com/solo-io/gloo/projects/gloo/pkg/plugins/staged_filters.go:181.19,183.3 1 0
github.com/solo-io/gloo/projects/gloo/pkg/plugins/staged_filters.go:186.16,190.3 1 0
github.com/solo-io/gloo/projects/gloo/pkg/plugins/staged_filters.go:201.89,202.33 1 0
github.com/solo-io/gloo/projects/gloo/pkg/plugins/staged_filters.go:208.2,208.14 1 0
github.com/solo-io/gloo/projects/gloo/pkg/plugins/staged_filters.go:202.33,203.48 1 0
github.com/solo-io/gloo/projects/gloo/pkg/plugins/staged_filters.go:203.48,205.4 1 0
github.com/solo-io/gloo/projects/gloo/pkg/api/converters/kube/api_key_secret.go:26.150,27.19 1 1
github.com/solo-io/gloo/projects/gloo/pkg/api/converters/kube/api_key_secret.go:32.2,32.37 1 1
github.com/solo-io/gloo/projects/gloo/pkg/api/converters/kube/api_key_secret.go:66.2,66.17 1 1
github.com/solo-io/gloo/projects/gloo/pkg/api/converters/kube/api_key_secret.go:27.19,30.3 2 0
github.com/solo-io/gloo/projects/gloo/pkg/api/converters/kube/api_key_secret.go:32.37,34.17 2 1
github.com/solo-io/gloo/projects/gloo/pkg/api/converters/kube/api_key_secret.go:40.3,44.27 2 1
github.com/solo-io/gloo/projects/gloo/pkg/api/converters/kube/api_key_secret.go:49.3,49.39 1 1
github.com/solo-io/gloo/projects/gloo/pkg/api/converters/kube/api_key_secret.go:56.3,63.25 2 1
github.com/solo-io/gloo/projects/gloo/pkg/api/converters/kube/api_key_secret.go:34.17,38.4 2 1
github.com/solo-io/gloo/projects/gloo/pkg/api/converters/kube/api_key_secret.go:44.27,46.4 1 1
github.com/solo-io/gloo/projects/gloo/pkg/api/converters/kube/api_key_secret.go:49.39,50.28 1 1
github.com/solo-io/gloo/projects/gloo/pkg/api/converters/kube/api_key_secret.go:53.4,53.51 1 1
github.com/solo-io/gloo/projects/gloo/pkg/api/converters/kube/api_key_secret.go:50.28,51.13 1 1
github.com/solo-io/gloo/projects/gloo/pkg/api/converters/kube/api_key_secret.go:69.149,71.9 2 1
github.com/solo-io/gloo/projects/gloo/pkg/api/converters/kube/api_key_secret.go:74.2,75.9 2 1
github.com/solo-io/gloo/projects/gloo/pkg/api/converters/kube/api_key_secret.go:79.2,84.95 2 1
github.com/solo-io/gloo/projects/gloo/pkg/api/converters/kube/api_key_secret.go:88.2,92.64 2 1
github.com/solo-io/gloo/projects/gloo/pkg/api/converters/kube/api_key_secret.go:96.2,102.24 2 1
github.com/solo-io/gloo/projects/gloo/pkg/api/converters/kube/api_key_secret.go:71.9,73.3 1 1
github.com/solo-io/gloo/projects/gloo/pkg/api/converters/kube/api_key_secret.go:75.9,77.3 1 1
github.com/solo-io/gloo/projects/gloo/pkg/api/converters/kube/api_key_secret.go:84.95,86.3 1 1
github.com/solo-io/gloo/projects/gloo/pkg/api/converters/kube/api_key_secret.go:92.64,94.3 1 1
github.com/solo-io/gloo/projects/gloo/pkg/api/converters/kube/artifact_converter.go:21.57,23.2 1 0
github.com/solo-io/gloo/projects/gloo/pkg/api/converters/kube/artifact_converter.go:27.144,28.51 1 0
github.com/solo-io/gloo/projects/gloo/pkg/api/converters/kube/artifact_converter.go:33.2,33.93 1 0
github.com/solo-io/gloo/projects/gloo/pkg/api/converters/kube/artifact_converter.go:47.2,47.48 1 0
github.com/solo-io/gloo/projects/gloo/pkg/api/converters/kube/artifact_converter.go:28.51,31.3 1 0
github.com/solo-io/gloo/projects/gloo/pkg/api/converters/kube/artifact_converter.go:33.93,45.3 1 0
github.com/solo-io/gloo/projects/gloo/pkg/api/converters/kube/artifact_converter.go:50.72,56.2 4 1
github.com/solo-io/gloo/projects/gloo/pkg/api/converters/kube/artifact_converter.go:58.141,60.2 1 0
github.com/solo-io/gloo/projects/gloo/pkg/api/converters/kube/artifact_converter.go:62.86,65.16 2 1
github.com/solo-io/gloo/projects/gloo/pkg/api/converters/kube/artifact_converter.go:68.2,69.44 2 1
github.com/solo-io/gloo/projects/gloo/pkg/api/converters/kube/artifact_converter.go:85.2,89.8 2 1
github.com/solo-io/gloo/projects/gloo/pkg/api/converters/kube/artifact_converter.go:65.16,67.3 1 0
github.com/solo-io/gloo/projects/gloo/pkg/api/converters/kube/artifact_converter.go:69.44,70.55 1 1
github.com/solo-io/gloo/projects/gloo/pkg/api/converters/kube/artifact_converter.go:70.55,71.27 1 1
github.com/solo-io/gloo/projects/gloo/pkg/api/converters/kube/artifact_converter.go:71.27,72.38 1 1
github.com/solo-io/gloo/projects/gloo/pkg/api/converters/kube/artifact_converter.go:72.38,74.6 1 1
github.com/solo-io/gloo/projects/gloo/pkg/api/converters/kube/artifact_converter.go:74.11,76.6 1 0
github.com/solo-io/gloo/projects/gloo/pkg/api/converters/kube/artifact_converter.go:78.9,80.4 1 0
github.com/solo-io/gloo/projects/gloo/pkg/api/converters/kube/artifact_converter.go:81.8,83.3 1 0
github.com/solo-io/gloo/projects/gloo/pkg/api/converters/kube/header_secret.go:24.150,25.19 1 1
github.com/solo-io/gloo/projects/gloo/pkg/api/converters/kube/header_secret.go:30.2,30.79 1 1
github.com/solo-io/gloo/projects/gloo/pkg/api/converters/kube/header_secret.go:63.2,63.17 1 1
github.com/solo-io/gloo/projects/gloo/pkg/api/converters/kube/header_secret.go:25.19,28.3 2 0
github.com/solo-io/gloo/projects/gloo/pkg/api/converters/kube/header_secret.go:30.79,31.28 1 1
github.com/solo-io/gloo/projects/gloo/pkg/api/converters/kube/header_secret.go:40.3,41.44 2 1
github.com/solo-io/gloo/projects/gloo/pkg/api/converters/kube/header_secret.go:45.3,60.23 2 1
github.com/solo-io/gloo/projects/gloo/pkg/api/converters/kube/header_secret.go:31.28,32.39 1 0
github.com/solo-io/gloo/projects/gloo/pkg/api/converters/kube/header_secret.go:37.4,37.19 1 0
github.com/solo-io/gloo/projects/gloo/pkg/api/converters/kube/header_secret.go:32.39,36.5 1 0
github.com/solo-io/gloo/projects/gloo/pkg/api/converters/kube/header_secret.go:41.44,43.4 1 1
github.com/solo-io/gloo/projects/gloo/pkg/api/converters/kube/header_secret.go:66.148,68.9 2 1
github.com/solo-io/gloo/projects/gloo/pkg/api/converters/kube/header_secret.go:71.2,72.9 2 1
github.com/solo-io/gloo/projects/gloo/pkg/api/converters/kube/header_secret.go:76.2,84.24 3 1
github.com/solo-io/gloo/projects/gloo/pkg/api/converters/kube/header_secret.go:68.9,70.3 1 1
github.com/solo-io/gloo/projects/gloo/pkg/api/converters/kube/header_secret.go:72.9,74.3 1 1
github.com/solo-io/gloo/projects/gloo/pkg/api/converters/kube/oauth_secret.go:26.150,27.19 1 1
github.com/solo-io/gloo/projects/gloo/pkg/api/converters/kube/oauth_secret.go:32.2,32.36 1 1
github.com/solo-io/gloo/projects/gloo/pkg/api/converters/kube/oauth_secret.go:53.2,53.17 1 1
github.com/solo-io/gloo/projects/gloo/pkg/api/converters/kube/oauth_secret.go:27.19,30.3 2 0
github.com/solo-io/gloo/projects/gloo/pkg/api/converters/kube/oauth_secret.go:32.36,34.23 2 1
github.com/solo-io/gloo/projects/gloo/pkg/api/converters/kube/oauth_secret.go:40.3,49.9 2 1
github.com/solo-io/gloo/projects/gloo/pkg/api/converters/kube/oauth_secret.go:34.23,38.4 2 1
github.com/solo-io/gloo/projects/gloo/pkg/api/converters/kube/oauth_secret.go:56.148,58.9 2 1
github.com/solo-io/gloo/projects/gloo/pkg/api/converters/kube/oauth_secret.go:61.2,62.9 2 1
github.com/solo-io/gloo/projects/gloo/pkg/api/converters/kube/oauth_secret.go:66.2,70.102 2 1
github.com/solo-io/gloo/projects/gloo/pkg/api/converters/kube/oauth_secret.go:77.2,83.8 1 1
github.com/solo-io/gloo/projects/gloo/pkg/api/converters/kube/oauth_secret.go:58.9,60.3 1 1
github.com/solo-io/gloo/projects/gloo/pkg/api/converters/kube/oauth_secret.go:62.9,64.3 1 1
github.com/solo-io/gloo/projects/gloo/pkg/api/converters/kube/oauth_secret.go:70.102,72.39 2 1
github.com/solo-io/gloo/projects/gloo/pkg/api/converters/kube/oauth_secret.go:72.39,74.4 1 1
github.com/solo-io/gloo/projects/gloo/pkg/api/converters/kube/opaque_secret.go:17.151,18.19 1 1
github.com/solo-io/gloo/projects/gloo/pkg/api/converters/kube/opaque_secret.go:23.2,23.44 1 1
github.com/solo-io/gloo/projects/gloo/pkg/api/converters/kube/opaque_secret.go:28.2,29.16 2 1
github.com/solo-io/gloo/projects/gloo/pkg/api/converters/kube/opaque_secret.go:35.2,35.22 1 1
github.com/solo-io/gloo/projects/gloo/pkg/api/converters/kube/opaque_secret.go:18.19,21.3 2 0
github.com/solo-io/gloo/projects/gloo/pkg/api/converters/kube/opaque_secret.go:23.44,25.3 1 1
github.com/solo-io/gloo/projects/gloo/pkg/api/converters/kube/opaque_secret.go:29.16,33.3 2 1
github.com/solo-io/gloo/projects/gloo/pkg/api/converters/kube/opaque_secret.go:38.141,41.2 1 1
github.com/solo-io/gloo/projects/gloo/pkg/api/converters/kube/secretconverter.go:34.94,36.2 1 1
github.com/solo-io/gloo/projects/gloo/pkg/api/converters/kube/secretconverter.go:38.150,39.41 1 1
github.com/solo-io/gloo/projects/gloo/pkg/api/converters/kube/secretconverter.go:49.2,49.17 1 0
github.com/solo-io/gloo/projects/gloo/pkg/api/converters/kube/secretconverter.go:39.41,41.17 2 1
github.com/solo-io/gloo/projects/gloo/pkg/api/converters/kube/secretconverter.go:44.3,44.22 1 1
github.com/solo-io/gloo/projects/gloo/pkg/api/converters/kube/secretconverter.go:41.17,43.4 1 0
github.com/solo-io/gloo/projects/gloo/pkg/api/converters/kube/secretconverter.go:44.22,46.4 1 1
github.com/solo-io/gloo/projects/gloo/pkg/api/converters/kube/secretconverter.go:52.150,53.41 1 1
github.com/solo-io/gloo/projects/gloo/pkg/api/converters/kube/secretconverter.go:63.2,63.17 1 0
github.com/solo-io/gloo/projects/gloo/pkg/api/converters/kube/secretconverter.go:53.41,55.17 2 1
github.com/solo-io/gloo/projects/gloo/pkg/api/converters/kube/secretconverter.go:58.3,58.24 1 1
github.com/solo-io/gloo/projects/gloo/pkg/api/converters/kube/secretconverter.go:55.17,57.4 1 0
github.com/solo-io/gloo/projects/gloo/pkg/api/converters/kube/secretconverter.go:58.24,60.4 1 1
github.com/solo-io/gloo/projects/gloo/pkg/api/converters/kube/secretconverter.go:70.145,71.41 1 1
github.com/solo-io/gloo/projects/gloo/pkg/api/converters/kube/secretconverter.go:85.2,85.17 1 0
github.com/solo-io/gloo/projects/gloo/pkg/api/converters/kube/secretconverter.go:71.41,83.3 2 1
github.com/solo-io/gloo/projects/gloo/pkg/api/converters/kube/secretconverter.go:88.145,89.49 1 1
github.com/solo-io/gloo/projects/gloo/pkg/api/converters/kube/secretconverter.go:112.2,112.17 1 0
github.com/solo-io/gloo/projects/gloo/pkg/api/converters/kube/secretconverter.go:89.49,90.69 1 1
github.com/solo-io/gloo/projects/gloo/pkg/api/converters/kube/secretconverter.go:90.69,92.40 2 1
github.com/solo-io/gloo/projects/gloo/pkg/api/converters/kube/secretconverter.go:95.4,104.43 2 1
github.com/solo-io/gloo/projects/gloo/pkg/api/converters/kube/secretconverter.go:108.4,108.26 1 1
github.com/solo-io/gloo/projects/gloo/pkg/api/converters/kube/secretconverter.go:92.40,94.5 1 1
github.com/solo-io/gloo/projects/gloo/pkg/api/converters/kube/secretconverter.go:104.43,106.5 1 1
github.com/solo-io/gloo/projects/gloo/pkg/api/converters/kube/secretconverter.go:128.145,132.34 4 1
github.com/solo-io/gloo/projects/gloo/pkg/api/converters/kube/secretconverter.go:156.2,156.17 1 0
github.com/solo-io/gloo/projects/gloo/pkg/api/converters/kube/secretconverter.go:132.34,149.22 2 1
github.com/solo-io/gloo/projects/gloo/pkg/api/converters/kube/secretconverter.go:153.3,153.23 1 1
github.com/solo-io/gloo/projects/gloo/pkg/api/converters/kube/secretconverter.go:149.22,151.4 1 1
github.com/solo-io/gloo/projects/gloo/pkg/api/converters/kube/secretconverter.go:159.145,161.9 2 1
github.com/solo-io/gloo/projects/gloo/pkg/api/converters/kube/secretconverter.go:164.2,165.9 2 1
github.com/solo-io/gloo/projects/gloo/pkg/api/converters/kube/secretconverter.go:168.2,169.38 2 1
github.com/solo-io/gloo/projects/gloo/pkg/api/converters/kube/secretconverter.go:172.2,173.16 2 1
github.com/solo-io/gloo/projects/gloo/pkg/api/converters/kube/secretconverter.go:176.2,177.16 2 1
github.com/solo-io/gloo/projects/gloo/pkg/api/converters/kube/secretconverter.go:181.2,190.77 2 1
github.com/solo-io/gloo/projects/gloo/pkg/api/converters/kube/secretconverter.go:193.2,193.24 1 1
github.com/solo-io/gloo/projects/gloo/pkg/api/converters/kube/secretconverter.go:161.9,163.3 1 0
github.com/solo-io/gloo/projects/gloo/pkg/api/converters/kube/secretconverter.go:165.9,167.3 1 0
github.com/solo-io/gloo/projects/gloo/pkg/api/converters/kube/secretconverter.go:169.38,171.3 1 1
github.com/solo-io/gloo/projects/gloo/pkg/api/converters/kube/secretconverter.go:173.16,175.3 1 0
github.com/solo-io/gloo/projects/gloo/pkg/api/converters/kube/secretconverter.go:177.16,179.3 1 0
github.com/solo-io/gloo/projects/gloo/pkg/api/converters/kube/secretconverter.go:190.77,192.3 1 1
github.com/solo-io/gloo/projects/gloo/pkg/api/converters/kube/account_credentials_secret.go:23.160,24.49 1 1
github.com/solo-io/gloo/projects/gloo/pkg/api/converters/kube/account_credentials_secret.go:52.2,52.17 1 1
github.com/solo-io/gloo/projects/gloo/pkg/api/converters/kube/account_credentials_secret.go:24.49,26.10 2 1
github.com/solo-io/gloo/projects/gloo/pkg/api/converters/kube/account_credentials_secret.go:29.3,30.10 2 1
github.com/solo-io/gloo/projects/gloo/pkg/api/converters/kube/account_credentials_secret.go:33.3,49.23 2 1
github.com/solo-io/gloo/projects/gloo/pkg/api/converters/kube/account_credentials_secret.go:26.10,28.4 1 1
github.com/solo-io/gloo/projects/gloo/pkg/api/converters/kube/account_credentials_secret.go:30.10,32.4 1 0
github.com/solo-io/gloo/projects/gloo/pkg/api/converters/kube/account_credentials_secret.go:54.160,56.9 2 1
github.com/solo-io/gloo/projects/gloo/pkg/api/converters/kube/account_credentials_secret.go:59.2,60.9 2 1
github.com/solo-io/gloo/projects/gloo/pkg/api/converters/kube/account_credentials_secret.go:64.2,74.24 6 1
github.com/solo-io/gloo/projects/gloo/pkg/api/converters/kube/account_credentials_secret.go:56.9,58.3 1 1
github.com/solo-io/gloo/projects/gloo/pkg/api/converters/kube/account_credentials_secret.go:60.9,62.3 1 1
github.com/solo-io/gloo/projects/gloo/pkg/plugins/cors/plugin.go:46.26,48.2 1 1
github.com/solo-io/gloo/projects/gloo/pkg/plugins/cors/plugin.go:50.32,52.2 1 0
github.com/solo-io/gloo/projects/gloo/pkg/plugins/cors/plugin.go:54.50,57.2 2 1
github.com/solo-io/gloo/projects/gloo/pkg/plugins/cors/plugin.go:63.9,65.23 2 1
github.com/solo-io/gloo/projects/gloo/pkg/plugins/cors/plugin.go:68.2,68.37 1 1
github.com/solo-io/gloo/projects/gloo/pkg/plugins/cors/plugin.go:74.2,76.79 3 1
github.com/solo-io/gloo/projects/gloo/pkg/plugins/cors/plugin.go:65.23,67.3 1 1
github.com/solo-io/gloo/projects/gloo/pkg/plugins/cors/plugin.go:68.37,73.3 1 1
github.com/solo-io/gloo/projects/gloo/pkg/plugins/cors/plugin.go:79.113,81.23 2 1
github.com/solo-io/gloo/projects/gloo/pkg/plugins/cors/plugin.go:85.2,85.53 1 1
github.com/solo-io/gloo/projects/gloo/pkg/plugins/cors/plugin.go:90.2,91.18 2 1
github.com/solo-io/gloo/projects/gloo/pkg/plugins/cors/plugin.go:98.2,100.112 3 1
github.com/solo-io/gloo/projects/gloo/pkg/plugins/cors/plugin.go:103.2,104.12 2 1
github.com/solo-io/gloo/projects/gloo/pkg/plugins/cors/plugin.go:81.23,83.3 1 1
github.com/solo-io/gloo/projects/gloo/pkg/plugins/cors/plugin.go:85.53,87.3 1 0
github.com/solo-io/gloo/projects/gloo/pkg/plugins/cors/plugin.go:91.18,96.3 2 0
github.com/solo-io/gloo/projects/gloo/pkg/plugins/cors/plugin.go:100.112,102.3 1 1
github.com/solo-io/gloo/projects/gloo/pkg/plugins/cors/plugin.go:111.9,112.73 1 1
github.com/solo-io/gloo/projects/gloo/pkg/plugins/cors/plugin.go:115.2,115.41 1 1
github.com/solo-io/gloo/projects/gloo/pkg/plugins/cors/plugin.go:120.2,120.46 1 1
github.com/solo-io/gloo/projects/gloo/pkg/plugins/cors/plugin.go:125.2,129.30 5 1
github.com/solo-io/gloo/projects/gloo/pkg/plugins/cors/plugin.go:132.2,132.12 1 1
github.com/solo-io/gloo/projects/gloo/pkg/plugins/cors/plugin.go:112.73,114.3 1 1
github.com/solo-io/gloo/projects/gloo/pkg/plugins/cors/plugin.go:115.41,119.3 1 1
github.com/solo-io/gloo/projects/gloo/pkg/plugins/cors/plugin.go:120.46,124.3 1 1
github.com/solo-io/gloo/projects/gloo/pkg/plugins/cors/plugin.go:129.30,131.3 1 1
github.com/solo-io/gloo/projects/gloo/pkg/plugins/cors/plugin.go:138.111,139.29 1 1
github.com/solo-io/gloo/projects/gloo/pkg/plugins/cors/plugin.go:139.29,149.3 1 1
github.com/solo-io/gloo/projects/gloo/pkg/plugins/cors/plugin.go:152.116,154.27 2 0
github.com/solo-io/gloo/projects/gloo/pkg/plugins/cors/plugin.go:158.2,158.128 1 0
github.com/solo-io/gloo/projects/gloo/pkg/plugins/cors/plugin.go:154.27,156.3 1 0
github.com/solo-io/gloo/projects/gloo/pkg/api/compress/compress.go:30.36,34.2 3 1
github.com/solo-io/gloo/projects/gloo/pkg/api/compress/compress.go:36.49,38.24 2 1
github.com/solo-io/gloo/projects/gloo/pkg/api/compress/compress.go:42.2,42.54 1 1
github.com/solo-io/gloo/projects/gloo/pkg/api/compress/compress.go:38.24,40.3 1 1
github.com/solo-io/gloo/projects/gloo/pkg/api/compress/compress.go:44.69,46.29 2 1
github.com/solo-io/gloo/projects/gloo/pkg/api/compress/compress.go:49.2,50.24 2 1
github.com/solo-io/gloo/projects/gloo/pkg/api/compress/compress.go:53.2,55.26 3 1
github.com/solo-io/gloo/projects/gloo/pkg/api/compress/compress.go:46.29,48.3 1 1
github.com/solo-io/gloo/projects/gloo/pkg/api/compress/compress.go:50.24,52.3 1 1
github.com/solo-io/gloo/projects/gloo/pkg/api/compress/compress.go:57.49,59.2 1 1
github.com/solo-io/gloo/projects/gloo/pkg/api/compress/compress.go:60.57,62.24 2 1
github.com/solo-io/gloo/projects/gloo/pkg/api/compress/compress.go:65.2,65.48 1 1
github.com/solo-io/gloo/projects/gloo/pkg/api/compress/compress.go:70.2,70.11 1 1
github.com/solo-io/gloo/projects/gloo/pkg/api/compress/compress.go:62.24,64.3 1 1
github.com/solo-io/gloo/projects/gloo/pkg/api/compress/compress.go:65.48,69.3 2 1
github.com/solo-io/gloo/projects/gloo/pkg/api/compress/compress.go:72.79,73.66 1 1
github.com/solo-io/gloo/projects/gloo/pkg/api/compress/compress.go:76.2,77.12 2 1
github.com/solo-io/gloo/projects/gloo/pkg/api/compress/compress.go:73.66,75.3 1 1
github.com/solo-io/gloo/projects/gloo/pkg/api/compress/compress.go:79.47,82.16 2 1
github.com/solo-io/gloo/projects/gloo/pkg/api/compress/compress.go:85.2,92.21 7 1
github.com/solo-io/gloo/projects/gloo/pkg/api/compress/compress.go:82.16,84.3 1 0
github.com/solo-io/gloo/projects/gloo/pkg/api/compress/compress.go:95.49,98.9 2 1
github.com/solo-io/gloo/projects/gloo/pkg/api/compress/compress.go:105.2,107.35 3 1
github.com/solo-io/gloo/projects/gloo/pkg/api/compress/compress.go:121.2,123.16 3 1
github.com/solo-io/gloo/projects/gloo/pkg/api/compress/compress.go:126.2,128.16 3 1
github.com/solo-io/gloo/projects/gloo/pkg/api/compress/compress.go:132.2,133.16 2 1
github.com/solo-io/gloo/projects/gloo/pkg/api/compress/compress.go:136.2,136.18 1 1
github.com/solo-io/gloo/projects/gloo/pkg/api/compress/compress.go:98.9,100.10 2 0
github.com/solo-io/gloo/projects/gloo/pkg/api/compress/compress.go:100.10,102.4 1 0
github.com/solo-io/gloo/projects/gloo/pkg/api/compress/compress.go:108.14,109.24 1 1
github.com/solo-io/gloo/projects/gloo/pkg/api/compress/compress.go:110.14,112.17 2 0
github.com/solo-io/gloo/projects/gloo/pkg/api/compress/compress.go:115.3,115.31 1 0
github.com/solo-io/gloo/projects/gloo/pkg/api/compress/compress.go:117.10,118.61 1 0
github.com/solo-io/gloo/projects/gloo/pkg/api/compress/compress.go:112.17,114.4 1 0
github.com/solo-io/gloo/projects/gloo/pkg/api/compress/compress.go:123.16,125.3 1 0
github.com/solo-io/gloo/projects/gloo/pkg/api/compress/compress.go:128.16,130.3 1 0
github.com/solo-io/gloo/projects/gloo/pkg/api/compress/compress.go:133.16,135.3 1 0
github.com/solo-io/gloo/projects/gloo/pkg/api/compress/compress.go:139.63,140.24 1 1
github.com/solo-io/gloo/projects/gloo/pkg/api/compress/compress.go:149.2,149.71 1 1
github.com/solo-io/gloo/projects/gloo/pkg/api/compress/compress.go:153.2,153.12 1 1
github.com/solo-io/gloo/projects/gloo/pkg/api/compress/compress.go:140.24,143.17 3 1
github.com/solo-io/gloo/projects/gloo/pkg/api/compress/compress.go:147.3,147.26 1 1
github.com/solo-io/gloo/projects/gloo/pkg/api/compress/compress.go:143.17,145.4 1 0
github.com/solo-io/gloo/projects/gloo/pkg/api/compress/compress.go:149.71,151.3 1 0
github.com/solo-io/gloo/projects/gloo/pkg/api/compress/compress.go:156.58,159.16 2 1
github.com/solo-io/gloo/projects/gloo/pkg/api/compress/compress.go:163.2,168.24 5 1
github.com/solo-io/gloo/projects/gloo/pkg/api/compress/compress.go:174.2,174.18 1 1
github.com/solo-io/gloo/projects/gloo/pkg/api/compress/compress.go:159.16,161.3 1 0
github.com/solo-io/gloo/projects/gloo/pkg/api/compress/compress.go:168.24,170.17 2 1
github.com/solo-io/gloo/projects/gloo/pkg/api/compress/compress.go:170.17,172.4 1 0
github.com/solo-io/gloo/projects/gloo/pkg/api/compress/compress.go:177.109,179.2 1 1
github.com/solo-io/gloo/projects/gloo/pkg/api/compress/compress.go:181.67,183.31 2 1
github.com/solo-io/gloo/projects/gloo/pkg/api/compress/compress.go:186.2,187.23 2 1
github.com/solo-io/gloo/projects/gloo/pkg/api/compress/compress.go:190.2,191.16 2 1
github.com/solo-io/gloo/projects/gloo/pkg/api/compress/compress.go:194.2,194.33 1 1
github.com/solo-io/gloo/projects/gloo/pkg/api/compress/compress.go:183.31,185.3 1 0
github.com/solo-io/gloo/projects/gloo/pkg/api/compress/compress.go:187.23,189.3 1 1
github.com/solo-io/gloo/projects/gloo/pkg/api/compress/compress.go:191.16,193.3 1 0
github.com/solo-io/gloo/projects/gloo/pkg/api/compress/compress.go:199.107,201.59 2 1
github.com/solo-io/gloo/projects/gloo/pkg/api/compress/compress.go:207.2,208.27 2 1
github.com/solo-io/gloo/projects/gloo/pkg/api/compress/compress.go:201.59,202.49 1 1
github.com/solo-io/gloo/projects/gloo/pkg/api/compress/compress.go:202.49,205.4 2 1
github.com/solo-io/gloo/projects/gloo/pkg/plugins/buffer/plugin.go:31.26,33.2 1 1
github.com/solo-io/gloo/projects/gloo/pkg/plugins/buffer/plugin.go:35.32,37.2 1 0
github.com/solo-io/gloo/projects/gloo/pkg/plugins/buffer/plugin.go:39.46,40.2 0 0
github.com/solo-io/gloo/projects/gloo/pkg/plugins/buffer/plugin.go:42.111,45.25 2 1
github.com/solo-io/gloo/projects/gloo/pkg/plugins/buffer/plugin.go:49.2,50.16 2 1
github.com/solo-io/gloo/projects/gloo/pkg/plugins/buffer/plugin.go:54.2,54.54 1 1
github.com/solo-io/gloo/projects/gloo/pkg/plugins/buffer/plugin.go:45.25,47.3 1 0
github.com/solo-io/gloo/projects/gloo/pkg/plugins/buffer/plugin.go:50.16,52.3 1 0
github.com/solo-io/gloo/projects/gloo/pkg/plugins/buffer/plugin.go:57.80,58.16 1 1
github.com/solo-io/gloo/projects/gloo/pkg/plugins/buffer/plugin.go:62.2,64.3 1 1
github.com/solo-io/gloo/projects/gloo/pkg/plugins/buffer/plugin.go:58.16,60.3 1 0
github.com/solo-io/gloo/projects/gloo/pkg/plugins/buffer/plugin.go:67.113,69.24 2 1
github.com/solo-io/gloo/projects/gloo/pkg/plugins/buffer/plugin.go:73.2,73.31 1 1
github.com/solo-io/gloo/projects/gloo/pkg/plugins/buffer/plugin.go:77.2,77.36 1 1
github.com/solo-io/gloo/projects/gloo/pkg/plugins/buffer/plugin.go:85.2,85.12 1 0
github.com/solo-io/gloo/projects/gloo/pkg/plugins/buffer/plugin.go:69.24,71.3 1 0
github.com/solo-io/gloo/projects/gloo/pkg/plugins/buffer/plugin.go:73.31,75.3 1 1
github.com/solo-io/gloo/projects/gloo/pkg/plugins/buffer/plugin.go:77.36,79.17 2 1
github.com/solo-io/gloo/projects/gloo/pkg/plugins/buffer/plugin.go:82.3,82.76 1 1
github.com/solo-io/gloo/projects/gloo/pkg/plugins/buffer/plugin.go:79.17,81.4 1 0
github.com/solo-io/gloo/projects/gloo/pkg/plugins/buffer/plugin.go:92.9,94.24 2 1
github.com/solo-io/gloo/projects/gloo/pkg/plugins/buffer/plugin.go:98.2,98.31 1 1
github.com/solo-io/gloo/projects/gloo/pkg/plugins/buffer/plugin.go:102.2,102.36 1 1
github.com/solo-io/gloo/projects/gloo/pkg/plugins/buffer/plugin.go:110.2,110.12 1 0
github.com/solo-io/gloo/projects/gloo/pkg/plugins/buffer/plugin.go:94.24,96.3 1 0
github.com/solo-io/gloo/projects/gloo/pkg/plugins/buffer/plugin.go:98.31,100.3 1 1
github.com/solo-io/gloo/projects/gloo/pkg/plugins/buffer/plugin.go:102.36,104.17 2 1
github.com/solo-io/gloo/projects/gloo/pkg/plugins/buffer/plugin.go:107.3,107.76 1 1
github.com/solo-io/gloo/projects/gloo/pkg/plugins/buffer/plugin.go:104.17,106.4 1 0
github.com/solo-io/gloo/projects/gloo/pkg/plugins/buffer/plugin.go:117.9,119.24 2 1
github.com/solo-io/gloo/projects/gloo/pkg/plugins/buffer/plugin.go:123.2,123.31 1 1
github.com/solo-io/gloo/projects/gloo/pkg/plugins/buffer/plugin.go:127.2,127.36 1 1
github.com/solo-io/gloo/projects/gloo/pkg/plugins/buffer/plugin.go:135.2,135.12 1 0
github.com/solo-io/gloo/projects/gloo/pkg/plugins/buffer/plugin.go:119.24,121.3 1 0
github.com/solo-io/gloo/projects/gloo/pkg/plugins/buffer/plugin.go:123.31,125.3 1 1
github.com/solo-io/gloo/projects/gloo/pkg/plugins/buffer/plugin.go:127.36,129.17 2 1
github.com/solo-io/gloo/projects/gloo/pkg/plugins/buffer/plugin.go:132.3,132.86 1 1
github.com/solo-io/gloo/projects/gloo/pkg/plugins/buffer/plugin.go:129.17,131.4 1 0
github.com/solo-io/gloo/projects/gloo/pkg/plugins/buffer/plugin.go:138.54,144.2 1 1
github.com/solo-io/gloo/projects/gloo/pkg/plugins/buffer/plugin.go:146.95,155.2 2 1
github.com/solo-io/gloo/projects/gloo/pkg/plugins/enterprise_warning/plugin.go:48.26,50.2 1 1
github.com/solo-io/gloo/projects/gloo/pkg/plugins/enterprise_warning/plugin.go:52.32,54.2 1 0
github.com/solo-io/gloo/projects/gloo/pkg/plugins/enterprise_warning/plugin.go:56.46,57.2 0 0
github.com/solo-io/gloo/projects/gloo/pkg/plugins/enterprise_warning/plugin.go:59.73,60.30 1 1
github.com/solo-io/gloo/projects/gloo/pkg/plugins/enterprise_warning/plugin.go:63.2,63.112 1 1
github.com/solo-io/gloo/projects/gloo/pkg/plugins/enterprise_warning/plugin.go:60.30,62.3 1 1
github.com/solo-io/gloo/projects/gloo/pkg/plugins/enterprise_warning/plugin.go:70.9,73.38 2 1
github.com/solo-io/gloo/projects/gloo/pkg/plugins/enterprise_warning/plugin.go:77.2,77.39 1 1
github.com/solo-io/gloo/projects/gloo/pkg/plugins/enterprise_warning/plugin.go:81.2,81.38 1 1
github.com/solo-io/gloo/projects/gloo/pkg/plugins/enterprise_warning/plugin.go:85.2,85.66 1 1
github.com/solo-io/gloo/projects/gloo/pkg/plugins/enterprise_warning/plugin.go:73.38,75.3 1 1
github.com/solo-io/gloo/projects/gloo/pkg/plugins/enterprise_warning/plugin.go:77.39,79.3 1 1
github.com/solo-io/gloo/projects/gloo/pkg/plugins/enterprise_warning/plugin.go:81.38,83.3 1 1
github.com/solo-io/gloo/projects/gloo/pkg/plugins/enterprise_warning/plugin.go:88.106,91.32 2 1
github.com/solo-io/gloo/projects/gloo/pkg/plugins/enterprise_warning/plugin.go:95.2,95.33 1 1
github.com/solo-io/gloo/projects/gloo/pkg/plugins/enterprise_warning/plugin.go:99.2,99.32 1 1
github.com/solo-io/gloo/projects/gloo/pkg/plugins/enterprise_warning/plugin.go:103.2,103.42 1 1
github.com/solo-io/gloo/projects/gloo/pkg/plugins/enterprise_warning/plugin.go:107.2,107.66 1 1
github.com/solo-io/gloo/projects/gloo/pkg/plugins/enterprise_warning/plugin.go:91.32,93.3 1 1
github.com/solo-io/gloo/projects/gloo/pkg/plugins/enterprise_warning/plugin.go:95.33,97.3 1 1
github.com/solo-io/gloo/projects/gloo/pkg/plugins/enterprise_warning/plugin.go:99.32,101.3 1 1
github.com/solo-io/gloo/projects/gloo/pkg/plugins/enterprise_warning/plugin.go:103.42,105.3 1 1
github.com/solo-io/gloo/projects/gloo/pkg/plugins/enterprise_warning/plugin.go:110.111,113.44 2 1
github.com/solo-io/gloo/projects/gloo/pkg/plugins/enterprise_warning/plugin.go:117.2,117.40 1 1
github.com/solo-io/gloo/projects/gloo/pkg/plugins/enterprise_warning/plugin.go:121.2,121.66 1 1
github.com/solo-io/gloo/projects/gloo/pkg/plugins/enterprise_warning/plugin.go:113.44,115.3 1 1
github.com/solo-io/gloo/projects/gloo/pkg/plugins/enterprise_warning/plugin.go:117.40,119.3 1 1
github.com/solo-io/gloo/projects/gloo/pkg/plugins/enterprise_warning/plugin.go:124.111,127.45 2 1
github.com/solo-io/gloo/projects/gloo/pkg/plugins/enterprise_warning/plugin.go:131.2,131.41 1 1
github.com/solo-io/gloo/projects/gloo/pkg/plugins/enterprise_warning/plugin.go:135.2,135.56 1 1
github.com/solo-io/gloo/projects/gloo/pkg/plugins/enterprise_warning/plugin.go:139.2,139.50 1 1
github.com/solo-io/gloo/projects/gloo/pkg/plugins/enterprise_warning/plugin.go:143.2,143.59 1 1
github.com/solo-io/gloo/projects/gloo/pkg/plugins/enterprise_warning/plugin.go:147.2,147.41 1 1
github.com/solo-io/gloo/projects/gloo/pkg/plugins/enterprise_warning/plugin.go:151.2,151.42 1 1
github.com/solo-io/gloo/projects/gloo/pkg/plugins/enterprise_warning/plugin.go:155.2,155.71 1 1
github.com/solo-io/gloo/projects/gloo/pkg/plugins/enterprise_warning/plugin.go:127.45,129.3 1 0
github.com/solo-io/gloo/projects/gloo/pkg/plugins/enterprise_warning/plugin.go:131.41,133.3 1 1
github.com/solo-io/gloo/projects/gloo/pkg/plugins/enterprise_warning/plugin.go:135.56,137.3 1 1
github.com/solo-io/gloo/projects/gloo/pkg/plugins/enterprise_warning/plugin.go:139.50,141.3 1 1
github.com/solo-io/gloo/projects/gloo/pkg/plugins/enterprise_warning/plugin.go:143.59,145.3 1 1
github.com/solo-io/gloo/projects/gloo/pkg/plugins/enterprise_warning/plugin.go:147.41,149.3 1 1
github.com/solo-io/gloo/projects/gloo/pkg/plugins/enterprise_warning/plugin.go:151.42,153.3 1 1
github.com/solo-io/gloo/projects/gloo/pkg/plugins/enterprise_warning/plugin.go:161.63,162.49 1 1
github.com/solo-io/gloo/projects/gloo/pkg/plugins/enterprise_warning/plugin.go:171.2,171.42 1 1
github.com/solo-io/gloo/projects/gloo/pkg/plugins/enterprise_warning/plugin.go:177.2,177.14 1 1
github.com/solo-io/gloo/projects/gloo/pkg/plugins/enterprise_warning/plugin.go:162.49,163.50 1 1
github.com/solo-io/gloo/projects/gloo/pkg/plugins/enterprise_warning/plugin.go:166.3,166.52 1 1
github.com/solo-io/gloo/projects/gloo/pkg/plugins/enterprise_warning/plugin.go:163.50,165.4 1 1
github.com/solo-io/gloo/projects/gloo/pkg/plugins/enterprise_warning/plugin.go:166.52,168.4 1 1
github.com/solo-io/gloo/projects/gloo/pkg/plugins/enterprise_warning/plugin.go:171.42,172.61 1 1
github.com/solo-io/gloo/projects/gloo/pkg/plugins/enterprise_warning/plugin.go:172.61,174.4 1 1
github.com/solo-io/gloo/projects/gloo/pkg/plugins/enterprise_warning/plugin.go:183.62,185.2 1 1
github.com/solo-io/gloo/projects/gloo/pkg/plugins/enterprise_warning/plugin.go:190.58,192.2 1 1
github.com/solo-io/gloo/projects/gloo/pkg/plugins/enterprise_warning/plugin.go:197.59,199.2 1 1
github.com/solo-io/gloo/projects/gloo/pkg/plugins/enterprise_warning/plugin.go:204.60,206.2 1 1
github.com/solo-io/gloo/projects/gloo/pkg/plugins/enterprise_warning/plugin.go:208.48,210.2 1 1
github.com/solo-io/gloo/projects/gloo/pkg/plugins/enterprise_warning/plugin.go:215.73,217.2 1 1
github.com/solo-io/gloo/projects/gloo/pkg/plugins/enterprise_warning/plugin.go:222.67,224.2 1 1
github.com/solo-io/gloo/projects/gloo/pkg/plugins/enterprise_warning/plugin.go:229.61,231.2 1 1
github.com/solo-io/gloo/projects/gloo/pkg/plugins/enterprise_warning/plugin.go:233.49,235.2 1 1
github.com/solo-io/gloo/projects/gloo/pkg/plugins/enterprise_warning/plugin.go:240.76,242.2 1 1
github.com/solo-io/gloo/projects/gloo/pkg/plugins/enterprise_warning/plugin.go:247.60,249.2 1 1
github.com/solo-io/gloo/projects/gloo/pkg/plugins/enterprise_warning/plugin.go:251.48,253.2 1 1
github.com/solo-io/gloo/projects/gloo/pkg/plugins/enterprise_warning/plugin.go:255.58,257.2 1 1
github.com/solo-io/gloo/projects/gloo/pkg/plugins/enterprise_warning/plugin.go:262.59,264.2 1 1
github.com/solo-io/gloo/projects/gloo/pkg/plugins/enterprise_warning/plugin.go:269.58,272.122 2 1
github.com/solo-io/gloo/projects/gloo/pkg/plugins/enterprise_warning/plugin.go:276.2,276.87 1 1
github.com/solo-io/gloo/projects/gloo/pkg/plugins/enterprise_warning/plugin.go:282.2,282.57 1 1
github.com/solo-io/gloo/projects/gloo/pkg/plugins/enterprise_warning/plugin.go:289.2,289.14 1 1
github.com/solo-io/gloo/projects/gloo/pkg/plugins/enterprise_warning/plugin.go:272.122,274.3 1 1
github.com/solo-io/gloo/projects/gloo/pkg/plugins/enterprise_warning/plugin.go:276.87,277.132 1 1
github.com/solo-io/gloo/projects/gloo/pkg/plugins/enterprise_warning/plugin.go:277.132,279.4 1 1
github.com/solo-io/gloo/projects/gloo/pkg/plugins/enterprise_warning/plugin.go:282.57,283.49 1 1
github.com/solo-io/gloo/projects/gloo/pkg/plugins/enterprise_warning/plugin.go:283.49,286.4 1 1
github.com/solo-io/gloo/projects/gloo/pkg/plugins/als/plugin.go:32.26,34.2 1 1
github.com/solo-io/gloo/projects/gloo/pkg/plugins/als/plugin.go:36.32,38.2 1 0
github.com/solo-io/gloo/projects/gloo/pkg/plugins/als/plugin.go:40.51,41.2 0 0
github.com/solo-io/gloo/projects/gloo/pkg/plugins/als/plugin.go:43.158,44.16 1 1
github.com/solo-io/gloo/projects/gloo/pkg/plugins/als/plugin.go:48.2,49.24 2 1
github.com/solo-io/gloo/projects/gloo/pkg/plugins/als/plugin.go:53.2,55.12 3 1
github.com/solo-io/gloo/projects/gloo/pkg/plugins/als/plugin.go:44.16,46.3 1 0
github.com/solo-io/gloo/projects/gloo/pkg/plugins/als/plugin.go:49.24,51.3 1 1
github.com/solo-io/gloo/projects/gloo/pkg/plugins/als/plugin.go:63.124,65.44 2 1
github.com/solo-io/gloo/projects/gloo/pkg/plugins/als/plugin.go:89.2,90.20 2 1
github.com/solo-io/gloo/projects/gloo/pkg/plugins/als/plugin.go:65.44,66.54 1 1
github.com/solo-io/gloo/projects/gloo/pkg/plugins/als/plugin.go:67.32,69.58 2 1
github.com/solo-io/gloo/projects/gloo/pkg/plugins/als/plugin.go:72.4,73.18 2 1
github.com/solo-io/gloo/projects/gloo/pkg/plugins/als/plugin.go:76.4,76.41 1 1
github.com/solo-io/gloo/projects/gloo/pkg/plugins/als/plugin.go:77.35,79.58 2 1
github.com/solo-io/gloo/projects/gloo/pkg/plugins/als/plugin.go:82.4,83.18 2 1
github.com/solo-io/gloo/projects/gloo/pkg/plugins/als/plugin.go:86.4,86.41 1 1
github.com/solo-io/gloo/projects/gloo/pkg/plugins/als/plugin.go:69.58,71.5 1 0
github.com/solo-io/gloo/projects/gloo/pkg/plugins/als/plugin.go:73.18,75.5 1 0
github.com/solo-io/gloo/projects/gloo/pkg/plugins/als/plugin.go:79.58,81.5 1 0
github.com/solo-io/gloo/projects/gloo/pkg/plugins/als/plugin.go:83.18,85.5 1 0
github.com/solo-io/gloo/projects/gloo/pkg/plugins/als/plugin.go:93.109,94.36 1 1
github.com/solo-io/gloo/projects/gloo/pkg/plugins/als/plugin.go:98.2,113.23 6 1
github.com/solo-io/gloo/projects/gloo/pkg/plugins/als/plugin.go:94.36,96.3 1 0
github.com/solo-io/gloo/projects/gloo/pkg/plugins/als/plugin.go:116.98,121.16 4 1
github.com/solo-io/gloo/projects/gloo/pkg/plugins/als/plugin.go:124.2,131.71 2 1
github.com/solo-io/gloo/projects/gloo/pkg/plugins/als/plugin.go:153.2,153.23 1 1
github.com/solo-io/gloo/projects/gloo/pkg/plugins/als/plugin.go:121.16,123.3 1 0
github.com/solo-io/gloo/projects/gloo/pkg/plugins/als/plugin.go:132.34,133.38 1 1
github.com/solo-io/gloo/projects/gloo/pkg/plugins/als/plugin.go:143.32,151.4 1 1
github.com/solo-io/gloo/projects/gloo/pkg/plugins/als/plugin.go:133.38,142.4 1 1
github.com/solo-io/gloo/projects/gloo/pkg/plugins/grpcjson/plugin.go:26.26,28.2 1 1
github.com/solo-io/gloo/projects/gloo/pkg/plugins/grpcjson/plugin.go:30.32,32.2 1 0
github.com/solo-io/gloo/projects/gloo/pkg/plugins/grpcjson/plugin.go:34.46,35.2 0 1
github.com/solo-io/gloo/projects/gloo/pkg/plugins/grpcjson/plugin.go:37.116,39.25 2 1
github.com/solo-io/gloo/projects/gloo/pkg/plugins/grpcjson/plugin.go:43.2,44.16 2 1
github.com/solo-io/gloo/projects/gloo/pkg/plugins/grpcjson/plugin.go:48.2,49.16 2 1
github.com/solo-io/gloo/projects/gloo/pkg/plugins/grpcjson/plugin.go:53.2,53.56 1 1
github.com/solo-io/gloo/projects/gloo/pkg/plugins/grpcjson/plugin.go:39.25,41.3 1 0
github.com/solo-io/gloo/projects/gloo/pkg/plugins/grpcjson/plugin.go:44.16,46.3 1 0
github.com/solo-io/gloo/projects/gloo/pkg/plugins/grpcjson/plugin.go:49.16,51.3 1 0
github.com/solo-io/gloo/projects/gloo/pkg/plugins/grpcjson/plugin.go:56.162,69.70 2 1
github.com/solo-io/gloo/projects/gloo/pkg/plugins/grpcjson/plugin.go:76.2,76.31 1 1
github.com/solo-io/gloo/projects/gloo/pkg/plugins/grpcjson/plugin.go:70.53,71.179 1 1
github.com/solo-io/gloo/projects/gloo/pkg/plugins/grpcjson/plugin.go:72.56,73.188 1 0
github.com/solo-io/gloo/projects/gloo/pkg/plugins/grpcjson/plugin.go:79.178,80.20 1 1
github.com/solo-io/gloo/projects/gloo/pkg/plugins/grpcjson/plugin.go:83.2,88.3 1 0
github.com/solo-io/gloo/projects/gloo/pkg/plugins/grpcjson/plugin.go:80.20,82.3 1 1
github.com/solo-io/gloo/projects/gloo/pkg/plugins/grpcweb/plugin.go:27.26,29.2 1 1
github.com/solo-io/gloo/projects/gloo/pkg/plugins/grpcweb/plugin.go:31.32,33.2 1 0
github.com/solo-io/gloo/projects/gloo/pkg/plugins/grpcweb/plugin.go:35.50,37.26 2 1
github.com/solo-io/gloo/projects/gloo/pkg/plugins/grpcweb/plugin.go:37.26,39.3 1 1
github.com/solo-io/gloo/projects/gloo/pkg/plugins/grpcweb/plugin.go:39.8,43.3 1 1
github.com/solo-io/gloo/projects/gloo/pkg/plugins/grpcweb/plugin.go:46.65,49.20 2 1
github.com/solo-io/gloo/projects/gloo/pkg/plugins/grpcweb/plugin.go:53.2,53.29 1 1
github.com/solo-io/gloo/projects/gloo/pkg/plugins/grpcweb/plugin.go:49.20,52.3 1 1
github.com/solo-io/gloo/projects/gloo/pkg/plugins/grpcweb/plugin.go:58.116,59.28 1 1
github.com/solo-io/gloo/projects/gloo/pkg/plugins/grpcweb/plugin.go:63.2,63.126 1 1
github.com/solo-io/gloo/projects/gloo/pkg/plugins/grpcweb/plugin.go:59.28,61.3 1 1
github.com/solo-io/gloo/projects/gloo/pkg/plugins/gzip/plugin.go:36.26,38.2 1 1
github.com/solo-io/gloo/projects/gloo/pkg/plugins/gzip/plugin.go:40.32,42.2 1 0
github.com/solo-io/gloo/projects/gloo/pkg/plugins/gzip/plugin.go:44.46,45.2 0 0
github.com/solo-io/gloo/projects/gloo/pkg/plugins/gzip/plugin.go:47.111,50.23 2 1
github.com/solo-io/gloo/projects/gloo/pkg/plugins/gzip/plugin.go:54.2,55.16 2 1
github.com/solo-io/gloo/projects/gloo/pkg/plugins/gzip/plugin.go:58.2,59.16 2 1
github.com/solo-io/gloo/projects/gloo/pkg/plugins/gzip/plugin.go:63.2,63.52 1 1
github.com/solo-io/gloo/projects/gloo/pkg/plugins/gzip/plugin.go:50.23,52.3 1 0
github.com/solo-io/gloo/projects/gloo/pkg/plugins/gzip/plugin.go:55.16,57.3 1 1
github.com/solo-io/gloo/projects/gloo/pkg/plugins/gzip/plugin.go:59.16,61.3 1 0
github.com/solo-io/gloo/projects/gloo/pkg/plugins/gzip/plugin.go:66.80,68.16 2 1
github.com/solo-io/gloo/projects/gloo/pkg/plugins/gzip/plugin.go:71.2,72.16 2 1
github.com/solo-io/gloo/projects/gloo/pkg/plugins/gzip/plugin.go:75.2,86.36 5 1
github.com/solo-io/gloo/projects/gloo/pkg/plugins/gzip/plugin.go:90.2,90.52 1 1
github.com/solo-io/gloo/projects/gloo/pkg/plugins/gzip/plugin.go:68.16,70.3 1 1
github.com/solo-io/gloo/projects/gloo/pkg/plugins/gzip/plugin.go:72.16,74.3 1 0
github.com/solo-io/gloo/projects/gloo/pkg/plugins/gzip/plugin.go:86.36,88.3 1 1
github.com/solo-io/gloo/projects/gloo/pkg/plugins/gzip/plugin.go:93.62,96.34 2 1
github.com/solo-io/gloo/projects/gloo/pkg/plugins/gzip/plugin.go:100.2,100.36 1 1
github.com/solo-io/gloo/projects/gloo/pkg/plugins/gzip/plugin.go:111.2,111.39 1 1
github.com/solo-io/gloo/projects/gloo/pkg/plugins/gzip/plugin.go:124.2,124.33 1 1
github.com/solo-io/gloo/projects/gloo/pkg/plugins/gzip/plugin.go:130.2,130.40 1 1
github.com/solo-io/gloo/projects/gloo/pkg/plugins/gzip/plugin.go:96.34,98.3 1 1
github.com/solo-io/gloo/projects/gloo/pkg/plugins/gzip/plugin.go:101.40,102.66 1 1
github.com/solo-io/gloo/projects/gloo/pkg/plugins/gzip/plugin.go:103.37,104.63 1 0
github.com/solo-io/gloo/projects/gloo/pkg/plugins/gzip/plugin.go:105.38,106.57 1 1
github.com/solo-io/gloo/projects/gloo/pkg/plugins/gzip/plugin.go:107.10,108.85 1 1
github.com/solo-io/gloo/projects/gloo/pkg/plugins/gzip/plugin.go:112.23,113.66 1 1
github.com/solo-io/gloo/projects/gloo/pkg/plugins/gzip/plugin.go:114.24,115.58 1 0
github.com/solo-io/gloo/projects/gloo/pkg/plugins/gzip/plugin.go:116.23,117.62 1 1
github.com/solo-io/gloo/projects/gloo/pkg/plugins/gzip/plugin.go:118.19,119.53 1 0
github.com/solo-io/gloo/projects/gloo/pkg/plugins/gzip/plugin.go:120.10,121.91 1 1
github.com/solo-io/gloo/projects/gloo/pkg/plugins/gzip/plugin.go:124.33,126.3 1 1
github.com/solo-io/gloo/projects/gloo/pkg/plugins/csrf/plugin.go:41.26,43.2 1 1
github.com/solo-io/gloo/projects/gloo/pkg/plugins/csrf/plugin.go:45.32,47.2 1 0
github.com/solo-io/gloo/projects/gloo/pkg/plugins/csrf/plugin.go:49.50,52.2 2 1
github.com/solo-io/gloo/projects/gloo/pkg/plugins/csrf/plugin.go:54.111,58.52 3 1
github.com/solo-io/gloo/projects/gloo/pkg/plugins/csrf/plugin.go:62.2,63.16 2 1
github.com/solo-io/gloo/projects/gloo/pkg/plugins/csrf/plugin.go:67.2,68.16 2 1
github.com/solo-io/gloo/projects/gloo/pkg/plugins/csrf/plugin.go:72.2,72.52 1 1
github.com/solo-io/gloo/projects/gloo/pkg/plugins/csrf/plugin.go:58.52,60.3 1 0
github.com/solo-io/gloo/projects/gloo/pkg/plugins/csrf/plugin.go:63.16,65.3 1 0
github.com/solo-io/gloo/projects/gloo/pkg/plugins/csrf/plugin.go:68.16,70.3 1 0
github.com/solo-io/gloo/projects/gloo/pkg/plugins/csrf/plugin.go:75.110,77.23 2 1
github.com/solo-io/gloo/projects/gloo/pkg/plugins/csrf/plugin.go:81.2,82.16 2 1
github.com/solo-io/gloo/projects/gloo/pkg/plugins/csrf/plugin.go:85.2,87.78 2 1
github.com/solo-io/gloo/projects/gloo/pkg/plugins/csrf/plugin.go:77.23,79.3 1 0
github.com/solo-io/gloo/projects/gloo/pkg/plugins/csrf/plugin.go:82.16,84.3 1 0
github.com/solo-io/gloo/projects/gloo/pkg/plugins/csrf/plugin.go:94.9,96.23 2 1
github.com/solo-io/gloo/projects/gloo/pkg/plugins/csrf/plugin.go:100.2,101.16 2 1
github.com/solo-io/gloo/projects/gloo/pkg/plugins/csrf/plugin.go:104.2,106.78 2 1
github.com/solo-io/gloo/projects/gloo/pkg/plugins/csrf/plugin.go:96.23,98.3 1 0
github.com/solo-io/gloo/projects/gloo/pkg/plugins/csrf/plugin.go:101.16,103.3 1 0
github.com/solo-io/gloo/projects/gloo/pkg/plugins/csrf/plugin.go:113.9,115.23 2 1
github.com/solo-io/gloo/projects/gloo/pkg/plugins/csrf/plugin.go:119.2,120.16 2 1
github.com/solo-io/gloo/projects/gloo/pkg/plugins/csrf/plugin.go:123.2,125.88 2 1
github.com/solo-io/gloo/projects/gloo/pkg/plugins/csrf/plugin.go:115.23,117.3 1 0
github.com/solo-io/gloo/projects/gloo/pkg/plugins/csrf/plugin.go:120.16,122.3 1 0
github.com/solo-io/gloo/projects/gloo/pkg/plugins/csrf/plugin.go:128.80,137.2 2 1
github.com/solo-io/gloo/projects/gloo/pkg/plugins/csrf/plugin.go:139.121,140.30 1 1
github.com/solo-io/gloo/projects/gloo/pkg/plugins/csrf/plugin.go:146.2,146.61 1 1
github.com/solo-io/gloo/projects/gloo/pkg/plugins/csrf/plugin.go:140.30,145.3 1 1
github.com/solo-io/gloo/projects/gloo/pkg/plugins/csrf/plugin.go:149.121,150.30 1 1
github.com/solo-io/gloo/projects/gloo/pkg/plugins/csrf/plugin.go:153.2,153.61 1 1
github.com/solo-io/gloo/projects/gloo/pkg/plugins/csrf/plugin.go:150.30,152.3 1 1
github.com/solo-io/gloo/projects/gloo/pkg/plugins/csrf/plugin.go:156.118,164.2 1 1
github.com/solo-io/gloo/projects/gloo/pkg/plugins/csrf/plugin.go:166.127,169.43 2 1
github.com/solo-io/gloo/projects/gloo/pkg/plugins/csrf/plugin.go:206.2,206.31 1 1
github.com/solo-io/gloo/projects/gloo/pkg/plugins/csrf/plugin.go:169.43,170.47 1 1
github.com/solo-io/gloo/projects/gloo/pkg/plugins/csrf/plugin.go:171.47,177.6 1 1
github.com/solo-io/gloo/projects/gloo/pkg/plugins/csrf/plugin.go:178.48,184.6 1 0
github.com/solo-io/gloo/projects/gloo/pkg/plugins/csrf/plugin.go:185.51,195.6 1 0
github.com/solo-io/gloo/projects/gloo/pkg/plugins/csrf/plugin.go:196.48,202.6 1 0
github.com/solo-io/gloo/projects/gloo/pkg/plugins/aws/plugin.go:62.80,66.2 1 1
github.com/solo-io/gloo/projects/gloo/pkg/plugins/aws/plugin.go:68.32,70.2 1 0
github.com/solo-io/gloo/projects/gloo/pkg/plugins/aws/plugin.go:72.50,77.2 4 1
github.com/solo-io/gloo/projects/gloo/pkg/plugins/aws/plugin.go:79.52,81.2 1 1
github.com/solo-io/gloo/projects/gloo/pkg/plugins/aws/plugin.go:83.118,85.9 2 1
github.com/solo-io/gloo/projects/gloo/pkg/plugins/aws/plugin.go:90.2,103.16 7 1
github.com/solo-io/gloo/projects/gloo/pkg/plugins/aws/plugin.go:106.2,112.16 3 1
github.com/solo-io/gloo/projects/gloo/pkg/plugins/aws/plugin.go:115.2,123.52 3 1
github.com/solo-io/gloo/projects/gloo/pkg/plugins/aws/plugin.go:127.2,127.44 1 1
github.com/solo-io/gloo/projects/gloo/pkg/plugins/aws/plugin.go:161.2,171.86 2 1
github.com/solo-io/gloo/projects/gloo/pkg/plugins/aws/plugin.go:174.2,174.12 1 1
github.com/solo-io/gloo/projects/gloo/pkg/plugins/aws/plugin.go:85.9,88.3 1 1
github.com/solo-io/gloo/projects/gloo/pkg/plugins/aws/plugin.go:103.16,105.3 1 1
github.com/solo-io/gloo/projects/gloo/pkg/plugins/aws/plugin.go:112.16,114.3 1 0
github.com/solo-io/gloo/projects/gloo/pkg/plugins/aws/plugin.go:123.52,125.3 1 1
github.com/solo-io/gloo/projects/gloo/pkg/plugins/aws/plugin.go:127.44,130.17 2 1
github.com/solo-io/gloo/projects/gloo/pkg/plugins/aws/plugin.go:134.3,135.10 2 1
github.com/solo-io/gloo/projects/gloo/pkg/plugins/aws/plugin.go:139.3,144.56 5 1
github.com/solo-io/gloo/projects/gloo/pkg/plugins/aws/plugin.go:147.3,147.56 1 1
github.com/solo-io/gloo/projects/gloo/pkg/plugins/aws/plugin.go:151.3,151.62 1 1
github.com/solo-io/gloo/projects/gloo/pkg/plugins/aws/plugin.go:155.3,155.24 1 1
github.com/solo-io/gloo/projects/gloo/pkg/plugins/aws/plugin.go:130.17,132.4 1 1
github.com/solo-io/gloo/projects/gloo/pkg/plugins/aws/plugin.go:135.10,137.4 1 1
github.com/solo-io/gloo/projects/gloo/pkg/plugins/aws/plugin.go:144.56,146.4 1 1
github.com/solo-io/gloo/projects/gloo/pkg/plugins/aws/plugin.go:147.56,149.4 1 1
github.com/solo-io/gloo/projects/gloo/pkg/plugins/aws/plugin.go:151.62,153.4 1 0
github.com/solo-io/gloo/projects/gloo/pkg/plugins/aws/plugin.go:155.24,157.4 1 1
github.com/solo-io/gloo/projects/gloo/pkg/plugins/aws/plugin.go:171.86,173.3 1 0
github.com/solo-io/gloo/projects/gloo/pkg/plugins/aws/plugin.go:177.113,179.53 1 1
github.com/solo-io/gloo/projects/gloo/pkg/plugins/aws/plugin.go:206.2,206.16 1 1
github.com/solo-io/gloo/projects/gloo/pkg/plugins/aws/plugin.go:209.2,210.72 1 1
github.com/solo-io/gloo/projects/gloo/pkg/plugins/aws/plugin.go:179.53,181.40 1 1
github.com/solo-io/gloo/projects/gloo/pkg/plugins/aws/plugin.go:184.4,185.11 2 1
github.com/solo-io/gloo/projects/gloo/pkg/plugins/aws/plugin.go:190.4,191.18 2 1
github.com/solo-io/gloo/projects/gloo/pkg/plugins/aws/plugin.go:195.4,196.11 2 1
github.com/solo-io/gloo/projects/gloo/pkg/plugins/aws/plugin.go:202.4,202.72 1 1
github.com/solo-io/gloo/projects/gloo/pkg/plugins/aws/plugin.go:181.40,183.5 1 1
github.com/solo-io/gloo/projects/gloo/pkg/plugins/aws/plugin.go:185.11,187.5 1 0
github.com/solo-io/gloo/projects/gloo/pkg/plugins/aws/plugin.go:191.18,194.5 2 0
github.com/solo-io/gloo/projects/gloo/pkg/plugins/aws/plugin.go:196.11,200.5 3 0
github.com/solo-io/gloo/projects/gloo/pkg/plugins/aws/plugin.go:206.16,208.3 1 1
github.com/solo-io/gloo/projects/gloo/pkg/plugins/aws/plugin.go:210.72,212.40 1 1
github.com/solo-io/gloo/projects/gloo/pkg/plugins/aws/plugin.go:215.4,216.11 2 1
github.com/solo-io/gloo/projects/gloo/pkg/plugins/aws/plugin.go:220.4,222.73 3 1
github.com/solo-io/gloo/projects/gloo/pkg/plugins/aws/plugin.go:225.4,233.37 5 1
github.com/solo-io/gloo/projects/gloo/pkg/plugins/aws/plugin.go:243.4,243.38 1 1
github.com/solo-io/gloo/projects/gloo/pkg/plugins/aws/plugin.go:262.4,262.37 1 1
github.com/solo-io/gloo/projects/gloo/pkg/plugins/aws/plugin.go:280.4,281.23 2 1
github.com/solo-io/gloo/projects/gloo/pkg/plugins/aws/plugin.go:288.4,289.27 2 1
github.com/solo-io/gloo/projects/gloo/pkg/plugins/aws/plugin.go:212.40,214.5 1 1
github.com/solo-io/gloo/projects/gloo/pkg/plugins/aws/plugin.go:216.11,218.5 1 0
github.com/solo-io/gloo/projects/gloo/pkg/plugins/aws/plugin.go:222.73,224.5 1 1
github.com/solo-io/gloo/projects/gloo/pkg/plugins/aws/plugin.go:233.37,241.5 1 0
github.com/solo-io/gloo/projects/gloo/pkg/plugins/aws/plugin.go:243.38,260.5 1 1
github.com/solo-io/gloo/projects/gloo/pkg/plugins/aws/plugin.go:262.37,270.5 1 0
github.com/solo-io/gloo/projects/gloo/pkg/plugins/aws/plugin.go:270.10,278.5 1 1
github.com/solo-io/gloo/projects/gloo/pkg/plugins/aws/plugin.go:281.23,283.19 2 1
github.com/solo-io/gloo/projects/gloo/pkg/plugins/aws/plugin.go:283.19,286.6 1 0
github.com/solo-io/gloo/projects/gloo/pkg/plugins/aws/plugin.go:294.104,295.35 1 1
github.com/solo-io/gloo/projects/gloo/pkg/plugins/aws/plugin.go:299.2,300.67 2 1
github.com/solo-io/gloo/projects/gloo/pkg/plugins/aws/plugin.go:312.2,316.16 4 1
github.com/solo-io/gloo/projects/gloo/pkg/plugins/aws/plugin.go:320.2,323.36 2 1
github.com/solo-io/gloo/projects/gloo/pkg/plugins/aws/plugin.go:334.2,334.21 1 1
github.com/solo-io/gloo/projects/gloo/pkg/plugins/aws/plugin.go:295.35,298.3 1 1
github.com/solo-io/gloo/projects/gloo/pkg/plugins/aws/plugin.go:301.60,306.4 1 1
github.com/solo-io/gloo/projects/gloo/pkg/plugins/aws/plugin.go:307.60,310.4 1 1
github.com/solo-io/gloo/projects/gloo/pkg/plugins/aws/plugin.go:316.16,318.3 1 0
github.com/solo-io/gloo/projects/gloo/pkg/plugins/aws/plugin.go:323.36,328.17 3 1
github.com/solo-io/gloo/projects/gloo/pkg/plugins/aws/plugin.go:331.3,331.32 1 1
github.com/solo-io/gloo/projects/gloo/pkg/plugins/aws/plugin.go:328.17,330.4 1 0
github.com/solo-io/gloo/projects/gloo/pkg/plugins/aws/plugin.go:337.125,339.59 2 1
github.com/solo-io/gloo/projects/gloo/pkg/plugins/aws/plugin.go:367.2,367.70 1 1
github.com/solo-io/gloo/projects/gloo/pkg/plugins/aws/plugin.go:339.59,340.49 1 1
github.com/solo-io/gloo/projects/gloo/pkg/plugins/aws/plugin.go:340.49,342.40 2 1
github.com/solo-io/gloo/projects/gloo/pkg/plugins/aws/plugin.go:352.4,364.31 2 1
github.com/solo-io/gloo/projects/gloo/pkg/plugins/aws/plugin.go:342.40,344.24 2 1
github.com/solo-io/gloo/projects/gloo/pkg/plugins/aws/plugin.go:348.5,349.58 1 1
github.com/solo-io/gloo/projects/gloo/pkg/plugins/aws/plugin.go:344.24,346.6 1 0
github.com/solo-io/gloo/projects/gloo/pkg/plugins/azure/spec.go:9.48,11.2 1 1
github.com/solo-io/gloo/projects/gloo/pkg/plugins/azure/plugin.go:45.33,47.2 1 1
github.com/solo-io/gloo/projects/gloo/pkg/plugins/azure/plugin.go:49.32,51.2 1 0
github.com/solo-io/gloo/projects/gloo/pkg/plugins/azure/plugin.go:53.50,58.2 4 1
github.com/solo-io/gloo/projects/gloo/pkg/plugins/azure/plugin.go:60.118,62.9 2 1
github.com/solo-io/gloo/projects/gloo/pkg/plugins/azure/plugin.go:66.2,80.16 8 1
github.com/solo-io/gloo/projects/gloo/pkg/plugins/azure/plugin.go:83.2,89.16 3 1
github.com/solo-io/gloo/projects/gloo/pkg/plugins/azure/plugin.go:92.2,97.50 2 1
github.com/solo-io/gloo/projects/gloo/pkg/plugins/azure/plugin.go:109.2,109.12 1 1
github.com/solo-io/gloo/projects/gloo/pkg/plugins/azure/plugin.go:62.9,65.3 1 0
github.com/solo-io/gloo/projects/gloo/pkg/plugins/azure/plugin.go:80.16,82.3 1 1
github.com/solo-io/gloo/projects/gloo/pkg/plugins/azure/plugin.go:89.16,91.3 1 0
github.com/solo-io/gloo/projects/gloo/pkg/plugins/azure/plugin.go:97.50,99.17 2 1
github.com/solo-io/gloo/projects/gloo/pkg/plugins/azure/plugin.go:102.3,103.10 2 1
github.com/solo-io/gloo/projects/gloo/pkg/plugins/azure/plugin.go:106.3,106.46 1 1
github.com/solo-io/gloo/projects/gloo/pkg/plugins/azure/plugin.go:99.17,101.4 1 0
github.com/solo-io/gloo/projects/gloo/pkg/plugins/azure/plugin.go:103.10,105.4 1 0
github.com/solo-io/gloo/projects/gloo/pkg/plugins/azure/plugin.go:112.113,114.53 1 0
github.com/solo-io/gloo/projects/gloo/pkg/plugins/azure/plugin.go:114.53,116.40 1 0
github.com/solo-io/gloo/projects/gloo/pkg/plugins/azure/plugin.go:119.4,120.11 2 0
github.com/solo-io/gloo/projects/gloo/pkg/plugins/azure/plugin.go:124.4,125.18 2 0
github.com/solo-io/gloo/projects/gloo/pkg/plugins/azure/plugin.go:129.4,130.11 2 0
github.com/solo-io/gloo/projects/gloo/pkg/plugins/azure/plugin.go:136.4,137.61 2 0
github.com/solo-io/gloo/projects/gloo/pkg/plugins/azure/plugin.go:169.4,169.66 1 0
github.com/solo-io/gloo/projects/gloo/pkg/plugins/azure/plugin.go:116.40,118.5 1 0
github.com/solo-io/gloo/projects/gloo/pkg/plugins/azure/plugin.go:120.11,122.5 1 0
github.com/solo-io/gloo/projects/gloo/pkg/plugins/azure/plugin.go:125.18,128.5 2 0
github.com/solo-io/gloo/projects/gloo/pkg/plugins/azure/plugin.go:130.11,133.5 1 0
github.com/solo-io/gloo/projects/gloo/pkg/plugins/azure/plugin.go:137.61,138.55 1 0
github.com/solo-io/gloo/projects/gloo/pkg/plugins/azure/plugin.go:138.55,140.20 2 0
github.com/solo-io/gloo/projects/gloo/pkg/plugins/azure/plugin.go:144.6,166.21 3 0
github.com/solo-io/gloo/projects/gloo/pkg/plugins/azure/plugin.go:140.20,142.7 1 0
github.com/solo-io/gloo/projects/gloo/pkg/plugins/azure/plugin.go:174.104,178.16 3 0
github.com/solo-io/gloo/projects/gloo/pkg/plugins/azure/plugin.go:182.2,182.68 1 0
github.com/solo-io/gloo/projects/gloo/pkg/plugins/azure/plugin.go:178.16,180.3 1 0
github.com/solo-io/gloo/projects/gloo/pkg/plugins/azure/plugin.go:185.114,187.37 2 0
github.com/solo-io/gloo/projects/gloo/pkg/plugins/azure/plugin.go:199.2,200.16 2 0
github.com/solo-io/gloo/projects/gloo/pkg/plugins/azure/plugin.go:204.2,204.45 1 0
github.com/solo-io/gloo/projects/gloo/pkg/plugins/azure/plugin.go:188.49,189.17 1 0
github.com/solo-io/gloo/projects/gloo/pkg/plugins/azure/plugin.go:190.48,194.69 1 0
github.com/solo-io/gloo/projects/gloo/pkg/plugins/azure/plugin.go:195.45,196.37 1 0
github.com/solo-io/gloo/projects/gloo/pkg/plugins/azure/plugin.go:200.16,202.3 1 0
github.com/solo-io/gloo/projects/gloo/pkg/plugins/azure/plugin.go:207.78,208.35 1 0
github.com/solo-io/gloo/projects/gloo/pkg/plugins/azure/plugin.go:215.2,215.70 1 0
github.com/solo-io/gloo/projects/gloo/pkg/plugins/azure/plugin.go:208.35,210.25 2 0
github.com/solo-io/gloo/projects/gloo/pkg/plugins/azure/plugin.go:210.25,212.4 1 0
github.com/solo-io/gloo/projects/gloo/pkg/plugins/consul/dns_resolver.go:24.55,29.2 2 0
github.com/solo-io/gloo/projects/gloo/pkg/plugins/consul/dns_resolver.go:35.90,38.87 1 0
github.com/solo-io/gloo/projects/gloo/pkg/plugins/consul/dns_resolver.go:44.2,45.16 2 0
github.com/solo-io/gloo/projects/gloo/pkg/plugins/consul/dns_resolver.go:48.2,48.23 1 0
github.com/solo-io/gloo/projects/gloo/pkg/plugins/consul/dns_resolver.go:52.2,52.21 1 0
github.com/solo-io/gloo/projects/gloo/pkg/plugins/consul/dns_resolver.go:38.87,42.4 1 0
github.com/solo-io/gloo/projects/gloo/pkg/plugins/consul/dns_resolver.go:45.16,47.3 1 0
github.com/solo-io/gloo/projects/gloo/pkg/plugins/consul/dns_resolver.go:48.23,51.3 1 0
github.com/solo-io/gloo/projects/gloo/pkg/plugins/consul/dns_resolver.go:62.80,67.2 1 1
github.com/solo-io/gloo/projects/gloo/pkg/plugins/consul/dns_resolver.go:69.102,77.16 4 1
github.com/solo-io/gloo/projects/gloo/pkg/plugins/consul/dns_resolver.go:83.2,84.25 2 1
github.com/solo-io/gloo/projects/gloo/pkg/plugins/consul/dns_resolver.go:87.2,87.30 1 1
github.com/solo-io/gloo/projects/gloo/pkg/plugins/consul/dns_resolver.go:77.16,80.3 2 1
github.com/solo-io/gloo/projects/gloo/pkg/plugins/consul/dns_resolver.go:84.25,86.3 1 0
github.com/solo-io/gloo/projects/gloo/pkg/plugins/consul/eds.go:51.160,55.38 2 1
github.com/solo-io/gloo/projects/gloo/pkg/plugins/consul/eds.go:63.2,64.16 2 1
github.com/solo-io/gloo/projects/gloo/pkg/plugins/consul/eds.go:68.2,78.12 5 1
github.com/solo-io/gloo/projects/gloo/pkg/plugins/consul/eds.go:83.2,85.12 3 1
github.com/solo-io/gloo/projects/gloo/pkg/plugins/consul/eds.go:299.2,299.12 1 1
github.com/solo-io/gloo/projects/gloo/pkg/plugins/consul/eds.go:303.2,303.43 1 1
github.com/solo-io/gloo/projects/gloo/pkg/plugins/consul/eds.go:55.38,56.58 1 1
github.com/solo-io/gloo/projects/gloo/pkg/plugins/consul/eds.go:56.58,60.4 1 1
github.com/solo-io/gloo/projects/gloo/pkg/plugins/consul/eds.go:64.16,66.3 1 0
github.com/solo-io/gloo/projects/gloo/pkg/plugins/consul/eds.go:78.12,81.3 2 1
github.com/solo-io/gloo/projects/gloo/pkg/plugins/consul/eds.go:85.12,95.60 7 1
github.com/solo-io/gloo/projects/gloo/pkg/plugins/consul/eds.go:103.3,111.16 4 1
github.com/solo-io/gloo/projects/gloo/pkg/plugins/consul/eds.go:117.3,118.79 2 1
github.com/solo-io/gloo/projects/gloo/pkg/plugins/consul/eds.go:122.3,124.7 2 1
github.com/solo-io/gloo/projects/gloo/pkg/plugins/consul/eds.go:95.60,96.29 1 1
github.com/solo-io/gloo/projects/gloo/pkg/plugins/consul/eds.go:99.4,100.15 2 1
github.com/solo-io/gloo/projects/gloo/pkg/plugins/consul/eds.go:96.29,98.5 1 0
github.com/solo-io/gloo/projects/gloo/pkg/plugins/consul/eds.go:111.16,115.4 3 1
github.com/solo-io/gloo/projects/gloo/pkg/plugins/consul/eds.go:118.79,120.4 1 1
github.com/solo-io/gloo/projects/gloo/pkg/plugins/consul/eds.go:124.7,125.11 1 1
github.com/solo-io/gloo/projects/gloo/pkg/plugins/consul/eds.go:126.46,127.12 1 1
github.com/solo-io/gloo/projects/gloo/pkg/plugins/consul/eds.go:132.5,132.28 1 1
github.com/solo-io/gloo/projects/gloo/pkg/plugins/consul/eds.go:157.5,158.38 2 1
github.com/solo-io/gloo/projects/gloo/pkg/plugins/consul/eds.go:202.5,203.54 2 1
github.com/solo-io/gloo/projects/gloo/pkg/plugins/consul/eds.go:220.5,220.47 1 1
github.com/solo-io/gloo/projects/gloo/pkg/plugins/consul/eds.go:237.39,238.12 1 1
github.com/solo-io/gloo/projects/gloo/pkg/plugins/consul/eds.go:241.5,241.56 1 1
github.com/solo-io/gloo/projects/gloo/pkg/plugins/consul/eds.go:246.5,246.69 1 1
github.com/solo-io/gloo/projects/gloo/pkg/plugins/consul/eds.go:251.5,253.48 3 1
github.com/solo-io/gloo/projects/gloo/pkg/plugins/consul/eds.go:262.5,268.36 5 1
github.com/solo-io/gloo/projects/gloo/pkg/plugins/consul/eds.go:271.5,272.37 2 1
github.com/solo-io/gloo/projects/gloo/pkg/plugins/consul/eds.go:276.19,279.32 1 1
github.com/solo-io/gloo/projects/gloo/pkg/plugins/consul/eds.go:284.5,286.36 3 1
github.com/solo-io/gloo/projects/gloo/pkg/plugins/consul/eds.go:289.5,290.37 2 1
github.com/solo-io/gloo/projects/gloo/pkg/plugins/consul/eds.go:293.27,294.11 1 1
github.com/solo-io/gloo/projects/gloo/pkg/plugins/consul/eds.go:127.12,129.6 1 0
github.com/solo-io/gloo/projects/gloo/pkg/plugins/consul/eds.go:132.28,143.37 5 1
github.com/solo-io/gloo/projects/gloo/pkg/plugins/consul/eds.go:146.6,147.38 2 1
github.com/solo-io/gloo/projects/gloo/pkg/plugins/consul/eds.go:150.6,150.14 1 1
github.com/solo-io/gloo/projects/gloo/pkg/plugins/consul/eds.go:143.37,144.15 1 0
github.com/solo-io/gloo/projects/gloo/pkg/plugins/consul/eds.go:147.38,149.7 1 0
github.com/solo-io/gloo/projects/gloo/pkg/plugins/consul/eds.go:158.38,159.42 1 1
github.com/solo-io/gloo/projects/gloo/pkg/plugins/consul/eds.go:159.42,161.44 1 1
github.com/solo-io/gloo/projects/gloo/pkg/plugins/consul/eds.go:164.7,167.46 2 1
github.com/solo-io/gloo/projects/gloo/pkg/plugins/consul/eds.go:170.7,170.56 1 1
github.com/solo-io/gloo/projects/gloo/pkg/plugins/consul/eds.go:175.7,188.26 6 1
github.com/solo-io/gloo/projects/gloo/pkg/plugins/consul/eds.go:194.7,194.26 1 1
github.com/solo-io/gloo/projects/gloo/pkg/plugins/consul/eds.go:161.44,163.8 1 1
github.com/solo-io/gloo/projects/gloo/pkg/plugins/consul/eds.go:167.46,169.8 1 1
github.com/solo-io/gloo/projects/gloo/pkg/plugins/consul/eds.go:170.56,172.16 1 0
github.com/solo-io/gloo/projects/gloo/pkg/plugins/consul/eds.go:188.26,191.8 2 1
github.com/solo-io/gloo/projects/gloo/pkg/plugins/consul/eds.go:194.26,197.8 2 1
github.com/solo-io/gloo/projects/gloo/pkg/plugins/consul/eds.go:203.54,204.41 1 1
github.com/solo-io/gloo/projects/gloo/pkg/plugins/consul/eds.go:204.41,205.45 1 1
github.com/solo-io/gloo/projects/gloo/pkg/plugins/consul/eds.go:209.7,209.44 1 1
github.com/solo-io/gloo/projects/gloo/pkg/plugins/consul/eds.go:205.45,207.8 1 1
github.com/solo-io/gloo/projects/gloo/pkg/plugins/consul/eds.go:209.44,212.8 1 1
github.com/solo-io/gloo/projects/gloo/pkg/plugins/consul/eds.go:212.13,212.60 1 1
github.com/solo-io/gloo/projects/gloo/pkg/plugins/consul/eds.go:212.60,215.8 1 1
github.com/solo-io/gloo/projects/gloo/pkg/plugins/consul/eds.go:220.47,221.31 1 1
github.com/solo-io/gloo/projects/gloo/pkg/plugins/consul/eds.go:221.31,222.46 1 1
github.com/solo-io/gloo/projects/gloo/pkg/plugins/consul/eds.go:227.7,227.51 1 1
github.com/solo-io/gloo/projects/gloo/pkg/plugins/consul/eds.go:232.7,233.41 2 1
github.com/solo-io/gloo/projects/gloo/pkg/plugins/consul/eds.go:222.46,225.16 2 0
github.com/solo-io/gloo/projects/gloo/pkg/plugins/consul/eds.go:227.51,230.16 2 0
github.com/solo-io/gloo/projects/gloo/pkg/plugins/consul/eds.go:238.12,240.6 1 0
github.com/solo-io/gloo/projects/gloo/pkg/plugins/consul/eds.go:241.56,244.14 2 0
github.com/solo-io/gloo/projects/gloo/pkg/plugins/consul/eds.go:246.69,249.14 2 0
github.com/solo-io/gloo/projects/gloo/pkg/plugins/consul/eds.go:253.48,254.35 1 1
github.com/solo-io/gloo/projects/gloo/pkg/plugins/consul/eds.go:254.35,255.31 1 1
github.com/solo-io/gloo/projects/gloo/pkg/plugins/consul/eds.go:259.7,259.35 1 1
github.com/solo-io/gloo/projects/gloo/pkg/plugins/consul/eds.go:255.31,257.16 1 1
github.com/solo-io/gloo/projects/gloo/pkg/plugins/consul/eds.go:268.36,269.14 1 1
github.com/solo-io/gloo/projects/gloo/pkg/plugins/consul/eds.go:272.37,274.6 1 0
github.com/solo-io/gloo/projects/gloo/pkg/plugins/consul/eds.go:279.32,280.14 1 0
github.com/solo-io/gloo/projects/gloo/pkg/plugins/consul/eds.go:286.36,287.14 1 1
github.com/solo-io/gloo/projects/gloo/pkg/plugins/consul/eds.go:290.37,292.6 1 0
[...]
github.com/solo-io/gloo/projects/gloo/pkg/translator/route_config.go:399.37,404.13 2 1
github.com/solo-io/gloo/projects/gloo/pkg/translator/route_config.go:405.43,409.13 2 0
github.com/solo-io/gloo/projects/gloo/pkg/translator/route_config.go:375.17,377.4 1 0
github.com/solo-io/gloo/projects/gloo/pkg/translator/route_config.go:388.17,394.4 2 1
github.com/solo-io/gloo/projects/gloo/pkg/translator/route_config.go:414.228,420.43 3 1
github.com/solo-io/gloo/projects/gloo/pkg/translator/route_config.go:424.2,425.59 2 1
github.com/solo-io/gloo/projects/gloo/pkg/translator/route_config.go:468.2,468.21 1 1
github.com/solo-io/gloo/projects/gloo/pkg/translator/route_config.go:476.2,478.12 2 1
github.com/solo-io/gloo/projects/gloo/pkg/translator/route_config.go:420.43,422.3 1 0
github.com/solo-io/gloo/projects/gloo/pkg/translator/route_config.go:425.59,428.17 2 1
github.com/solo-io/gloo/projects/gloo/pkg/translator/route_config.go:433.3,434.38 2 1
github.com/solo-io/gloo/projects/gloo/pkg/translator/route_config.go:438.3,447.75 3 1
github.com/solo-io/gloo/projects/gloo/pkg/translator/route_config.go:457.3,459.101 2 1
github.com/solo-io/gloo/projects/gloo/pkg/translator/route_config.go:428.17,430.4 1 0
github.com/solo-io/gloo/projects/gloo/pkg/translator/route_config.go:434.38,436.4 1 1
github.com/solo-io/gloo/projects/gloo/pkg/translator/route_config.go:447.75,448.99 1 1
github.com/solo-io/gloo/projects/gloo/pkg/translator/route_config.go:448.99,454.5 1 0
github.com/solo-io/gloo/projects/gloo/pkg/translator/route_config.go:459.101,461.4 1 1
github.com/solo-io/gloo/projects/gloo/pkg/translator/route_config.go:468.21,475.3 1 1
github.com/solo-io/gloo/projects/gloo/pkg/translator/route_config.go:485.138,488.43 2 1
github.com/solo-io/gloo/projects/gloo/pkg/translator/route_config.go:492.2,492.24 1 1
github.com/solo-io/gloo/projects/gloo/pkg/translator/route_config.go:488.43,490.3 1 1
github.com/solo-io/gloo/projects/gloo/pkg/translator/route_config.go:496.81,501.36 2 1
github.com/solo-io/gloo/projects/gloo/pkg/translator/route_config.go:504.2,504.22 1 1
github.com/solo-io/gloo/projects/gloo/pkg/translator/route_config.go:501.36,503.3 1 1
github.com/solo-io/gloo/projects/gloo/pkg/translator/route_config.go:507.88,510.29 1 1
github.com/solo-io/gloo/projects/gloo/pkg/translator/route_config.go:513.2,513.44 1 1
github.com/solo-io/gloo/projects/gloo/pkg/translator/route_config.go:516.2,519.16 3 1
github.com/solo-io/gloo/projects/gloo/pkg/translator/route_config.go:523.2,524.16 2 1
github.com/solo-io/gloo/projects/gloo/pkg/translator/route_config.go:528.2,531.25 2 1
github.com/solo-io/gloo/projects/gloo/pkg/translator/route_config.go:536.2,538.53 2 1
github.com/solo-io/gloo/projects/gloo/pkg/translator/route_config.go:552.2,552.12 1 1
github.com/solo-io/gloo/projects/gloo/pkg/translator/route_config.go:556.2,556.12 1 1
github.com/solo-io/gloo/projects/gloo/pkg/translator/route_config.go:510.29,512.3 1 1
github.com/solo-io/gloo/projects/gloo/pkg/translator/route_config.go:513.44,515.3 1 0
github.com/solo-io/gloo/projects/gloo/pkg/translator/route_config.go:519.16,521.3 1 0
github.com/solo-io/gloo/projects/gloo/pkg/translator/route_config.go:524.16,526.3 1 0
github.com/solo-io/gloo/projects/gloo/pkg/translator/route_config.go:531.25,533.3 1 1
github.com/solo-io/gloo/projects/gloo/pkg/translator/route_config.go:538.53,540.36 2 1
github.com/solo-io/gloo/projects/gloo/pkg/translator/route_config.go:543.3,543.26 1 1
github.com/solo-io/gloo/projects/gloo/pkg/translator/route_config.go:548.3,549.8 2 1
github.com/solo-io/gloo/projects/gloo/pkg/translator/route_config.go:540.36,541.12 1 0
github.com/solo-io/gloo/projects/gloo/pkg/translator/route_config.go:543.26,544.36 1 1
github.com/solo-io/gloo/projects/gloo/pkg/translator/route_config.go:544.36,545.23 1 1
github.com/solo-io/gloo/projects/gloo/pkg/translator/route_config.go:552.12,555.3 1 1
github.com/solo-io/gloo/projects/gloo/pkg/translator/route_config.go:559.62,562.9 2 1
github.com/solo-io/gloo/projects/gloo/pkg/translator/route_config.go:565.2,567.25 2 1
github.com/solo-io/gloo/projects/gloo/pkg/translator/route_config.go:562.9,564.3 1 1
github.com/solo-io/gloo/projects/gloo/pkg/translator/route_config.go:571.108,572.46 1 1
github.com/solo-io/gloo/projects/gloo/pkg/translator/route_config.go:573.31,576.4 1 0
github.com/solo-io/gloo/projects/gloo/pkg/translator/route_config.go:577.31,580.4 1 0
github.com/solo-io/gloo/projects/gloo/pkg/translator/route_config.go:581.32,584.4 1 1
github.com/solo-io/gloo/projects/gloo/pkg/translator/route_config.go:588.115,590.29 2 1
github.com/solo-io/gloo/projects/gloo/pkg/translator/route_config.go:617.2,617.12 1 1
github.com/solo-io/gloo/projects/gloo/pkg/translator/route_config.go:590.29,595.31 2 1
github.com/solo-io/gloo/projects/gloo/pkg/translator/route_config.go:611.3,611.31 1 1
github.com/solo-io/gloo/projects/gloo/pkg/translator/route_config.go:615.3,615.32 1 1
github.com/solo-io/gloo/projects/gloo/pkg/translator/route_config.go:595.31,599.4 1 1
github.com/solo-io/gloo/projects/gloo/pkg/translator/route_config.go:599.9,600.26 1 1
github.com/solo-io/gloo/projects/gloo/pkg/translator/route_config.go:600.26,604.5 1 1
github.com/solo-io/gloo/projects/gloo/pkg/translator/route_config.go:604.10,608.5 1 1
github.com/solo-io/gloo/projects/gloo/pkg/translator/route_config.go:611.31,613.4 1 1
github.com/solo-io/gloo/projects/gloo/pkg/translator/route_config.go:620.130,622.29 2 1
github.com/solo-io/gloo/projects/gloo/pkg/translator/route_config.go:652.2,652.12 1 1
github.com/solo-io/gloo/projects/gloo/pkg/translator/route_config.go:622.29,627.31 2 0
github.com/solo-io/gloo/projects/gloo/pkg/translator/route_config.go:650.3,650.32 1 0
github.com/solo-io/gloo/projects/gloo/pkg/translator/route_config.go:627.31,631.4 1 0
github.com/solo-io/gloo/projects/gloo/pkg/translator/route_config.go:631.9,632.26 1 0
github.com/solo-io/gloo/projects/gloo/pkg/translator/route_config.go:632.26,640.5 1 0
github.com/solo-io/gloo/projects/gloo/pkg/translator/route_config.go:640.10,648.5 1 0
github.com/solo-io/gloo/projects/gloo/pkg/translator/route_config.go:657.119,661.37 2 1
github.com/solo-io/gloo/projects/gloo/pkg/translator/route_config.go:679.2,679.52 1 1
github.com/solo-io/gloo/projects/gloo/pkg/translator/route_config.go:661.37,662.35 1 1
github.com/solo-io/gloo/projects/gloo/pkg/translator/route_config.go:666.3,666.45 1 1
github.com/solo-io/gloo/projects/gloo/pkg/translator/route_config.go:662.35,665.4 1 1
github.com/solo-io/gloo/projects/gloo/pkg/translator/route_config.go:666.45,667.20 1 1
github.com/solo-io/gloo/projects/gloo/pkg/translator/route_config.go:675.4,675.76 1 1
github.com/solo-io/gloo/projects/gloo/pkg/translator/route_config.go:667.20,674.5 2 1
github.com/solo-io/gloo/projects/gloo/pkg/translator/route_config.go:679.52,680.22 1 1
github.com/solo-io/gloo/projects/gloo/pkg/translator/route_config.go:680.22,683.33 2 0
github.com/solo-io/gloo/projects/gloo/pkg/translator/route_config.go:688.4,688.33 1 0
github.com/solo-io/gloo/projects/gloo/pkg/translator/route_config.go:683.33,685.5 1 0
github.com/solo-io/gloo/projects/gloo/pkg/translator/route_config.go:688.33,696.5 2 0
github.com/solo-io/gloo/projects/gloo/pkg/translator/route_config.go:701.88,704.48 2 1
github.com/solo-io/gloo/projects/gloo/pkg/translator/route_config.go:717.2,717.160 1 0
github.com/solo-io/gloo/projects/gloo/pkg/translator/route_config.go:705.30,706.59 1 1
github.com/solo-io/gloo/projects/gloo/pkg/translator/route_config.go:707.29,708.75 1 1
github.com/solo-io/gloo/projects/gloo/pkg/translator/route_config.go:709.37,710.57 1 1
github.com/solo-io/gloo/projects/gloo/pkg/translator/route_config.go:711.37,712.58 1 1
github.com/solo-io/gloo/projects/gloo/pkg/translator/route_config.go:713.43,715.13 1 0
github.com/solo-io/gloo/projects/gloo/pkg/translator/route_config.go:720.97,723.48 2 1
github.com/solo-io/gloo/projects/gloo/pkg/translator/route_config.go:733.2,733.144 1 0
github.com/solo-io/gloo/projects/gloo/pkg/translator/route_config.go:724.36,725.59 1 1
github.com/solo-io/gloo/projects/gloo/pkg/translator/route_config.go:726.35,727.75 1 0
github.com/solo-io/gloo/projects/gloo/pkg/translator/route_config.go:728.43,729.57 1 0
github.com/solo-io/gloo/projects/gloo/pkg/translator/route_config.go:730.51,731.13 1 0
github.com/solo-io/gloo/projects/gloo/pkg/translator/route_config.go:736.83,739.16 2 1
github.com/solo-io/gloo/projects/gloo/pkg/translator/route_config.go:742.2,745.16 3 1
github.com/solo-io/gloo/projects/gloo/pkg/translator/route_config.go:748.2,748.12 1 1
github.com/solo-io/gloo/projects/gloo/pkg/translator/route_config.go:739.16,741.3 1 1
github.com/solo-io/gloo/projects/gloo/pkg/translator/route_config.go:745.16,747.3 1 1
github.com/solo-io/gloo/projects/gloo/pkg/translator/route_config.go:751.103,752.36 1 1
github.com/solo-io/gloo/projects/gloo/pkg/translator/route_config.go:757.2,757.12 1 1
github.com/solo-io/gloo/projects/gloo/pkg/translator/route_config.go:752.36,753.85 1 1
github.com/solo-io/gloo/projects/gloo/pkg/translator/route_config.go:753.85,755.4 1 1
github.com/solo-io/gloo/projects/gloo/pkg/translator/route_config.go:760.94,762.16 2 1
github.com/solo-io/gloo/projects/gloo/pkg/translator/route_config.go:765.2,766.16 2 1
github.com/solo-io/gloo/projects/gloo/pkg/translator/route_config.go:769.2,769.12 1 1
github.com/solo-io/gloo/projects/gloo/pkg/translator/route_config.go:762.16,764.3 1 0
github.com/solo-io/gloo/projects/gloo/pkg/translator/route_config.go:766.16,768.3 1 1
github.com/solo-io/gloo/projects/gloo/pkg/translator/route_config.go:772.49,774.35 1 1
github.com/solo-io/gloo/projects/gloo/pkg/translator/route_config.go:779.2,779.12 1 1
github.com/solo-io/gloo/projects/gloo/pkg/translator/route_config.go:774.35,775.55 1 1
github.com/solo-io/gloo/projects/gloo/pkg/translator/route_config.go:775.55,777.4 1 1
github.com/solo-io/gloo/projects/gloo/pkg/translator/route_config.go:782.72,788.2 1 1
github.com/solo-io/gloo/projects/gloo/pkg/translator/route_config.go:790.35,791.9 1 1
github.com/solo-io/gloo/projects/gloo/pkg/translator/route_config.go:792.38,793.14 1 1
github.com/solo-io/gloo/projects/gloo/pkg/translator/route_config.go:794.49,795.14 1 1
github.com/solo-io/gloo/projects/gloo/pkg/translator/route_config.go:796.10,797.15 1 1
github.com/solo-io/gloo/projects/gloo/pkg/translator/translator.go:55.109,57.2 1 0
github.com/solo-io/gloo/projects/gloo/pkg/translator/translator.go:64.23,72.2 1 1
github.com/solo-io/gloo/projects/gloo/pkg/translator/translator.go:77.79,91.50 6 1
github.com/solo-io/gloo/projects/gloo/pkg/translator/translator.go:96.2,104.72 5 1
github.com/solo-io/gloo/projects/gloo/pkg/translator/translator.go:115.2,117.62 2 1
github.com/solo-io/gloo/projects/gloo/pkg/translator/translator.go:121.2,121.76 1 1
github.com/solo-io/gloo/projects/gloo/pkg/translator/translator.go:127.2,127.42 1 1
github.com/solo-io/gloo/projects/gloo/pkg/translator/translator.go:91.50,93.3 1 1
github.com/solo-io/gloo/projects/gloo/pkg/translator/translator.go:104.72,106.17 2 1
github.com/solo-io/gloo/projects/gloo/pkg/translator/translator.go:109.3,112.55 4 1
github.com/solo-io/gloo/projects/gloo/pkg/translator/translator.go:106.17,108.4 1 0
github.com/solo-io/gloo/projects/gloo/pkg/translator/translator.go:117.62,119.3 1 1
github.com/solo-io/gloo/projects/gloo/pkg/translator/translator.go:121.76,122.36 1 1
github.com/solo-io/gloo/projects/gloo/pkg/translator/translator.go:122.36,124.4 1 1
github.com/solo-io/gloo/projects/gloo/pkg/translator/translator.go:133.3,150.53 10 1
github.com/solo-io/gloo/projects/gloo/pkg/translator/translator.go:157.2,158.31 2 1
github.com/solo-io/gloo/projects/gloo/pkg/translator/translator.go:168.1,169.29 1 1
github.com/solo-io/gloo/projects/gloo/pkg/translator/translator.go:208.2,208.28 1 1
github.com/solo-io/gloo/projects/gloo/pkg/translator/translator.go:150.53,156.3 2 1
github.com/solo-io/gloo/projects/gloo/pkg/translator/translator.go:158.31,159.53 1 1
github.com/solo-io/gloo/projects/gloo/pkg/translator/translator.go:159.53,161.4 1 1
github.com/solo-io/gloo/projects/gloo/pkg/translator/translator.go:161.9,164.4 1 0
github.com/solo-io/gloo/projects/gloo/pkg/translator/translator.go:169.29,170.57 1 1
github.com/solo-io/gloo/projects/gloo/pkg/translator/translator.go:174.3,176.17 3 1
github.com/solo-io/gloo/projects/gloo/pkg/translator/translator.go:181.3,182.48 2 1
github.com/solo-io/gloo/projects/gloo/pkg/translator/translator.go:189.3,193.44 2 1
github.com/solo-io/gloo/projects/gloo/pkg/translator/translator.go:200.3,200.68 1 1
github.com/solo-io/gloo/projects/gloo/pkg/translator/translator.go:205.3,205.51 1 1
github.com/solo-io/gloo/projects/gloo/pkg/translator/translator.go:170.57,171.12 1 1
github.com/solo-io/gloo/projects/gloo/pkg/translator/translator.go:176.17,178.4 1 0
github.com/solo-io/gloo/projects/gloo/pkg/translator/translator.go:182.48,183.29 1 1
github.com/solo-io/gloo/projects/gloo/pkg/translator/translator.go:187.4,187.24 1 1
github.com/solo-io/gloo/projects/gloo/pkg/translator/translator.go:183.29,186.5 1 1
github.com/solo-io/gloo/projects/gloo/pkg/translator/translator.go:193.44,194.65 1 1
github.com/solo-io/gloo/projects/gloo/pkg/translator/translator.go:194.65,195.88 1 1
github.com/solo-io/gloo/projects/gloo/pkg/translator/translator.go:195.88,197.6 1 0
github.com/solo-io/gloo/projects/gloo/pkg/translator/translator.go:200.68,202.4 1 1
github.com/solo-io/gloo/projects/gloo/pkg/translator/translator.go:202.9,204.4 1 0
github.com/solo-io/gloo/projects/gloo/pkg/translator/translator.go:214.3,222.48 3 1
github.com/solo-io/gloo/projects/gloo/pkg/translator/translator.go:250.2,250.32 1 1
github.com/solo-io/gloo/projects/gloo/pkg/translator/translator.go:222.48,242.27 7 1
github.com/solo-io/gloo/projects/gloo/pkg/translator/translator.go:242.27,244.40 2 1
github.com/solo-io/gloo/projects/gloo/pkg/translator/translator.go:244.40,246.5 1 1
github.com/solo-io/gloo/projects/gloo/pkg/translator/translator.go:259.23,262.31 2 1
github.com/solo-io/gloo/projects/gloo/pkg/translator/translator.go:265.2,265.35 1 1
github.com/solo-io/gloo/projects/gloo/pkg/translator/translator.go:268.2,268.37 1 1
github.com/solo-io/gloo/projects/gloo/pkg/translator/translator.go:277.2,278.25 2 1
github.com/solo-io/gloo/projects/gloo/pkg/translator/translator.go:281.2,282.24 2 1
github.com/solo-io/gloo/projects/gloo/pkg/translator/translator.go:285.2,286.25 2 1
github.com/solo-io/gloo/projects/gloo/pkg/translator/translator.go:292.2,293.47 2 1
github.com/solo-io/gloo/projects/gloo/pkg/translator/translator.go:296.2,297.24 2 1
github.com/solo-io/gloo/projects/gloo/pkg/translator/translator.go:300.2,301.25 2 1
github.com/solo-io/gloo/projects/gloo/pkg/translator/translator.go:304.2,308.16 1 1
github.com/solo-io/gloo/projects/gloo/pkg/translator/translator.go:262.31,264.3 1 1
github.com/solo-io/gloo/projects/gloo/pkg/translator/translator.go:265.35,267.3 1 1
github.com/solo-io/gloo/projects/gloo/pkg/translator/translator.go:268.37,270.42 1 1
github.com/solo-io/gloo/projects/gloo/pkg/translator/translator.go:273.3,273.79 1 1
github.com/solo-io/gloo/projects/gloo/pkg/translator/translator.go:270.42,271.12 1 1
github.com/solo-io/gloo/projects/gloo/pkg/translator/translator.go:278.25,280.3 1 1
github.com/solo-io/gloo/projects/gloo/pkg/translator/translator.go:282.24,284.3 1 1
github.com/solo-io/gloo/projects/gloo/pkg/translator/translator.go:286.25,288.3 1 1
github.com/solo-io/gloo/projects/gloo/pkg/translator/translator.go:293.47,295.3 1 1
github.com/solo-io/gloo/projects/gloo/pkg/translator/translator.go:297.24,299.3 1 1
github.com/solo-io/gloo/projects/gloo/pkg/translator/translator.go:301.25,303.3 1 1
github.com/solo-io/gloo/projects/gloo/pkg/translator/translator.go:312.83,314.16 2 0
github.com/solo-io/gloo/projects/gloo/pkg/translator/translator.go:317.2,317.12 1 0
github.com/solo-io/gloo/projects/gloo/pkg/translator/translator.go:314.16,316.3 1 0
github.com/solo-io/gloo/projects/gloo/pkg/translator/translator.go:320.88,328.30 4 1
github.com/solo-io/gloo/projects/gloo/pkg/translator/translator.go:344.2,344.28 1 1
github.com/solo-io/gloo/projects/gloo/pkg/translator/translator.go:328.30,334.17 3 1
github.com/solo-io/gloo/projects/gloo/pkg/translator/translator.go:338.3,339.17 2 1
github.com/solo-io/gloo/projects/gloo/pkg/translator/translator.go:334.17,337.4 2 0
github.com/solo-io/gloo/projects/gloo/pkg/translator/translator.go:339.17,342.4 2 0
github.com/solo-io/gloo/projects/gloo/pkg/translator/translator.go:348.80,350.16 2 0
github.com/solo-io/gloo/projects/gloo/pkg/translator/translator.go:353.2,353.13 1 0
github.com/solo-io/gloo/projects/gloo/pkg/translator/translator.go:350.16,351.95 1 0
github.com/solo-io/gloo/projects/gloo/pkg/translator/translator.go:356.102,359.40 2 1
github.com/solo-io/gloo/projects/gloo/pkg/translator/translator.go:368.2,369.16 2 1
github.com/solo-io/gloo/projects/gloo/pkg/translator/translator.go:373.2,373.79 1 1
github.com/solo-io/gloo/projects/gloo/pkg/translator/translator.go:359.40,361.42 1 1
github.com/solo-io/gloo/projects/gloo/pkg/translator/translator.go:364.3,364.73 1 1
github.com/solo-io/gloo/projects/gloo/pkg/translator/translator.go:361.42,362.12 1 0
github.com/solo-io/gloo/projects/gloo/pkg/translator/translator.go:369.16,372.3 2 0
github.com/solo-io/gloo/projects/gloo/pkg/translator/translator.go:376.88,378.16 2 1
github.com/solo-io/gloo/projects/gloo/pkg/translator/translator.go:381.2,382.33 2 1
github.com/solo-io/gloo/projects/gloo/pkg/translator/translator.go:378.16,380.3 1 0
github.com/solo-io/gloo/projects/gloo/pkg/translator/utils.go:20.63,23.35 1 1
github.com/solo-io/gloo/projects/gloo/pkg/translator/utils.go:28.2,28.74 1 1
github.com/solo-io/gloo/projects/gloo/pkg/translator/utils.go:23.35,25.3 1 1
github.com/solo-io/gloo/projects/gloo/pkg/translator/utils.go:32.70,35.38 2 1
github.com/solo-io/gloo/projects/gloo/pkg/translator/utils.go:39.2,43.21 2 1
github.com/solo-io/gloo/projects/gloo/pkg/translator/utils.go:46.2,46.17 1 1
github.com/solo-io/gloo/projects/gloo/pkg/translator/utils.go:35.38,37.3 1 0
github.com/solo-io/gloo/projects/gloo/pkg/translator/utils.go:43.21,45.3 1 1
github.com/solo-io/gloo/projects/gloo/pkg/translator/utils.go:49.108,55.19 2 1
github.com/solo-io/gloo/projects/gloo/pkg/translator/utils.go:67.2,67.15 1 1
github.com/solo-io/gloo/projects/gloo/pkg/translator/utils.go:55.19,57.17 2 1
github.com/solo-io/gloo/projects/gloo/pkg/translator/utils.go:62.3,64.4 1 1
github.com/solo-io/gloo/projects/gloo/pkg/translator/utils.go:57.17,60.4 1 0
github.com/solo-io/gloo/projects/gloo/pkg/translator/utils.go:70.91,75.19 2 0
github.com/solo-io/gloo/projects/gloo/pkg/translator/utils.go:87.2,87.15 1 0
github.com/solo-io/gloo/projects/gloo/pkg/translator/utils.go:75.19,77.17 2 0
github.com/solo-io/gloo/projects/gloo/pkg/translator/utils.go:82.3,84.4 1 0
github.com/solo-io/gloo/projects/gloo/pkg/translator/utils.go:77.17,80.4 1 0
github.com/solo-io/gloo/projects/gloo/pkg/translator/utils.go:90.72,92.16 2 1
github.com/solo-io/gloo/projects/gloo/pkg/translator/utils.go:95.2,95.12 1 0
github.com/solo-io/gloo/projects/gloo/pkg/translator/utils.go:92.16,94.3 1 1
github.com/solo-io/gloo/projects/gloo/pkg/translator/utils.go:105.80,107.19 2 1
github.com/solo-io/gloo/projects/gloo/pkg/translator/utils.go:116.2,116.50 1 1
github.com/solo-io/gloo/projects/gloo/pkg/translator/utils.go:107.19,111.3 1 1
github.com/solo-io/gloo/projects/gloo/pkg/translator/utils.go:111.8,111.32 1 1
github.com/solo-io/gloo/projects/gloo/pkg/translator/utils.go:111.32,115.3 1 1
github.com/solo-io/gloo/projects/gloo/pkg/translator/utils.go:124.46,125.37 1 1
github.com/solo-io/gloo/projects/gloo/pkg/translator/utils.go:133.2,133.14 1 0
github.com/solo-io/gloo/projects/gloo/pkg/translator/utils.go:125.37,126.22 1 1
github.com/solo-io/gloo/projects/gloo/pkg/translator/utils.go:127.12,128.15 1 1
github.com/solo-io/gloo/projects/gloo/pkg/translator/utils.go:129.12,130.16 1 1
