mode: set
github.com/solo-io/gloo/projects/gloo/pkg/discovery/discovery.go:67.57,78.2 1 1
github.com/solo-io/gloo/projects/gloo/pkg/discovery/discovery.go:85.57,93.2 1 0
github.com/solo-io/gloo/projects/gloo/pkg/discovery/discovery.go:96.97,99.41 3 0
github.com/solo-io/gloo/projects/gloo/pkg/discovery/discovery.go:128.2,128.28 1 0
github.com/solo-io/gloo/projects/gloo/pkg/discovery/discovery.go:99.41,101.17 2 0
github.com/solo-io/gloo/projects/gloo/pkg/discovery/discovery.go:106.3,106.32 1 0
github.com/solo-io/gloo/projects/gloo/pkg/discovery/discovery.go:101.17,103.12 2 0
github.com/solo-io/gloo/projects/gloo/pkg/discovery/discovery.go:106.32,110.8 3 0
github.com/solo-io/gloo/projects/gloo/pkg/discovery/discovery.go:110.8,111.12 1 0
github.com/solo-io/gloo/projects/gloo/pkg/discovery/discovery.go:112.38,117.47 5 0
github.com/solo-io/gloo/projects/gloo/pkg/discovery/discovery.go:120.24,121.95 1 0
github.com/solo-io/gloo/projects/gloo/pkg/discovery/discovery.go:122.28,123.12 1 0
github.com/solo-io/gloo/projects/gloo/pkg/discovery/discovery.go:117.47,119.7 1 0
github.com/solo-io/gloo/projects/gloo/pkg/discovery/discovery.go:132.63,136.62 4 0
github.com/solo-io/gloo/projects/gloo/pkg/discovery/discovery.go:156.2,156.12 1 0
github.com/solo-io/gloo/projects/gloo/pkg/discovery/discovery.go:136.62,142.43 4 0
github.com/solo-io/gloo/projects/gloo/pkg/discovery/discovery.go:145.3,149.18 2 0
github.com/solo-io/gloo/projects/gloo/pkg/discovery/discovery.go:154.3,154.122 1 0
github.com/solo-io/gloo/projects/gloo/pkg/discovery/discovery.go:142.43,144.4 1 0
github.com/solo-io/gloo/projects/gloo/pkg/discovery/discovery.go:149.18,153.4 2 0
github.com/solo-io/gloo/projects/gloo/pkg/discovery/discovery.go:159.78,161.27 2 0
github.com/solo-io/gloo/projects/gloo/pkg/discovery/discovery.go:169.2,169.14 1 0
github.com/solo-io/gloo/projects/gloo/pkg/discovery/discovery.go:161.27,162.58 1 0
github.com/solo-io/gloo/projects/gloo/pkg/discovery/discovery.go:162.58,163.31 1 0
github.com/solo-io/gloo/projects/gloo/pkg/discovery/discovery.go:166.4,166.47 1 0
github.com/solo-io/gloo/projects/gloo/pkg/discovery/discovery.go:163.31,165.5 1 0
github.com/solo-io/gloo/projects/gloo/pkg/discovery/discovery.go:173.116,176.41 3 1
github.com/solo-io/gloo/projects/gloo/pkg/discovery/discovery.go:222.2,222.28 1 1
github.com/solo-io/gloo/projects/gloo/pkg/discovery/discovery.go:176.41,178.17 2 1
github.com/solo-io/gloo/projects/gloo/pkg/discovery/discovery.go:183.3,183.32 1 1
github.com/solo-io/gloo/projects/gloo/pkg/discovery/discovery.go:178.17,180.12 2 0
github.com/solo-io/gloo/projects/gloo/pkg/discovery/discovery.go:183.32,185.8 2 1
github.com/solo-io/gloo/projects/gloo/pkg/discovery/discovery.go:185.8,186.12 1 1
github.com/solo-io/gloo/projects/gloo/pkg/discovery/discovery.go:187.42,188.13 1 1
github.com/solo-io/gloo/projects/gloo/pkg/discovery/discovery.go:191.6,192.45 2 1
github.com/solo-io/gloo/projects/gloo/pkg/discovery/discovery.go:195.6,200.21 3 1
github.com/solo-io/gloo/projects/gloo/pkg/discovery/discovery.go:203.6,203.58 1 1
github.com/solo-io/gloo/projects/gloo/pkg/discovery/discovery.go:206.6,206.21 1 1
github.com/solo-io/gloo/projects/gloo/pkg/discovery/discovery.go:207.28,208.13 1 0
github.com/solo-io/gloo/projects/gloo/pkg/discovery/discovery.go:211.6,211.13 1 0
github.com/solo-io/gloo/projects/gloo/pkg/discovery/discovery.go:216.28,217.12 1 0
github.com/solo-io/gloo/projects/gloo/pkg/discovery/discovery.go:188.13,190.7 1 0
github.com/solo-io/gloo/projects/gloo/pkg/discovery/discovery.go:192.45,194.7 1 1
github.com/solo-io/gloo/projects/gloo/pkg/discovery/discovery.go:200.21,202.7 1 0
github.com/solo-io/gloo/projects/gloo/pkg/discovery/discovery.go:203.58,205.7 1 1
github.com/solo-io/gloo/projects/gloo/pkg/discovery/discovery.go:208.13,210.7 1 0
github.com/solo-io/gloo/projects/gloo/pkg/discovery/discovery.go:212.82,212.82 0 0
github.com/solo-io/gloo/projects/gloo/pkg/discovery/discovery.go:213.14,214.87 1 0
github.com/solo-io/gloo/projects/gloo/pkg/discovery/discovery.go:225.43,226.20 1 1
github.com/solo-io/gloo/projects/gloo/pkg/discovery/discovery.go:226.20,229.3 2 1
github.com/solo-io/gloo/projects/gloo/pkg/discovery/discovery.go:232.53,234.2 1 0
github.com/solo-io/gloo/projects/gloo/pkg/discovery/discovery.go:236.93,238.46 2 1
github.com/solo-io/gloo/projects/gloo/pkg/discovery/discovery.go:241.2,241.50 1 1
github.com/solo-io/gloo/projects/gloo/pkg/discovery/discovery.go:244.2,244.18 1 1
github.com/solo-io/gloo/projects/gloo/pkg/discovery/discovery.go:238.46,240.3 1 1
github.com/solo-io/gloo/projects/gloo/pkg/discovery/discovery.go:241.50,243.3 1 1
github.com/solo-io/gloo/projects/gloo/pkg/discovery/discovery.go:247.64,252.2 2 1
github.com/solo-io/gloo/projects/gloo/pkg/discovery/discovery.go:254.47,255.22 1 1
github.com/solo-io/gloo/projects/gloo/pkg/discovery/discovery.go:259.2,259.19 1 1
github.com/solo-io/gloo/projects/gloo/pkg/discovery/discovery.go:265.2,265.13 1 1
github.com/solo-io/gloo/projects/gloo/pkg/discovery/discovery.go:255.22,257.3 1 0
github.com/solo-io/gloo/projects/gloo/pkg/discovery/discovery.go:259.19,260.19 1 0
github.com/solo-io/gloo/projects/gloo/pkg/discovery/discovery.go:260.19,262.4 1 0
github.com/solo-io/gloo/projects/gloo/pkg/discovery/run.go:22.99,29.2 2 0
github.com/solo-io/gloo/projects/gloo/pkg/discovery/run.go:31.72,40.54 6 0
github.com/solo-io/gloo/projects/gloo/pkg/discovery/run.go:44.2,50.16 3 0
github.com/solo-io/gloo/projects/gloo/pkg/discovery/run.go:54.2,54.12 1 0
github.com/solo-io/gloo/projects/gloo/pkg/discovery/run.go:65.2,65.12 1 0
github.com/solo-io/gloo/projects/gloo/pkg/discovery/run.go:40.54,42.3 1 0
github.com/solo-io/gloo/projects/gloo/pkg/discovery/run.go:50.16,52.3 1 0
github.com/solo-io/gloo/projects/gloo/pkg/discovery/run.go:54.12,55.7 1 0
github.com/solo-io/gloo/projects/gloo/pkg/discovery/run.go:55.7,56.11 1 0
github.com/solo-io/gloo/projects/gloo/pkg/discovery/run.go:57.26,58.65 1 0
github.com/solo-io/gloo/projects/gloo/pkg/discovery/run.go:59.22,60.11 1 0
