<?xml version="1.0" encoding="UTF-8"?>
  <testsuite name="Helm Suite" tests="395" failures="393" errors="0" time="9.274">
      <testcase name="SVC Accnt Test Helm 2 gloo" classname="Helm Suite" time="0.01556104">
          <failure type="Failure">/Users/ninapolshakova/gloo/install/test/svc_accnt_test.go:38&#xA;Should be able to render the manifest in the service account unit test&#xA;Unexpected error:&#xA;    &lt;*errors.errorString | 0xc0014c1500&gt;: {&#xA;        s: &#34;parse error in \&#34;gloo/templates/9-gateway-proxy-configmap.yaml\&#34;: template: gloo/templates/9-gateway-proxy-configmap.yaml:8: function \&#34;deepCopy\&#34; not defined&#34;,&#xA;    }&#xA;    parse error in &#34;gloo/templates/9-gateway-proxy-configmap.yaml&#34;: template: gloo/templates/9-gateway-proxy-configmap.yaml:8: function &#34;deepCopy&#34; not defined&#xA;occurred&#xA;/Users/ninapolshakova/go/pkg/mod/github.com/onsi/gomega@v1.10.2/internal/assertion/assertion.go:48</failure>
      </testcase>
      <testcase name="SVC Accnt Test Helm 2 discovery" classname="Helm Suite" time="0.006089464">
          <failure type="Failure">/Users/ninapolshakova/gloo/install/test/svc_accnt_test.go:43&#xA;Should be able to render the manifest in the service account unit test&#xA;Unexpected error:&#xA;    &lt;*errors.errorString | 0xc00182ebe0&gt;: {&#xA;        s: &#34;parse error in \&#34;gloo/templates/9-gateway-proxy-configmap.yaml\&#34;: template: gloo/templates/9-gateway-proxy-configmap.yaml:8: function \&#34;deepCopy\&#34; not defined&#34;,&#xA;    }&#xA;    parse error in &#34;gloo/templates/9-gateway-proxy-configmap.yaml&#34;: template: gloo/templates/9-gateway-proxy-configmap.yaml:8: function &#34;deepCopy&#34; not defined&#xA;occurred&#xA;/Users/ninapolshakova/go/pkg/mod/github.com/onsi/gomega@v1.10.2/internal/assertion/assertion.go:48</failure>
      </testcase>
      <testcase name="SVC Accnt Test Helm 2 gateway" classname="Helm Suite" time="0.006186967">
          <failure type="Failure">/Users/ninapolshakova/gloo/install/test/svc_accnt_test.go:48&#xA;Should be able to render the manifest in the service account unit test&#xA;Unexpected error:&#xA;    &lt;*errors.errorString | 0xc000c4e7a0&gt;: {&#xA;        s: &#34;parse error in \&#34;gloo/templates/9-gateway-proxy-configmap.yaml\&#34;: template: gloo/templates/9-gateway-proxy-configmap.yaml:8: function \&#34;deepCopy\&#34; not defined&#34;,&#xA;    }&#xA;    parse error in &#34;gloo/templates/9-gateway-proxy-configmap.yaml&#34;: template: gloo/templates/9-gateway-proxy-configmap.yaml:8: function &#34;deepCopy&#34; not defined&#xA;occurred&#xA;/Users/ninapolshakova/go/pkg/mod/github.com/onsi/gomega@v1.10.2/internal/assertion/assertion.go:48</failure>
      </testcase>
      <testcase name="SVC Accnt Test Helm 2 gateway-proxy" classname="Helm Suite" time="0.005905548">
          <failure type="Failure">/Users/ninapolshakova/gloo/install/test/svc_accnt_test.go:53&#xA;Should be able to render the manifest in the service account unit test&#xA;Unexpected error:&#xA;    &lt;*errors.errorString | 0xc001992b00&gt;: {&#xA;        s: &#34;parse error in \&#34;gloo/templates/9-gateway-proxy-configmap.yaml\&#34;: template: gloo/templates/9-gateway-proxy-configmap.yaml:8: function \&#34;deepCopy\&#34; not defined&#34;,&#xA;    }&#xA;    parse error in &#34;gloo/templates/9-gateway-proxy-configmap.yaml&#34;: template: gloo/templates/9-gateway-proxy-configmap.yaml:8: function &#34;deepCopy&#34; not defined&#xA;occurred&#xA;/Users/ninapolshakova/go/pkg/mod/github.com/onsi/gomega@v1.10.2/internal/assertion/assertion.go:48</failure>
      </testcase>
      <testcase name="SVC Accnt Test Helm 2 gateway-proxy disables svc account" classname="Helm Suite" time="0.005257009">
          <failure type="Failure">/Users/ninapolshakova/gloo/install/test/svc_accnt_test.go:59&#xA;Should be able to render the manifest in the service account unit test&#xA;Unexpected error:&#xA;    &lt;*errors.errorString | 0xc001e5de90&gt;: {&#xA;        s: &#34;parse error in \&#34;gloo/templates/9-gateway-proxy-configmap.yaml\&#34;: template: gloo/templates/9-gateway-proxy-configmap.yaml:8: function \&#34;deepCopy\&#34; not defined&#34;,&#xA;    }&#xA;    parse error in &#34;gloo/templates/9-gateway-proxy-configmap.yaml&#34;: template: gloo/templates/9-gateway-proxy-configmap.yaml:8: function &#34;deepCopy&#34; not defined&#xA;occurred&#xA;/Users/ninapolshakova/go/pkg/mod/github.com/onsi/gomega@v1.10.2/internal/assertion/assertion.go:48</failure>
      </testcase>
      <testcase name="SVC Accnt Test Helm 3 gloo" classname="Helm Suite" time="0.013113542">
          <failure type="Failure">/Users/ninapolshakova/gloo/install/test/svc_accnt_test.go:38&#xA;Should be able to render the manifest in the service account unit test&#xA;Unexpected error:&#xA;    &lt;template.ExecError&gt;: {&#xA;        Name: &#34;gloo/templates/8-gateway-proxy-horizontal-pod-autoscaler.yaml&#34;,&#xA;        Err: {&#xA;            s: &#34;template: gloo/templates/8-gateway-proxy-horizontal-pod-autoscaler.yaml:4:13: executing \&#34;gloo/templates/8-gateway-proxy-horizontal-pod-autoscaler.yaml\&#34; at &lt;.Values.gateway.helm2&gt;: nil pointer evaluating interface {}.gateway&#34;,&#xA;        },&#xA;    }&#xA;    template: gloo/templates/8-gateway-proxy-horizontal-pod-autoscaler.yaml:4:13: executing &#34;gloo/templates/8-gateway-proxy-horizontal-pod-autoscaler.yaml&#34; at &lt;.Values.gateway.helm2&gt;: nil pointer evaluating interface {}.gateway&#xA;occurred&#xA;/Users/ninapolshakova/go/pkg/mod/github.com/onsi/gomega@v1.10.2/internal/assertion/assertion.go:48</failure>
      </testcase>
      <testcase name="SVC Accnt Test Helm 3 discovery" classname="Helm Suite" time="0.013373924">
          <failure type="Failure">/Users/ninapolshakova/gloo/install/test/svc_accnt_test.go:43&#xA;Should be able to render the manifest in the service account unit test&#xA;Unexpected error:&#xA;    &lt;template.ExecError&gt;: {&#xA;        Name: &#34;gloo/templates/8-gateway-proxy-horizontal-pod-autoscaler.yaml&#34;,&#xA;        Err: {&#xA;            s: &#34;template: gloo/templates/8-gateway-proxy-horizontal-pod-autoscaler.yaml:4:13: executing \&#34;gloo/templates/8-gateway-proxy-horizontal-pod-autoscaler.yaml\&#34; at &lt;.Values.gateway.helm2&gt;: nil pointer evaluating interface {}.gateway&#34;,&#xA;        },&#xA;    }&#xA;    template: gloo/templates/8-gateway-proxy-horizontal-pod-autoscaler.yaml:4:13: executing &#34;gloo/templates/8-gateway-proxy-horizontal-pod-autoscaler.yaml&#34; at &lt;.Values.gateway.helm2&gt;: nil pointer evaluating interface {}.gateway&#xA;occurred&#xA;/Users/ninapolshakova/go/pkg/mod/github.com/onsi/gomega@v1.10.2/internal/assertion/assertion.go:48</failure>
      </testcase>
      <testcase name="SVC Accnt Test Helm 3 gateway" classname="Helm Suite" time="0.011491888">
          <failure type="Failure">/Users/ninapolshakova/gloo/install/test/svc_accnt_test.go:48&#xA;Should be able to render the manifest in the service account unit test&#xA;Unexpected error:&#xA;    &lt;template.ExecError&gt;: {&#xA;        Name: &#34;gloo/templates/8-gateway-proxy-horizontal-pod-autoscaler.yaml&#34;,&#xA;        Err: {&#xA;            s: &#34;template: gloo/templates/8-gateway-proxy-horizontal-pod-autoscaler.yaml:4:13: executing \&#34;gloo/templates/8-gateway-proxy-horizontal-pod-autoscaler.yaml\&#34; at &lt;.Values.gateway.helm2&gt;: nil pointer evaluating interface {}.gateway&#34;,&#xA;        },&#xA;    }&#xA;    template: gloo/templates/8-gateway-proxy-horizontal-pod-autoscaler.yaml:4:13: executing &#34;gloo/templates/8-gateway-proxy-horizontal-pod-autoscaler.yaml&#34; at &lt;.Values.gateway.helm2&gt;: nil pointer evaluating interface {}.gateway&#xA;occurred&#xA;/Users/ninapolshakova/go/pkg/mod/github.com/onsi/gomega@v1.10.2/internal/assertion/assertion.go:48</failure>
      </testcase>
      <testcase name="SVC Accnt Test Helm 3 gateway-proxy" classname="Helm Suite" time="0.010657782">
          <failure type="Failure">/Users/ninapolshakova/gloo/install/test/svc_accnt_test.go:53&#xA;Should be able to render the manifest in the service account unit test&#xA;Unexpected error:&#xA;    &lt;template.ExecError&gt;: {&#xA;        Name: &#34;gloo/templates/8-gateway-proxy-horizontal-pod-autoscaler.yaml&#34;,&#xA;        Err: {&#xA;            s: &#34;template: gloo/templates/8-gateway-proxy-horizontal-pod-autoscaler.yaml:4:13: executing \&#34;gloo/templates/8-gateway-proxy-horizontal-pod-autoscaler.yaml\&#34; at &lt;.Values.gateway.helm2&gt;: nil pointer evaluating interface {}.gateway&#34;,&#xA;        },&#xA;    }&#xA;    template: gloo/templates/8-gateway-proxy-horizontal-pod-autoscaler.yaml:4:13: executing &#34;gloo/templates/8-gateway-proxy-horizontal-pod-autoscaler.yaml&#34; at &lt;.Values.gateway.helm2&gt;: nil pointer evaluating interface {}.gateway&#xA;occurred&#xA;/Users/ninapolshakova/go/pkg/mod/github.com/onsi/gomega@v1.10.2/internal/assertion/assertion.go:48</failure>
      </testcase>
      <testcase name="SVC Accnt Test Helm 3 gateway-proxy disables svc account" classname="Helm Suite" time="0.010414557">
          <failure type="Failure">/Users/ninapolshakova/gloo/install/test/svc_accnt_test.go:59&#xA;Should be able to render the manifest in the service account unit test&#xA;Unexpected error:&#xA;    &lt;template.ExecError&gt;: {&#xA;        Name: &#34;gloo/templates/8-gateway-proxy-horizontal-pod-autoscaler.yaml&#34;,&#xA;        Err: {&#xA;            s: &#34;template: gloo/templates/8-gateway-proxy-horizontal-pod-autoscaler.yaml:4:13: executing \&#34;gloo/templates/8-gateway-proxy-horizontal-pod-autoscaler.yaml\&#34; at &lt;.Values.gateway.helm2&gt;: nil pointer evaluating interface {}.gateway&#34;,&#xA;        },&#xA;    }&#xA;    template: gloo/templates/8-gateway-proxy-horizontal-pod-autoscaler.yaml:4:13: executing &#34;gloo/templates/8-gateway-proxy-horizontal-pod-autoscaler.yaml&#34; at &lt;.Values.gateway.helm2&gt;: nil pointer evaluating interface {}.gateway&#xA;occurred&#xA;/Users/ninapolshakova/go/pkg/mod/github.com/onsi/gomega@v1.10.2/internal/assertion/assertion.go:48</failure>
      </testcase>
      <testcase name="Helm Test CRD creation has not diverged between Helm 2 and 3" classname="Helm Suite" time="0.012286898">
          <failure type="Failure">/Users/ninapolshakova/gloo/install/test/helm_test.go:84&#xA;Unexpected error:&#xA;    &lt;template.ExecError&gt;: {&#xA;        Name: &#34;gloo/templates/8-gateway-proxy-horizontal-pod-autoscaler.yaml&#34;,&#xA;        Err: {&#xA;            s: &#34;template: gloo/templates/8-gateway-proxy-horizontal-pod-autoscaler.yaml:4:13: executing \&#34;gloo/templates/8-gateway-proxy-horizontal-pod-autoscaler.yaml\&#34; at &lt;.Values.gateway.helm2&gt;: nil pointer evaluating interface {}.gateway&#34;,&#xA;        },&#xA;    }&#xA;    template: gloo/templates/8-gateway-proxy-horizontal-pod-autoscaler.yaml:4:13: executing &#34;gloo/templates/8-gateway-proxy-horizontal-pod-autoscaler.yaml&#34; at &lt;.Values.gateway.helm2&gt;: nil pointer evaluating interface {}.gateway&#xA;occurred&#xA;/Users/ninapolshakova/go/pkg/mod/github.com/onsi/gomega@v1.10.2/internal/assertion/assertion.go:48</failure>
      </testcase>
      <testcase name="Helm Test Helm 2 should have all resources marked with a namespace" classname="Helm Suite" time="0.005741721">
          <failure type="Failure">/Users/ninapolshakova/gloo/install/test/helm_test.go:155&#xA;Failed to render manifest&#xA;Unexpected error:&#xA;    &lt;*errors.errorString | 0xc0022db7a0&gt;: {&#xA;        s: &#34;parse error in \&#34;gloo/templates/9-gateway-proxy-configmap.yaml\&#34;: template: gloo/templates/9-gateway-proxy-configmap.yaml:8: function \&#34;deepCopy\&#34; not defined&#34;,&#xA;    }&#xA;    parse error in &#34;gloo/templates/9-gateway-proxy-configmap.yaml&#34;: template: gloo/templates/9-gateway-proxy-configmap.yaml:8: function &#34;deepCopy&#34; not defined&#xA;occurred&#xA;/Users/ninapolshakova/go/pkg/mod/github.com/onsi/gomega@v1.10.2/internal/assertion/assertion.go:48</failure>
      </testcase>
      <testcase name="Helm Test Helm 2 Should have no duplicate resources" classname="Helm Suite" time="0.007746437">
          <failure type="Failure">/Users/ninapolshakova/gloo/install/test/helm_test.go:173&#xA;Failed to render manifest&#xA;Unexpected error:&#xA;    &lt;*errors.errorString | 0xc0024b6220&gt;: {&#xA;        s: &#34;parse error in \&#34;gloo/templates/9-gateway-proxy-configmap.yaml\&#34;: template: gloo/templates/9-gateway-proxy-configmap.yaml:8: function \&#34;deepCopy\&#34; not defined&#34;,&#xA;    }&#xA;    parse error in &#34;gloo/templates/9-gateway-proxy-configmap.yaml&#34;: template: gloo/templates/9-gateway-proxy-configmap.yaml:8: function &#34;deepCopy&#34; not defined&#xA;occurred&#xA;/Users/ninapolshakova/go/pkg/mod/github.com/onsi/gomega@v1.10.2/internal/assertion/assertion.go:48</failure>
      </testcase>
      <testcase name="Helm Test Helm 2 stats server settings should be able to configure a stats server by default on all relevant deployments" classname="Helm Suite" time="0.005757313">
          <failure type="Failure">/Users/ninapolshakova/gloo/install/test/helm_test.go:210&#xA;Failed to render manifest&#xA;Unexpected error:&#xA;    &lt;*errors.errorString | 0xc002480310&gt;: {&#xA;        s: &#34;parse error in \&#34;gloo/templates/9-gateway-proxy-configmap.yaml\&#34;: template: gloo/templates/9-gateway-proxy-configmap.yaml:8: function \&#34;deepCopy\&#34; not defined&#34;,&#xA;    }&#xA;    parse error in &#34;gloo/templates/9-gateway-proxy-configmap.yaml&#34;: template: gloo/templates/9-gateway-proxy-configmap.yaml:8: function &#34;deepCopy&#34; not defined&#xA;occurred&#xA;/Users/ninapolshakova/go/pkg/mod/github.com/onsi/gomega@v1.10.2/internal/assertion/assertion.go:48</failure>
      </testcase>
      <testcase name="Helm Test Helm 2 stats server settings should be able to set custom labels for pods" classname="Helm Suite" time="0.005410423">
          <failure type="Failure">/Users/ninapolshakova/gloo/install/test/helm_test.go:247&#xA;Failed to render manifest&#xA;Unexpected error:&#xA;    &lt;*errors.errorString | 0xc000a09310&gt;: {&#xA;        s: &#34;parse error in \&#34;gloo/templates/9-gateway-proxy-configmap.yaml\&#34;: template: gloo/templates/9-gateway-proxy-configmap.yaml:8: function \&#34;deepCopy\&#34; not defined&#34;,&#xA;    }&#xA;    parse error in &#34;gloo/templates/9-gateway-proxy-configmap.yaml&#34;: template: gloo/templates/9-gateway-proxy-configmap.yaml:8: function &#34;deepCopy&#34; not defined&#xA;occurred&#xA;/Users/ninapolshakova/go/pkg/mod/github.com/onsi/gomega@v1.10.2/internal/assertion/assertion.go:48</failure>
      </testcase>
      <testcase name="Helm Test Helm 2 stats server settings should be able to set custom labels for cluster ingress proxy pod" classname="Helm Suite" time="0.004992688">
          <failure type="Failure">/Users/ninapolshakova/gloo/install/test/helm_test.go:307&#xA;Failed to render manifest&#xA;Unexpected error:&#xA;    &lt;*errors.errorString | 0xc00102bd40&gt;: {&#xA;        s: &#34;parse error in \&#34;gloo/templates/9-gateway-proxy-configmap.yaml\&#34;: template: gloo/templates/9-gateway-proxy-configmap.yaml:8: function \&#34;deepCopy\&#34; not defined&#34;,&#xA;    }&#xA;    parse error in &#34;gloo/templates/9-gateway-proxy-configmap.yaml&#34;: template: gloo/templates/9-gateway-proxy-configmap.yaml:8: function &#34;deepCopy&#34; not defined&#xA;occurred&#xA;/Users/ninapolshakova/go/pkg/mod/github.com/onsi/gomega@v1.10.2/internal/assertion/assertion.go:48</failure>
      </testcase>
      <testcase name="Helm Test Helm 2 stats server settings should set route prefix_rewrite in clusteringress-envoy-config from global.glooStats" classname="Helm Suite" time="0.006419156">
          <failure type="Failure">/Users/ninapolshakova/gloo/install/test/helm_test.go:345&#xA;Failed to render manifest&#xA;Unexpected error:&#xA;    &lt;*errors.errorString | 0xc0015d2900&gt;: {&#xA;        s: &#34;parse error in \&#34;gloo/templates/9-gateway-proxy-configmap.yaml\&#34;: template: gloo/templates/9-gateway-proxy-configmap.yaml:8: function \&#34;deepCopy\&#34; not defined&#34;,&#xA;    }&#xA;    parse error in &#34;gloo/templates/9-gateway-proxy-configmap.yaml&#34;: template: gloo/templates/9-gateway-proxy-configmap.yaml:8: function &#34;deepCopy&#34; not defined&#xA;occurred&#xA;/Users/ninapolshakova/go/pkg/mod/github.com/onsi/gomega@v1.10.2/internal/assertion/assertion.go:48</failure>
      </testcase>
      <testcase name="Helm Test Helm 2 stats server settings should set route prefix_rewrite in knative proxy configs from global.glooStats" classname="Helm Suite" time="0.005549818">
          <failure type="Failure">/Users/ninapolshakova/gloo/install/test/helm_test.go:369&#xA;Failed to render manifest&#xA;Unexpected error:&#xA;    &lt;*errors.errorString | 0xc001b19870&gt;: {&#xA;        s: &#34;parse error in \&#34;gloo/templates/9-gateway-proxy-configmap.yaml\&#34;: template: gloo/templates/9-gateway-proxy-configmap.yaml:8: function \&#34;deepCopy\&#34; not defined&#34;,&#xA;    }&#xA;    parse error in &#34;gloo/templates/9-gateway-proxy-configmap.yaml&#34;: template: gloo/templates/9-gateway-proxy-configmap.yaml:8: function &#34;deepCopy&#34; not defined&#xA;occurred&#xA;/Users/ninapolshakova/go/pkg/mod/github.com/onsi/gomega@v1.10.2/internal/assertion/assertion.go:48</failure>
      </testcase>
      <testcase name="Helm Test Helm 2 stats server settings should be able to set consul config values" classname="Helm Suite" time="0.006493034">
          <failure type="Failure">/Users/ninapolshakova/gloo/install/test/helm_test.go:394&#xA;Failed to render manifest&#xA;Unexpected error:&#xA;    &lt;*errors.errorString | 0xc0018f55a0&gt;: {&#xA;        s: &#34;parse error in \&#34;gloo/templates/9-gateway-proxy-configmap.yaml\&#34;: template: gloo/templates/9-gateway-proxy-configmap.yaml:8: function \&#34;deepCopy\&#34; not defined&#34;,&#xA;    }&#xA;    parse error in &#34;gloo/templates/9-gateway-proxy-configmap.yaml&#34;: template: gloo/templates/9-gateway-proxy-configmap.yaml:8: function &#34;deepCopy&#34; not defined&#xA;occurred&#xA;/Users/ninapolshakova/go/pkg/mod/github.com/onsi/gomega@v1.10.2/internal/assertion/assertion.go:48</failure>
      </testcase>
      <testcase name="Helm Test Helm 2 stats server settings should be able to set consul config upstream discovery values" classname="Helm Suite" time="0.005619183">
          <failure type="Failure">/Users/ninapolshakova/gloo/install/test/helm_test.go:400&#xA;Failed to render manifest&#xA;Unexpected error:&#xA;    &lt;*errors.errorString | 0xc001d91c10&gt;: {&#xA;        s: &#34;parse error in \&#34;gloo/templates/9-gateway-proxy-configmap.yaml\&#34;: template: gloo/templates/9-gateway-proxy-configmap.yaml:8: function \&#34;deepCopy\&#34; not defined&#34;,&#xA;    }&#xA;    parse error in &#34;gloo/templates/9-gateway-proxy-configmap.yaml&#34;: template: gloo/templates/9-gateway-proxy-configmap.yaml:8: function &#34;deepCopy&#34; not defined&#xA;occurred&#xA;/Users/ninapolshakova/go/pkg/mod/github.com/onsi/gomega@v1.10.2/internal/assertion/assertion.go:48</failure>
      </testcase>
      <testcase name="Helm Test Helm 2 stats server settings should be able to override global defaults" classname="Helm Suite" time="0.005600139">
          <failure type="Failure">/Users/ninapolshakova/gloo/install/test/helm_test.go:406&#xA;Failed to render manifest&#xA;Unexpected error:&#xA;    &lt;*errors.errorString | 0xc001ddfc30&gt;: {&#xA;        s: &#34;parse error in \&#34;gloo/templates/9-gateway-proxy-configmap.yaml\&#34;: template: gloo/templates/9-gateway-proxy-configmap.yaml:8: function \&#34;deepCopy\&#34; not defined&#34;,&#xA;    }&#xA;    parse error in &#34;gloo/templates/9-gateway-proxy-configmap.yaml&#34;: template: gloo/templates/9-gateway-proxy-configmap.yaml:8: function &#34;deepCopy&#34; not defined&#xA;occurred&#xA;/Users/ninapolshakova/go/pkg/mod/github.com/onsi/gomega@v1.10.2/internal/assertion/assertion.go:48</failure>
      </testcase>
      <testcase name="Helm Test Helm 2 gloo mtls settings should put the secret volume in the Gloo and Gateway-Proxy Deployment and add a sidecar in the Gloo Deployment" classname="Helm Suite" time="0.00555579">
          <failure type="Failure">/Users/ninapolshakova/gloo/install/test/helm_test.go:466&#xA;Failed to render manifest&#xA;Unexpected error:&#xA;    &lt;*errors.errorString | 0xc00176e320&gt;: {&#xA;        s: &#34;parse error in \&#34;gloo/templates/9-gateway-proxy-configmap.yaml\&#34;: template: gloo/templates/9-gateway-proxy-configmap.yaml:8: function \&#34;deepCopy\&#34; not defined&#34;,&#xA;    }&#xA;    parse error in &#34;gloo/templates/9-gateway-proxy-configmap.yaml&#34;: template: gloo/templates/9-gateway-proxy-configmap.yaml:8: function &#34;deepCopy&#34; not defined&#xA;occurred&#xA;/Users/ninapolshakova/go/pkg/mod/github.com/onsi/gomega@v1.10.2/internal/assertion/assertion.go:48</failure>
      </testcase>
      <testcase name="Helm Test Helm 2 gloo mtls settings should add an additional listener to the gateway-proxy-envoy-config if $spec.extraListenersHelper is defined" classname="Helm Suite" time="0.005226772">
          <failure type="Failure">/Users/ninapolshakova/gloo/install/test/helm_test.go:507&#xA;Failed to render manifest&#xA;Unexpected error:&#xA;    &lt;*errors.errorString | 0xc0016029c0&gt;: {&#xA;        s: &#34;parse error in \&#34;gloo/templates/9-gateway-proxy-configmap.yaml\&#34;: template: gloo/templates/9-gateway-proxy-configmap.yaml:8: function \&#34;deepCopy\&#34; not defined&#34;,&#xA;    }&#xA;    parse error in &#34;gloo/templates/9-gateway-proxy-configmap.yaml&#34;: template: gloo/templates/9-gateway-proxy-configmap.yaml:8: function &#34;deepCopy&#34; not defined&#xA;occurred&#xA;/Users/ninapolshakova/go/pkg/mod/github.com/onsi/gomega@v1.10.2/internal/assertion/assertion.go:48</failure>
      </testcase>
      <testcase name="Helm Test Helm 2 gloo mtls settings should set route prefix_rewrite in gateway-proxy-envoy-config from global.glooStats" classname="Helm Suite" time="0.004805045">
          <failure type="Failure">/Users/ninapolshakova/gloo/install/test/helm_test.go:527&#xA;Failed to render manifest&#xA;Unexpected error:&#xA;    &lt;*errors.errorString | 0xc001670c60&gt;: {&#xA;        s: &#34;parse error in \&#34;gloo/templates/9-gateway-proxy-configmap.yaml\&#34;: template: gloo/templates/9-gateway-proxy-configmap.yaml:8: function \&#34;deepCopy\&#34; not defined&#34;,&#xA;    }&#xA;    parse error in &#34;gloo/templates/9-gateway-proxy-configmap.yaml&#34;: template: gloo/templates/9-gateway-proxy-configmap.yaml:8: function &#34;deepCopy&#34; not defined&#xA;occurred&#xA;/Users/ninapolshakova/go/pkg/mod/github.com/onsi/gomega@v1.10.2/internal/assertion/assertion.go:48</failure>
      </testcase>
      <testcase name="Helm Test Helm 2 gloo mtls settings should set route prefix_rewrite in gateway-proxy-envoy-config from gatewayProxies.gatewayProxy" classname="Helm Suite" time="0.004826742">
          <failure type="Failure">/Users/ninapolshakova/gloo/install/test/helm_test.go:549&#xA;Failed to render manifest&#xA;Unexpected error:&#xA;    &lt;*errors.errorString | 0xc000c7b7e0&gt;: {&#xA;        s: &#34;parse error in \&#34;gloo/templates/9-gateway-proxy-configmap.yaml\&#34;: template: gloo/templates/9-gateway-proxy-configmap.yaml:8: function \&#34;deepCopy\&#34; not defined&#34;,&#xA;    }&#xA;    parse error in &#34;gloo/templates/9-gateway-proxy-configmap.yaml&#34;: template: gloo/templates/9-gateway-proxy-configmap.yaml:8: function &#34;deepCopy&#34; not defined&#xA;occurred&#xA;/Users/ninapolshakova/go/pkg/mod/github.com/onsi/gomega@v1.10.2/internal/assertion/assertion.go:48</failure>
      </testcase>
      <testcase name="Helm Test Helm 2 gloo with istio sds settings should add an sds sidecar AND an istio-proxy sidecar in the Gateway-Proxy Deployment" classname="Helm Suite" time="0.004694813">
          <failure type="Failure">/Users/ninapolshakova/gloo/install/test/helm_test.go:626&#xA;Failed to render manifest&#xA;Unexpected error:&#xA;    &lt;*errors.errorString | 0xc00154bbe0&gt;: {&#xA;        s: &#34;parse error in \&#34;gloo/templates/9-gateway-proxy-configmap.yaml\&#34;: template: gloo/templates/9-gateway-proxy-configmap.yaml:8: function \&#34;deepCopy\&#34; not defined&#34;,&#xA;    }&#xA;    parse error in &#34;gloo/templates/9-gateway-proxy-configmap.yaml&#34;: template: gloo/templates/9-gateway-proxy-configmap.yaml:8: function &#34;deepCopy&#34; not defined&#xA;occurred&#xA;/Users/ninapolshakova/go/pkg/mod/github.com/onsi/gomega@v1.10.2/internal/assertion/assertion.go:48</failure>
      </testcase>
      <testcase name="Helm Test Helm 2 gloo with istio sds settings should allow setting a custom istio sidecar in the Gateway-Proxy Deployment" classname="Helm Suite" time="0.006339782">
          <failure type="Failure">/Users/ninapolshakova/gloo/install/test/helm_test.go:672&#xA;Failed to render manifest&#xA;Unexpected error:&#xA;    &lt;*errors.errorString | 0xc001b3ed40&gt;: {&#xA;        s: &#34;parse error in \&#34;gloo/templates/9-gateway-proxy-configmap.yaml\&#34;: template: gloo/templates/9-gateway-proxy-configmap.yaml:8: function \&#34;deepCopy\&#34; not defined&#34;,&#xA;    }&#xA;    parse error in &#34;gloo/templates/9-gateway-proxy-configmap.yaml&#34;: template: gloo/templates/9-gateway-proxy-configmap.yaml:8: function &#34;deepCopy&#34; not defined&#xA;occurred&#xA;/Users/ninapolshakova/go/pkg/mod/github.com/onsi/gomega@v1.10.2/internal/assertion/assertion.go:48</failure>
      </testcase>
      <testcase name="Helm Test Helm 2 gloo with istio sds settings should add an anti-injection annotation to all pods when disableAutoinjection is enabled" classname="Helm Suite" time="0.004920929">
          <failure type="Failure">/Users/ninapolshakova/gloo/install/test/helm_test.go:716&#xA;Failed to render manifest&#xA;Unexpected error:&#xA;    &lt;*errors.errorString | 0xc0019a0a20&gt;: {&#xA;        s: &#34;parse error in \&#34;gloo/templates/9-gateway-proxy-configmap.yaml\&#34;: template: gloo/templates/9-gateway-proxy-configmap.yaml:8: function \&#34;deepCopy\&#34; not defined&#34;,&#xA;    }&#xA;    parse error in &#34;gloo/templates/9-gateway-proxy-configmap.yaml&#34;: template: gloo/templates/9-gateway-proxy-configmap.yaml:8: function &#34;deepCopy&#34; not defined&#xA;occurred&#xA;/Users/ninapolshakova/go/pkg/mod/github.com/onsi/gomega@v1.10.2/internal/assertion/assertion.go:48</failure>
      </testcase>
      <testcase name="Helm Test Helm 2 gloo with istio sds settings should add an Istio injection annotation for pods that can be configured for it" classname="Helm Suite" time="0.006277857">
          <failure type="Failure">/Users/ninapolshakova/gloo/install/test/helm_test.go:740&#xA;Failed to render manifest&#xA;Unexpected error:&#xA;    &lt;*errors.errorString | 0xc0022a62b0&gt;: {&#xA;        s: &#34;parse error in \&#34;gloo/templates/9-gateway-proxy-configmap.yaml\&#34;: template: gloo/templates/9-gateway-proxy-configmap.yaml:8: function \&#34;deepCopy\&#34; not defined&#34;,&#xA;    }&#xA;    parse error in &#34;gloo/templates/9-gateway-proxy-configmap.yaml&#34;: template: gloo/templates/9-gateway-proxy-configmap.yaml:8: function &#34;deepCopy&#34; not defined&#xA;occurred&#xA;/Users/ninapolshakova/go/pkg/mod/github.com/onsi/gomega@v1.10.2/internal/assertion/assertion.go:48</failure>
      </testcase>
      <testcase name="Helm Test Helm 2 gloo with istio sds settings The created namespace can be labeled for Istio discovery" classname="Helm Suite" time="0.00581616">
          <failure type="Failure">/Users/ninapolshakova/gloo/install/test/helm_test.go:767&#xA;Failed to render manifest&#xA;Unexpected error:&#xA;    &lt;*errors.errorString | 0xc00066e100&gt;: {&#xA;        s: &#34;parse error in \&#34;gloo/templates/9-gateway-proxy-configmap.yaml\&#34;: template: gloo/templates/9-gateway-proxy-configmap.yaml:8: function \&#34;deepCopy\&#34; not defined&#34;,&#xA;    }&#xA;    parse error in &#34;gloo/templates/9-gateway-proxy-configmap.yaml&#34;: template: gloo/templates/9-gateway-proxy-configmap.yaml:8: function &#34;deepCopy&#34; not defined&#xA;occurred&#xA;/Users/ninapolshakova/go/pkg/mod/github.com/onsi/gomega@v1.10.2/internal/assertion/assertion.go:48</failure>
      </testcase>
      <testcase name="Helm Test Helm 2 gateway has a namespace" classname="Helm Suite" time="0.005894098">
          <failure type="Failure">/Users/ninapolshakova/gloo/install/test/helm_test.go:805&#xA;Failed to render manifest&#xA;Unexpected error:&#xA;    &lt;*errors.errorString | 0xc0022f0930&gt;: {&#xA;        s: &#34;parse error in \&#34;gloo/templates/9-gateway-proxy-configmap.yaml\&#34;: template: gloo/templates/9-gateway-proxy-configmap.yaml:8: function \&#34;deepCopy\&#34; not defined&#34;,&#xA;    }&#xA;    parse error in &#34;gloo/templates/9-gateway-proxy-configmap.yaml&#34;: template: gloo/templates/9-gateway-proxy-configmap.yaml:8: function &#34;deepCopy&#34; not defined&#xA;occurred&#xA;/Users/ninapolshakova/go/pkg/mod/github.com/onsi/gomega@v1.10.2/internal/assertion/assertion.go:48</failure>
      </testcase>
      <testcase name="Helm Test Helm 2 gateway access logging service can create an access logging deployment/service" classname="Helm Suite" time="0.006665587">
          <failure type="Failure">/Users/ninapolshakova/gloo/install/test/helm_test.go:847&#xA;Failed to render manifest&#xA;Unexpected error:&#xA;    &lt;*errors.errorString | 0xc000838700&gt;: {&#xA;        s: &#34;parse error in \&#34;gloo/templates/9-gateway-proxy-configmap.yaml\&#34;: template: gloo/templates/9-gateway-proxy-configmap.yaml:8: function \&#34;deepCopy\&#34; not defined&#34;,&#xA;    }&#xA;    parse error in &#34;gloo/templates/9-gateway-proxy-configmap.yaml&#34;: template: gloo/templates/9-gateway-proxy-configmap.yaml:8: function &#34;deepCopy&#34; not defined&#xA;occurred&#xA;/Users/ninapolshakova/go/pkg/mod/github.com/onsi/gomega@v1.10.2/internal/assertion/assertion.go:48</failure>
      </testcase>
      <testcase name="Helm Test Helm 2 gateway access logging service has a proxy with access logging cluster" classname="Helm Suite" time="0.007168315">
          <failure type="Failure">/Users/ninapolshakova/gloo/install/test/helm_test.go:916&#xA;Failed to render manifest&#xA;Unexpected error:&#xA;    &lt;*errors.errorString | 0xc001400740&gt;: {&#xA;        s: &#34;parse error in \&#34;gloo/templates/9-gateway-proxy-configmap.yaml\&#34;: template: gloo/templates/9-gateway-proxy-configmap.yaml:8: function \&#34;deepCopy\&#34; not defined&#34;,&#xA;    }&#xA;    parse error in &#34;gloo/templates/9-gateway-proxy-configmap.yaml&#34;: template: gloo/templates/9-gateway-proxy-configmap.yaml:8: function &#34;deepCopy&#34; not defined&#xA;occurred&#xA;/Users/ninapolshakova/go/pkg/mod/github.com/onsi/gomega@v1.10.2/internal/assertion/assertion.go:48</failure>
      </testcase>
      <testcase name="Helm Test Helm 2 gateway default gateways does not render when gatewayProxy is disabled" classname="Helm Suite" time="0.005187855">
          <failure type="Failure">/Users/ninapolshakova/gloo/install/test/helm_test.go:938&#xA;Failed to render manifest&#xA;Unexpected error:&#xA;    &lt;*errors.errorString | 0xc000be6a00&gt;: {&#xA;        s: &#34;parse error in \&#34;gloo/templates/9-gateway-proxy-configmap.yaml\&#34;: template: gloo/templates/9-gateway-proxy-configmap.yaml:8: function \&#34;deepCopy\&#34; not defined&#34;,&#xA;    }&#xA;    parse error in &#34;gloo/templates/9-gateway-proxy-configmap.yaml&#34;: template: gloo/templates/9-gateway-proxy-configmap.yaml:8: function &#34;deepCopy&#34; not defined&#xA;occurred&#xA;/Users/ninapolshakova/go/pkg/mod/github.com/onsi/gomega@v1.10.2/internal/assertion/assertion.go:48</failure>
      </testcase>
      <testcase name="Helm Test Helm 2 gateway default gateways renders custom gateway when gatewayProxy is disabled" classname="Helm Suite" time="0.005355077">
          <failure type="Failure">/Users/ninapolshakova/gloo/install/test/helm_test.go:953&#xA;Failed to render manifest&#xA;Unexpected error:&#xA;    &lt;*errors.errorString | 0xc001adbc10&gt;: {&#xA;        s: &#34;parse error in \&#34;gloo/templates/9-gateway-proxy-configmap.yaml\&#34;: template: gloo/templates/9-gateway-proxy-configmap.yaml:8: function \&#34;deepCopy\&#34; not defined&#34;,&#xA;    }&#xA;    parse error in &#34;gloo/templates/9-gateway-proxy-configmap.yaml&#34;: template: gloo/templates/9-gateway-proxy-configmap.yaml:8: function &#34;deepCopy&#34; not defined&#xA;occurred&#xA;/Users/ninapolshakova/go/pkg/mod/github.com/onsi/gomega@v1.10.2/internal/assertion/assertion.go:48</failure>
      </testcase>
      <testcase name="Helm Test Helm 2 gateway default gateways renders with http/https gateways by default" classname="Helm Suite" time="0.005702068">
          <failure type="Failure">/Users/ninapolshakova/gloo/install/test/helm_test.go:977&#xA;Failed to render manifest&#xA;Unexpected error:&#xA;    &lt;*errors.errorString | 0xc001ffee20&gt;: {&#xA;        s: &#34;parse error in \&#34;gloo/templates/9-gateway-proxy-configmap.yaml\&#34;: template: gloo/templates/9-gateway-proxy-configmap.yaml:8: function \&#34;deepCopy\&#34; not defined&#34;,&#xA;    }&#xA;    parse error in &#34;gloo/templates/9-gateway-proxy-configmap.yaml&#34;: template: gloo/templates/9-gateway-proxy-configmap.yaml:8: function &#34;deepCopy&#34; not defined&#xA;occurred&#xA;/Users/ninapolshakova/go/pkg/mod/github.com/onsi/gomega@v1.10.2/internal/assertion/assertion.go:48</failure>
      </testcase>
      <testcase name="Helm Test Helm 2 gateway default gateways can disable rendering http/https gateways" classname="Helm Suite" time="0.006265187">
          <failure type="Failure">/Users/ninapolshakova/gloo/install/test/helm_test.go:996&#xA;Failed to render manifest&#xA;Unexpected error:&#xA;    &lt;*errors.errorString | 0xc0022fe030&gt;: {&#xA;        s: &#34;parse error in \&#34;gloo/templates/9-gateway-proxy-configmap.yaml\&#34;: template: gloo/templates/9-gateway-proxy-configmap.yaml:8: function \&#34;deepCopy\&#34; not defined&#34;,&#xA;    }&#xA;    parse error in &#34;gloo/templates/9-gateway-proxy-configmap.yaml&#34;: template: gloo/templates/9-gateway-proxy-configmap.yaml:8: function &#34;deepCopy&#34; not defined&#xA;occurred&#xA;/Users/ninapolshakova/go/pkg/mod/github.com/onsi/gomega@v1.10.2/internal/assertion/assertion.go:48</failure>
      </testcase>
      <testcase name="Helm Test Helm 2 gateway default gateways can disable http gateway" classname="Helm Suite" time="0.008036327">
          <failure type="Failure">/Users/ninapolshakova/gloo/install/test/helm_test.go:1004&#xA;Failed to render manifest&#xA;Unexpected error:&#xA;    &lt;*errors.errorString | 0xc000548220&gt;: {&#xA;        s: &#34;parse error in \&#34;gloo/templates/9-gateway-proxy-configmap.yaml\&#34;: template: gloo/templates/9-gateway-proxy-configmap.yaml:8: function \&#34;deepCopy\&#34; not defined&#34;,&#xA;    }&#xA;    parse error in &#34;gloo/templates/9-gateway-proxy-configmap.yaml&#34;: template: gloo/templates/9-gateway-proxy-configmap.yaml:8: function &#34;deepCopy&#34; not defined&#xA;occurred&#xA;/Users/ninapolshakova/go/pkg/mod/github.com/onsi/gomega@v1.10.2/internal/assertion/assertion.go:48</failure>
      </testcase>
      <testcase name="Helm Test Helm 2 gateway default gateways disabling http gateway disables corresponding service port" classname="Helm Suite" time="0.000116669">
          <failure type="Panic">/Users/ninapolshakova/gloo/install/test/helm_test.go:1011&#xA;Test Panicked&#xA;/usr/local/Cellar/go@1.14/1.14.15/libexec/src/runtime/panic.go:212&#xA;&#xA;Panic: runtime error: invalid memory address or nil pointer dereference&#xA;&#xA;Full stack:&#xA;github.com/solo-io/gloo/install/test.glob..func2.2.1.9.4.6()&#xA;&#x9;/Users/ninapolshakova/gloo/install/test/helm_test.go:1041 +0x310&#xA;github.com/onsi/ginkgo/internal/leafnodes.(*runner).runSync(0xc00080fb00, 0x0, 0x0, 0x0, 0x0, 0x0, 0x0, 0x0, 0x0, 0x0, ...)&#xA;&#x9;/Users/ninapolshakova/go/pkg/mod/github.com/onsi/ginkgo@v1.14.1/internal/leafnodes/runner.go:113 +0xa3&#xA;github.com/onsi/ginkgo/internal/leafnodes.(*runner).run(0xc00080fb00, 0x3, 0x0, 0x0, 0x0, 0x0, 0x0, 0x0, 0x0, 0x0, ...)&#xA;&#x9;/Users/ninapolshakova/go/pkg/mod/github.com/onsi/ginkgo@v1.14.1/internal/leafnodes/runner.go:64 +0x12c&#xA;github.com/onsi/ginkgo/internal/leafnodes.(*ItNode).Run(0xc001296800, 0x3d70600, 0x0, 0x0, 0x0, 0x0, 0x0, 0x0, 0x0, 0x0, ...)&#xA;&#x9;/Users/ninapolshakova/go/pkg/mod/github.com/onsi/ginkgo@v1.14.1/internal/leafnodes/it_node.go:26 +0x7f&#xA;github.com/onsi/ginkgo/internal/spec.(*Spec).runSample(0xc000962780, 0x0, 0x3d70600, 0xc0003f1540)&#xA;&#x9;/Users/ninapolshakova/go/pkg/mod/github.com/onsi/ginkgo@v1.14.1/internal/spec/spec.go:215 +0x6d8&#xA;github.com/onsi/ginkgo/internal/spec.(*Spec).Run(0xc000962780, 0x3d70600, 0xc0003f1540)&#xA;&#x9;/Users/ninapolshakova/go/pkg/mod/github.com/onsi/ginkgo@v1.14.1/internal/spec/spec.go:138 +0xf2&#xA;github.com/onsi/ginkgo/internal/specrunner.(*SpecRunner).runSpec(0xc001703400, 0xc000962780, 0x0)&#xA;&#x9;/Users/ninapolshakova/go/pkg/mod/github.com/onsi/ginkgo@v1.14.1/internal/specrunner/spec_runner.go:200 +0x10f&#xA;github.com/onsi/ginkgo/internal/specrunner.(*SpecRunner).runSpecs(0xc001703400, 0x1)&#xA;&#x9;/Users/ninapolshakova/go/pkg/mod/github.com/onsi/ginkgo@v1.14.1/internal/specrunner/spec_runner.go:170 +0x120&#xA;github.com/onsi/ginkgo/internal/specrunner.(*SpecRunner).Run(0xc001703400, 0xc00148b160)&#xA;&#x9;/Users/ninapolshakova/go/pkg/mod/github.com/onsi/ginkgo@v1.14.1/internal/specrunner/spec_runner.go:66 +0x117&#xA;github.com/onsi/ginkgo/internal/suite.(*Suite).Run(0xc0003fbc00, 0xa694e00, 0xc0004ebd40, 0x382150c, 0xa, 0xc0005d9360, 0x2, 0x2, 0x3e27ea0, 0xc0003f1540, ...)&#xA;&#x9;/Users/ninapolshakova/go/pkg/mod/github.com/onsi/ginkgo@v1.14.1/internal/suite/suite.go:79 +0x586&#xA;github.com/onsi/ginkgo.RunSpecsWithCustomReporters(0x3d7a8c0, 0xc0004ebd40, 0x382150c, 0xa, 0xc0005d9340, 0x2, 0x2, 0x2)&#xA;&#x9;/Users/ninapolshakova/go/pkg/mod/github.com/onsi/ginkgo@v1.14.1/ginkgo_dsl.go:219 +0x220&#xA;github.com/onsi/ginkgo.RunSpecsWithDefaultAndCustomReporters(0x3d7a8c0, 0xc0004ebd40, 0x382150c, 0xa, 0xc0004b4f60, 0x1, 0x1, 0x1)&#xA;&#x9;/Users/ninapolshakova/go/pkg/mod/github.com/onsi/ginkgo@v1.14.1/ginkgo_dsl.go:207 +0xad&#xA;github.com/solo-io/gloo/install/test.TestHelm(0xc0004ebd40)&#xA;&#x9;/Users/ninapolshakova/gloo/install/test/helm_suite_test.go:42 +0x18d&#xA;testing.tRunner(0xc0004ebd40, 0x393e720)&#xA;&#x9;/usr/local/Cellar/go@1.14/1.14.15/libexec/src/testing/testing.go:1050 +0xdc&#xA;created by testing.(*T).Run&#xA;&#x9;/usr/local/Cellar/go@1.14/1.14.15/libexec/src/testing/testing.go:1095 +0x28b</failure>
      </testcase>
      <testcase name="Helm Test Helm 2 gateway default gateways can disable https gateway" classname="Helm Suite" time="0.005798725">
          <failure type="Failure">/Users/ninapolshakova/gloo/install/test/helm_test.go:1044&#xA;Failed to render manifest&#xA;Unexpected error:&#xA;    &lt;*errors.errorString | 0xc0005c6230&gt;: {&#xA;        s: &#34;parse error in \&#34;gloo/templates/9-gateway-proxy-configmap.yaml\&#34;: template: gloo/templates/9-gateway-proxy-configmap.yaml:8: function \&#34;deepCopy\&#34; not defined&#34;,&#xA;    }&#xA;    parse error in &#34;gloo/templates/9-gateway-proxy-configmap.yaml&#34;: template: gloo/templates/9-gateway-proxy-configmap.yaml:8: function &#34;deepCopy&#34; not defined&#xA;occurred&#xA;/Users/ninapolshakova/go/pkg/mod/github.com/onsi/gomega@v1.10.2/internal/assertion/assertion.go:48</failure>
      </testcase>
      <testcase name="Helm Test Helm 2 gateway default gateways disabling https gateway disables corresponding service port" classname="Helm Suite" time="0.000120371">
          <failure type="Panic">/Users/ninapolshakova/gloo/install/test/helm_test.go:1051&#xA;Test Panicked&#xA;/usr/local/Cellar/go@1.14/1.14.15/libexec/src/runtime/panic.go:212&#xA;&#xA;Panic: runtime error: invalid memory address or nil pointer dereference&#xA;&#xA;Full stack:&#xA;github.com/solo-io/gloo/install/test.glob..func2.2.1.9.4.8()&#xA;&#x9;/Users/ninapolshakova/gloo/install/test/helm_test.go:1081 +0x310&#xA;github.com/onsi/ginkgo/internal/leafnodes.(*runner).runSync(0xc00080fd40, 0x0, 0x0, 0x0, 0x0, 0x0, 0x0, 0x0, 0x0, 0x0, ...)&#xA;&#x9;/Users/ninapolshakova/go/pkg/mod/github.com/onsi/ginkgo@v1.14.1/internal/leafnodes/runner.go:113 +0xa3&#xA;github.com/onsi/ginkgo/internal/leafnodes.(*runner).run(0xc00080fd40, 0x3, 0x0, 0x0, 0x0, 0x0, 0x0, 0x0, 0x0, 0x0, ...)&#xA;&#x9;/Users/ninapolshakova/go/pkg/mod/github.com/onsi/ginkgo@v1.14.1/internal/leafnodes/runner.go:64 +0x12c&#xA;github.com/onsi/ginkgo/internal/leafnodes.(*ItNode).Run(0xc0012969c0, 0x3d70600, 0x0, 0x0, 0x0, 0x0, 0x0, 0x0, 0x0, 0x0, ...)&#xA;&#x9;/Users/ninapolshakova/go/pkg/mod/github.com/onsi/ginkgo@v1.14.1/internal/leafnodes/it_node.go:26 +0x7f&#xA;github.com/onsi/ginkgo/internal/spec.(*Spec).runSample(0xc000962960, 0x0, 0x3d70600, 0xc0003f1540)&#xA;&#x9;/Users/ninapolshakova/go/pkg/mod/github.com/onsi/ginkgo@v1.14.1/internal/spec/spec.go:215 +0x6d8&#xA;github.com/onsi/ginkgo/internal/spec.(*Spec).Run(0xc000962960, 0x3d70600, 0xc0003f1540)&#xA;&#x9;/Users/ninapolshakova/go/pkg/mod/github.com/onsi/ginkgo@v1.14.1/internal/spec/spec.go:138 +0xf2&#xA;github.com/onsi/ginkgo/internal/specrunner.(*SpecRunner).runSpec(0xc001703400, 0xc000962960, 0x0)&#xA;&#x9;/Users/ninapolshakova/go/pkg/mod/github.com/onsi/ginkgo@v1.14.1/internal/specrunner/spec_runner.go:200 +0x10f&#xA;github.com/onsi/ginkgo/internal/specrunner.(*SpecRunner).runSpecs(0xc001703400, 0x1)&#xA;&#x9;/Users/ninapolshakova/go/pkg/mod/github.com/onsi/ginkgo@v1.14.1/internal/specrunner/spec_runner.go:170 +0x120&#xA;github.com/onsi/ginkgo/internal/specrunner.(*SpecRunner).Run(0xc001703400, 0xc00148b160)&#xA;&#x9;/Users/ninapolshakova/go/pkg/mod/github.com/onsi/ginkgo@v1.14.1/internal/specrunner/spec_runner.go:66 +0x117&#xA;github.com/onsi/ginkgo/internal/suite.(*Suite).Run(0xc0003fbc00, 0xa694e00, 0xc0004ebd40, 0x382150c, 0xa, 0xc0005d9360, 0x2, 0x2, 0x3e27ea0, 0xc0003f1540, ...)&#xA;&#x9;/Users/ninapolshakova/go/pkg/mod/github.com/onsi/ginkgo@v1.14.1/internal/suite/suite.go:79 +0x586&#xA;github.com/onsi/ginkgo.RunSpecsWithCustomReporters(0x3d7a8c0, 0xc0004ebd40, 0x382150c, 0xa, 0xc0005d9340, 0x2, 0x2, 0x2)&#xA;&#x9;/Users/ninapolshakova/go/pkg/mod/github.com/onsi/ginkgo@v1.14.1/ginkgo_dsl.go:219 +0x220&#xA;github.com/onsi/ginkgo.RunSpecsWithDefaultAndCustomReporters(0x3d7a8c0, 0xc0004ebd40, 0x382150c, 0xa, 0xc0004b4f60, 0x1, 0x1, 0x1)&#xA;&#x9;/Users/ninapolshakova/go/pkg/mod/github.com/onsi/ginkgo@v1.14.1/ginkgo_dsl.go:207 +0xad&#xA;github.com/solo-io/gloo/install/test.TestHelm(0xc0004ebd40)&#xA;&#x9;/Users/ninapolshakova/gloo/install/test/helm_suite_test.go:42 +0x18d&#xA;testing.tRunner(0xc0004ebd40, 0x393e720)&#xA;&#x9;/usr/local/Cellar/go@1.14/1.14.15/libexec/src/testing/testing.go:1050 +0xdc&#xA;created by testing.(*T).Run&#xA;&#x9;/usr/local/Cellar/go@1.14/1.14.15/libexec/src/testing/testing.go:1095 +0x28b</failure>
      </testcase>
      <testcase name="Helm Test Helm 2 gateway default gateways can set accessLoggingService" classname="Helm Suite" time="0.007041624">
          <failure type="Failure">/Users/ninapolshakova/gloo/install/test/helm_test.go:1084&#xA;Failed to render manifest&#xA;Unexpected error:&#xA;    &lt;*errors.errorString | 0xc0004f7c30&gt;: {&#xA;        s: &#34;parse error in \&#34;gloo/templates/9-gateway-proxy-configmap.yaml\&#34;: template: gloo/templates/9-gateway-proxy-configmap.yaml:8: function \&#34;deepCopy\&#34; not defined&#34;,&#xA;    }&#xA;    parse error in &#34;gloo/templates/9-gateway-proxy-configmap.yaml&#34;: template: gloo/templates/9-gateway-proxy-configmap.yaml:8: function &#34;deepCopy&#34; not defined&#xA;occurred&#xA;/Users/ninapolshakova/go/pkg/mod/github.com/onsi/gomega@v1.10.2/internal/assertion/assertion.go:48</failure>
      </testcase>
      <testcase name="Helm Test Helm 2 gateway default gateways can set tracing provider" classname="Helm Suite" time="0.007349092">
          <failure type="Failure">/Users/ninapolshakova/gloo/install/test/helm_test.go:1144&#xA;Failed to render manifest&#xA;Unexpected error:&#xA;    &lt;*errors.errorString | 0xc0016add30&gt;: {&#xA;        s: &#34;parse error in \&#34;gloo/templates/9-gateway-proxy-configmap.yaml\&#34;: template: gloo/templates/9-gateway-proxy-configmap.yaml:8: function \&#34;deepCopy\&#34; not defined&#34;,&#xA;    }&#xA;    parse error in &#34;gloo/templates/9-gateway-proxy-configmap.yaml&#34;: template: gloo/templates/9-gateway-proxy-configmap.yaml:8: function &#34;deepCopy&#34; not defined&#xA;occurred&#xA;/Users/ninapolshakova/go/pkg/mod/github.com/onsi/gomega@v1.10.2/internal/assertion/assertion.go:48</failure>
      </testcase>
      <testcase name="Helm Test Helm 2 gateway default gateways gwp hpa disabled by default" classname="Helm Suite" time="0.000119734">
          <failure type="Panic">/Users/ninapolshakova/gloo/install/test/helm_test.go:1204&#xA;Test Panicked&#xA;/usr/local/Cellar/go@1.14/1.14.15/libexec/src/runtime/panic.go:212&#xA;&#xA;Panic: runtime error: invalid memory address or nil pointer dereference&#xA;&#xA;Full stack:&#xA;github.com/solo-io/gloo/install/test.glob..func2.2.1.9.4.11()&#xA;&#x9;/Users/ninapolshakova/gloo/install/test/helm_test.go:1206 +0x2c&#xA;github.com/onsi/ginkgo/internal/leafnodes.(*runner).runSync(0xc00080ff80, 0x0, 0x0, 0x0, 0x0, 0x0, 0x0, 0x0, 0x0, 0x0, ...)&#xA;&#x9;/Users/ninapolshakova/go/pkg/mod/github.com/onsi/ginkgo@v1.14.1/internal/leafnodes/runner.go:113 +0xa3&#xA;github.com/onsi/ginkgo/internal/leafnodes.(*runner).run(0xc00080ff80, 0x3, 0x0, 0x0, 0x0, 0x0, 0x0, 0x0, 0x0, 0x0, ...)&#xA;&#x9;/Users/ninapolshakova/go/pkg/mod/github.com/onsi/ginkgo@v1.14.1/internal/leafnodes/runner.go:64 +0x12c&#xA;github.com/onsi/ginkgo/internal/leafnodes.(*ItNode).Run(0xc001296c20, 0x3d70600, 0x0, 0x0, 0x0, 0x0, 0x0, 0x0, 0x0, 0x0, ...)&#xA;&#x9;/Users/ninapolshakova/go/pkg/mod/github.com/onsi/ginkgo@v1.14.1/internal/leafnodes/it_node.go:26 +0x7f&#xA;github.com/onsi/ginkgo/internal/spec.(*Spec).runSample(0xc000962c30, 0x0, 0x3d70600, 0xc0003f1540)&#xA;&#x9;/Users/ninapolshakova/go/pkg/mod/github.com/onsi/ginkgo@v1.14.1/internal/spec/spec.go:215 +0x6d8&#xA;github.com/onsi/ginkgo/internal/spec.(*Spec).Run(0xc000962c30, 0x3d70600, 0xc0003f1540)&#xA;&#x9;/Users/ninapolshakova/go/pkg/mod/github.com/onsi/ginkgo@v1.14.1/internal/spec/spec.go:138 +0xf2&#xA;github.com/onsi/ginkgo/internal/specrunner.(*SpecRunner).runSpec(0xc001703400, 0xc000962c30, 0x0)&#xA;&#x9;/Users/ninapolshakova/go/pkg/mod/github.com/onsi/ginkgo@v1.14.1/internal/specrunner/spec_runner.go:200 +0x10f&#xA;github.com/onsi/ginkgo/internal/specrunner.(*SpecRunner).runSpecs(0xc001703400, 0x1)&#xA;&#x9;/Users/ninapolshakova/go/pkg/mod/github.com/onsi/ginkgo@v1.14.1/internal/specrunner/spec_runner.go:170 +0x120&#xA;github.com/onsi/ginkgo/internal/specrunner.(*SpecRunner).Run(0xc001703400, 0xc00148b160)&#xA;&#x9;/Users/ninapolshakova/go/pkg/mod/github.com/onsi/ginkgo@v1.14.1/internal/specrunner/spec_runner.go:66 +0x117&#xA;github.com/onsi/ginkgo/internal/suite.(*Suite).Run(0xc0003fbc00, 0xa694e00, 0xc0004ebd40, 0x382150c, 0xa, 0xc0005d9360, 0x2, 0x2, 0x3e27ea0, 0xc0003f1540, ...)&#xA;&#x9;/Users/ninapolshakova/go/pkg/mod/github.com/onsi/ginkgo@v1.14.1/internal/suite/suite.go:79 +0x586&#xA;github.com/onsi/ginkgo.RunSpecsWithCustomReporters(0x3d7a8c0, 0xc0004ebd40, 0x382150c, 0xa, 0xc0005d9340, 0x2, 0x2, 0x2)&#xA;&#x9;/Users/ninapolshakova/go/pkg/mod/github.com/onsi/ginkgo@v1.14.1/ginkgo_dsl.go:219 +0x220&#xA;github.com/onsi/ginkgo.RunSpecsWithDefaultAndCustomReporters(0x3d7a8c0, 0xc0004ebd40, 0x382150c, 0xa, 0xc0004b4f60, 0x1, 0x1, 0x1)&#xA;&#x9;/Users/ninapolshakova/go/pkg/mod/github.com/onsi/ginkgo@v1.14.1/ginkgo_dsl.go:207 +0xad&#xA;github.com/solo-io/gloo/install/test.TestHelm(0xc0004ebd40)&#xA;&#x9;/Users/ninapolshakova/gloo/install/test/helm_suite_test.go:42 +0x18d&#xA;testing.tRunner(0xc0004ebd40, 0x393e720)&#xA;&#x9;/usr/local/Cellar/go@1.14/1.14.15/libexec/src/testing/testing.go:1050 +0xdc&#xA;created by testing.(*T).Run&#xA;&#x9;/usr/local/Cellar/go@1.14/1.14.15/libexec/src/testing/testing.go:1095 +0x28b</failure>
      </testcase>
      <testcase name="Helm Test Helm 2 gateway default gateways can create gwp autoscaling/v1 hpa" classname="Helm Suite" time="0.006502084">
          <failure type="Failure">/Users/ninapolshakova/gloo/install/test/helm_test.go:1209&#xA;Failed to render manifest&#xA;Unexpected error:&#xA;    &lt;*errors.errorString | 0xc00196bfc0&gt;: {&#xA;        s: &#34;parse error in \&#34;gloo/templates/9-gateway-proxy-configmap.yaml\&#34;: template: gloo/templates/9-gateway-proxy-configmap.yaml:8: function \&#34;deepCopy\&#34; not defined&#34;,&#xA;    }&#xA;    parse error in &#34;gloo/templates/9-gateway-proxy-configmap.yaml&#34;: template: gloo/templates/9-gateway-proxy-configmap.yaml:8: function &#34;deepCopy&#34; not defined&#xA;occurred&#xA;/Users/ninapolshakova/go/pkg/mod/github.com/onsi/gomega@v1.10.2/internal/assertion/assertion.go:48</failure>
      </testcase>
      <testcase name="Helm Test Helm 2 gateway default gateways can create gwp autoscaling/v2beta2 hpa" classname="Helm Suite" time="0.008134554">
          <failure type="Failure">/Users/ninapolshakova/gloo/install/test/helm_test.go:1243&#xA;Failed to render manifest&#xA;Unexpected error:&#xA;    &lt;*errors.errorString | 0xc00084abb0&gt;: {&#xA;        s: &#34;parse error in \&#34;gloo/templates/9-gateway-proxy-configmap.yaml\&#34;: template: gloo/templates/9-gateway-proxy-configmap.yaml:8: function \&#34;deepCopy\&#34; not defined&#34;,&#xA;    }&#xA;    parse error in &#34;gloo/templates/9-gateway-proxy-configmap.yaml&#34;: template: gloo/templates/9-gateway-proxy-configmap.yaml:8: function &#34;deepCopy&#34; not defined&#xA;occurred&#xA;/Users/ninapolshakova/go/pkg/mod/github.com/onsi/gomega@v1.10.2/internal/assertion/assertion.go:48</failure>
      </testcase>
      <testcase name="Helm Test Helm 2 gateway default gateways gwp pdb disabled by default" classname="Helm Suite" time="0.000162807">
          <failure type="Panic">/Users/ninapolshakova/gloo/install/test/helm_test.go:1286&#xA;Test Panicked&#xA;/usr/local/Cellar/go@1.14/1.14.15/libexec/src/runtime/panic.go:212&#xA;&#xA;Panic: runtime error: invalid memory address or nil pointer dereference&#xA;&#xA;Full stack:&#xA;github.com/solo-io/gloo/install/test.glob..func2.2.1.9.4.14()&#xA;&#x9;/Users/ninapolshakova/gloo/install/test/helm_test.go:1288 +0x2c&#xA;github.com/onsi/ginkgo/internal/leafnodes.(*runner).runSync(0xc00044a240, 0x0, 0x0, 0x0, 0x0, 0x0, 0x0, 0x0, 0x0, 0x0, ...)&#xA;&#x9;/Users/ninapolshakova/go/pkg/mod/github.com/onsi/ginkgo@v1.14.1/internal/leafnodes/runner.go:113 +0xa3&#xA;github.com/onsi/ginkgo/internal/leafnodes.(*runner).run(0xc00044a240, 0x3, 0x0, 0x0, 0x0, 0x0, 0x0, 0x0, 0x0, 0x0, ...)&#xA;&#x9;/Users/ninapolshakova/go/pkg/mod/github.com/onsi/ginkgo@v1.14.1/internal/leafnodes/runner.go:64 +0x12c&#xA;github.com/onsi/ginkgo/internal/leafnodes.(*ItNode).Run(0xc001296ec0, 0x3d70600, 0x0, 0x0, 0x0, 0x0, 0x0, 0x0, 0x0, 0x0, ...)&#xA;&#x9;/Users/ninapolshakova/go/pkg/mod/github.com/onsi/ginkgo@v1.14.1/internal/leafnodes/it_node.go:26 +0x7f&#xA;github.com/onsi/ginkgo/internal/spec.(*Spec).runSample(0xc000962f00, 0x0, 0x3d70600, 0xc0003f1540)&#xA;&#x9;/Users/ninapolshakova/go/pkg/mod/github.com/onsi/ginkgo@v1.14.1/internal/spec/spec.go:215 +0x6d8&#xA;github.com/onsi/ginkgo/internal/spec.(*Spec).Run(0xc000962f00, 0x3d70600, 0xc0003f1540)&#xA;&#x9;/Users/ninapolshakova/go/pkg/mod/github.com/onsi/ginkgo@v1.14.1/internal/spec/spec.go:138 +0xf2&#xA;github.com/onsi/ginkgo/internal/specrunner.(*SpecRunner).runSpec(0xc001703400, 0xc000962f00, 0x0)&#xA;&#x9;/Users/ninapolshakova/go/pkg/mod/github.com/onsi/ginkgo@v1.14.1/internal/specrunner/spec_runner.go:200 +0x10f&#xA;github.com/onsi/ginkgo/internal/specrunner.(*SpecRunner).runSpecs(0xc001703400, 0x1)&#xA;&#x9;/Users/ninapolshakova/go/pkg/mod/github.com/onsi/ginkgo@v1.14.1/internal/specrunner/spec_runner.go:170 +0x120&#xA;github.com/onsi/ginkgo/internal/specrunner.(*SpecRunner).Run(0xc001703400, 0xc00148b160)&#xA;&#x9;/Users/ninapolshakova/go/pkg/mod/github.com/onsi/ginkgo@v1.14.1/internal/specrunner/spec_runner.go:66 +0x117&#xA;github.com/onsi/ginkgo/internal/suite.(*Suite).Run(0xc0003fbc00, 0xa694e00, 0xc0004ebd40, 0x382150c, 0xa, 0xc0005d9360, 0x2, 0x2, 0x3e27ea0, 0xc0003f1540, ...)&#xA;&#x9;/Users/ninapolshakova/go/pkg/mod/github.com/onsi/ginkgo@v1.14.1/internal/suite/suite.go:79 +0x586&#xA;github.com/onsi/ginkgo.RunSpecsWithCustomReporters(0x3d7a8c0, 0xc0004ebd40, 0x382150c, 0xa, 0xc0005d9340, 0x2, 0x2, 0x2)&#xA;&#x9;/Users/ninapolshakova/go/pkg/mod/github.com/onsi/ginkgo@v1.14.1/ginkgo_dsl.go:219 +0x220&#xA;github.com/onsi/ginkgo.RunSpecsWithDefaultAndCustomReporters(0x3d7a8c0, 0xc0004ebd40, 0x382150c, 0xa, 0xc0004b4f60, 0x1, 0x1, 0x1)&#xA;&#x9;/Users/ninapolshakova/go/pkg/mod/github.com/onsi/ginkgo@v1.14.1/ginkgo_dsl.go:207 +0xad&#xA;github.com/solo-io/gloo/install/test.TestHelm(0xc0004ebd40)&#xA;&#x9;/Users/ninapolshakova/gloo/install/test/helm_suite_test.go:42 +0x18d&#xA;testing.tRunner(0xc0004ebd40, 0x393e720)&#xA;&#x9;/usr/local/Cellar/go@1.14/1.14.15/libexec/src/testing/testing.go:1050 +0xdc&#xA;created by testing.(*T).Run&#xA;&#x9;/usr/local/Cellar/go@1.14/1.14.15/libexec/src/testing/testing.go:1095 +0x28b</failure>
      </testcase>
      <testcase name="Helm Test Helm 2 gateway default gateways can create gwp pdb with minAvailable" classname="Helm Suite" time="0.00684472">
          <failure type="Failure">/Users/ninapolshakova/gloo/install/test/helm_test.go:1291&#xA;Failed to render manifest&#xA;Unexpected error:&#xA;    &lt;*errors.errorString | 0xc001ea8b20&gt;: {&#xA;        s: &#34;parse error in \&#34;gloo/templates/9-gateway-proxy-configmap.yaml\&#34;: template: gloo/templates/9-gateway-proxy-configmap.yaml:8: function \&#34;deepCopy\&#34; not defined&#34;,&#xA;    }&#xA;    parse error in &#34;gloo/templates/9-gateway-proxy-configmap.yaml&#34;: template: gloo/templates/9-gateway-proxy-configmap.yaml:8: function &#34;deepCopy&#34; not defined&#xA;occurred&#xA;/Users/ninapolshakova/go/pkg/mod/github.com/onsi/gomega@v1.10.2/internal/assertion/assertion.go:48</failure>
      </testcase>
      <testcase name="Helm Test Helm 2 gateway default gateways can create gwp pdb with maxUnavailable" classname="Helm Suite" time="0.006884637">
          <failure type="Failure">/Users/ninapolshakova/gloo/install/test/helm_test.go:1315&#xA;Failed to render manifest&#xA;Unexpected error:&#xA;    &lt;*errors.errorString | 0xc000c4bd30&gt;: {&#xA;        s: &#34;parse error in \&#34;gloo/templates/9-gateway-proxy-configmap.yaml\&#34;: template: gloo/templates/9-gateway-proxy-configmap.yaml:8: function \&#34;deepCopy\&#34; not defined&#34;,&#xA;    }&#xA;    parse error in &#34;gloo/templates/9-gateway-proxy-configmap.yaml&#34;: template: gloo/templates/9-gateway-proxy-configmap.yaml:8: function &#34;deepCopy&#34; not defined&#xA;occurred&#xA;/Users/ninapolshakova/go/pkg/mod/github.com/onsi/gomega@v1.10.2/internal/assertion/assertion.go:48</failure>
      </testcase>
      <testcase name="Helm Test Helm 2 gateway default gateways can render with custom listener yaml" classname="Helm Suite" time="0.010013097">
          <failure type="Failure">/Users/ninapolshakova/gloo/install/test/helm_test.go:1339&#xA;Failed to render manifest&#xA;Unexpected error:&#xA;    &lt;*errors.errorString | 0xc0002716c0&gt;: {&#xA;        s: &#34;parse error in \&#34;gloo/templates/9-gateway-proxy-configmap.yaml\&#34;: template: gloo/templates/9-gateway-proxy-configmap.yaml:8: function \&#34;deepCopy\&#34; not defined&#34;,&#xA;    }&#xA;    parse error in &#34;gloo/templates/9-gateway-proxy-configmap.yaml&#34;: template: gloo/templates/9-gateway-proxy-configmap.yaml:8: function &#34;deepCopy&#34; not defined&#xA;occurred&#xA;/Users/ninapolshakova/go/pkg/mod/github.com/onsi/gomega@v1.10.2/internal/assertion/assertion.go:48</failure>
      </testcase>
      <testcase name="Helm Test Helm 2 gateway Failover Gateway renders with http/https gateways by default" classname="Helm Suite" time="0.007639004">
          <failure type="Failure">/Users/ninapolshakova/gloo/install/test/helm_test.go:1384&#xA;Failed to render manifest&#xA;Unexpected error:&#xA;    &lt;*errors.errorString | 0xc0003e9b50&gt;: {&#xA;        s: &#34;parse error in \&#34;gloo/templates/9-gateway-proxy-configmap.yaml\&#34;: template: gloo/templates/9-gateway-proxy-configmap.yaml:8: function \&#34;deepCopy\&#34; not defined&#34;,&#xA;    }&#xA;    parse error in &#34;gloo/templates/9-gateway-proxy-configmap.yaml&#34;: template: gloo/templates/9-gateway-proxy-configmap.yaml:8: function &#34;deepCopy&#34; not defined&#xA;occurred&#xA;/Users/ninapolshakova/go/pkg/mod/github.com/onsi/gomega@v1.10.2/internal/assertion/assertion.go:48</failure>
      </testcase>
      <testcase name="Helm Test Helm 2 gateway Failover Gateway by default will not render failover gateway" classname="Helm Suite" time="0.006960218">
          <failure type="Failure">/Users/ninapolshakova/gloo/install/test/helm_test.go:1412&#xA;Failed to render manifest&#xA;Unexpected error:&#xA;    &lt;*errors.errorString | 0xc00095f060&gt;: {&#xA;        s: &#34;parse error in \&#34;gloo/templates/9-gateway-proxy-configmap.yaml\&#34;: template: gloo/templates/9-gateway-proxy-configmap.yaml:8: function \&#34;deepCopy\&#34; not defined&#34;,&#xA;    }&#xA;    parse error in &#34;gloo/templates/9-gateway-proxy-configmap.yaml&#34;: template: gloo/templates/9-gateway-proxy-configmap.yaml:8: function &#34;deepCopy&#34; not defined&#xA;occurred&#xA;/Users/ninapolshakova/go/pkg/mod/github.com/onsi/gomega@v1.10.2/internal/assertion/assertion.go:48</failure>
      </testcase>
      <testcase name="Helm Test Helm 2 gateway custom gateway when the default values weren&#39;t overridden uses default values for the gateway" classname="Helm Suite" time="0.007463591">
          <failure type="Failure">/Users/ninapolshakova/gloo/install/test/helm_test.go:1421&#xA;Failed to render manifest&#xA;Unexpected error:&#xA;    &lt;*errors.errorString | 0xc00166cc70&gt;: {&#xA;        s: &#34;parse error in \&#34;gloo/templates/9-gateway-proxy-configmap.yaml\&#34;: template: gloo/templates/9-gateway-proxy-configmap.yaml:8: function \&#34;deepCopy\&#34; not defined&#34;,&#xA;    }&#xA;    parse error in &#34;gloo/templates/9-gateway-proxy-configmap.yaml&#34;: template: gloo/templates/9-gateway-proxy-configmap.yaml:8: function &#34;deepCopy&#34; not defined&#xA;occurred&#xA;/Users/ninapolshakova/go/pkg/mod/github.com/onsi/gomega@v1.10.2/internal/assertion/assertion.go:48</failure>
      </testcase>
      <testcase name="Helm Test Helm 2 gateway custom gateway when the default values weren&#39;t overridden uses default values for the deployment" classname="Helm Suite" time="0.007622546">
          <failure type="Failure">/Users/ninapolshakova/gloo/install/test/helm_test.go:1421&#xA;Failed to render manifest&#xA;Unexpected error:&#xA;    &lt;*errors.errorString | 0xc000817710&gt;: {&#xA;        s: &#34;parse error in \&#34;gloo/templates/9-gateway-proxy-configmap.yaml\&#34;: template: gloo/templates/9-gateway-proxy-configmap.yaml:8: function \&#34;deepCopy\&#34; not defined&#34;,&#xA;    }&#xA;    parse error in &#34;gloo/templates/9-gateway-proxy-configmap.yaml&#34;: template: gloo/templates/9-gateway-proxy-configmap.yaml:8: function &#34;deepCopy&#34; not defined&#xA;occurred&#xA;/Users/ninapolshakova/go/pkg/mod/github.com/onsi/gomega@v1.10.2/internal/assertion/assertion.go:48</failure>
      </testcase>
      <testcase name="Helm Test Helm 2 gateway custom gateway when the default values weren&#39;t overridden uses default values for the service" classname="Helm Suite" time="0.007729345">
          <failure type="Failure">/Users/ninapolshakova/gloo/install/test/helm_test.go:1421&#xA;Failed to render manifest&#xA;Unexpected error:&#xA;    &lt;*errors.errorString | 0xc000ead410&gt;: {&#xA;        s: &#34;parse error in \&#34;gloo/templates/9-gateway-proxy-configmap.yaml\&#34;: template: gloo/templates/9-gateway-proxy-configmap.yaml:8: function \&#34;deepCopy\&#34; not defined&#34;,&#xA;    }&#xA;    parse error in &#34;gloo/templates/9-gateway-proxy-configmap.yaml&#34;: template: gloo/templates/9-gateway-proxy-configmap.yaml:8: function &#34;deepCopy&#34; not defined&#xA;occurred&#xA;/Users/ninapolshakova/go/pkg/mod/github.com/onsi/gomega@v1.10.2/internal/assertion/assertion.go:48</failure>
      </testcase>
      <testcase name="Helm Test Helm 2 gateway custom gateway when the default values weren&#39;t overridden uses default values for the config map" classname="Helm Suite" time="0.007558435">
          <failure type="Failure">/Users/ninapolshakova/gloo/install/test/helm_test.go:1421&#xA;Failed to render manifest&#xA;Unexpected error:&#xA;    &lt;*errors.errorString | 0xc001bf7980&gt;: {&#xA;        s: &#34;parse error in \&#34;gloo/templates/9-gateway-proxy-configmap.yaml\&#34;: template: gloo/templates/9-gateway-proxy-configmap.yaml:8: function \&#34;deepCopy\&#34; not defined&#34;,&#xA;    }&#xA;    parse error in &#34;gloo/templates/9-gateway-proxy-configmap.yaml&#34;: template: gloo/templates/9-gateway-proxy-configmap.yaml:8: function &#34;deepCopy&#34; not defined&#xA;occurred&#xA;/Users/ninapolshakova/go/pkg/mod/github.com/onsi/gomega@v1.10.2/internal/assertion/assertion.go:48</failure>
      </testcase>
      <testcase name="Helm Test Helm 2 gateway custom gateway when default values are overridden by custom gatewayproxy uses merged values for the gateway" classname="Helm Suite" time="0.007508634">
          <failure type="Failure">/Users/ninapolshakova/gloo/install/test/helm_test.go:1461&#xA;Failed to render manifest&#xA;Unexpected error:&#xA;    &lt;*errors.errorString | 0xc001ef6ff0&gt;: {&#xA;        s: &#34;parse error in \&#34;gloo/templates/9-gateway-proxy-configmap.yaml\&#34;: template: gloo/templates/9-gateway-proxy-configmap.yaml:8: function \&#34;deepCopy\&#34; not defined&#34;,&#xA;    }&#xA;    parse error in &#34;gloo/templates/9-gateway-proxy-configmap.yaml&#34;: template: gloo/templates/9-gateway-proxy-configmap.yaml:8: function &#34;deepCopy&#34; not defined&#xA;occurred&#xA;/Users/ninapolshakova/go/pkg/mod/github.com/onsi/gomega@v1.10.2/internal/assertion/assertion.go:48</failure>
      </testcase>
      <testcase name="Helm Test Helm 2 gateway custom gateway when default values are overridden by custom gatewayproxy uses merged values for the deployment" classname="Helm Suite" time="0.008671896">
          <failure type="Failure">/Users/ninapolshakova/gloo/install/test/helm_test.go:1461&#xA;Failed to render manifest&#xA;Unexpected error:&#xA;    &lt;*errors.errorString | 0xc0018bfe00&gt;: {&#xA;        s: &#34;parse error in \&#34;gloo/templates/9-gateway-proxy-configmap.yaml\&#34;: template: gloo/templates/9-gateway-proxy-configmap.yaml:8: function \&#34;deepCopy\&#34; not defined&#34;,&#xA;    }&#xA;    parse error in &#34;gloo/templates/9-gateway-proxy-configmap.yaml&#34;: template: gloo/templates/9-gateway-proxy-configmap.yaml:8: function &#34;deepCopy&#34; not defined&#xA;occurred&#xA;/Users/ninapolshakova/go/pkg/mod/github.com/onsi/gomega@v1.10.2/internal/assertion/assertion.go:48</failure>
      </testcase>
      <testcase name="Helm Test Helm 2 gateway custom gateway when default values are overridden by custom gatewayproxy uses merged values for the service" classname="Helm Suite" time="0.00644186">
          <failure type="Failure">/Users/ninapolshakova/gloo/install/test/helm_test.go:1461&#xA;Failed to render manifest&#xA;Unexpected error:&#xA;    &lt;*errors.errorString | 0xc000a085f0&gt;: {&#xA;        s: &#34;parse error in \&#34;gloo/templates/9-gateway-proxy-configmap.yaml\&#34;: template: gloo/templates/9-gateway-proxy-configmap.yaml:8: function \&#34;deepCopy\&#34; not defined&#34;,&#xA;    }&#xA;    parse error in &#34;gloo/templates/9-gateway-proxy-configmap.yaml&#34;: template: gloo/templates/9-gateway-proxy-configmap.yaml:8: function &#34;deepCopy&#34; not defined&#xA;occurred&#xA;/Users/ninapolshakova/go/pkg/mod/github.com/onsi/gomega@v1.10.2/internal/assertion/assertion.go:48</failure>
      </testcase>
      <testcase name="Helm Test Helm 2 gateway custom gateway when default values are overridden by custom gatewayproxy uses merged values for the config map" classname="Helm Suite" time="0.006487566">
          <failure type="Failure">/Users/ninapolshakova/gloo/install/test/helm_test.go:1461&#xA;Failed to render manifest&#xA;Unexpected error:&#xA;    &lt;*errors.errorString | 0xc00066e550&gt;: {&#xA;        s: &#34;parse error in \&#34;gloo/templates/9-gateway-proxy-configmap.yaml\&#34;: template: gloo/templates/9-gateway-proxy-configmap.yaml:8: function \&#34;deepCopy\&#34; not defined&#34;,&#xA;    }&#xA;    parse error in &#34;gloo/templates/9-gateway-proxy-configmap.yaml&#34;: template: gloo/templates/9-gateway-proxy-configmap.yaml:8: function &#34;deepCopy&#34; not defined&#xA;occurred&#xA;/Users/ninapolshakova/go/pkg/mod/github.com/onsi/gomega@v1.10.2/internal/assertion/assertion.go:48</failure>
      </testcase>
      <testcase name="Helm Test Helm 2 gateway when multiple custom gatewayproxy override disabled default proxy correctly merges custom gatewayproxy values" classname="Helm Suite" time="0.005654343">
          <failure type="Failure">/Users/ninapolshakova/gloo/install/test/helm_test.go:1505&#xA;Failed to render manifest&#xA;Unexpected error:&#xA;    &lt;*errors.errorString | 0xc00197de40&gt;: {&#xA;        s: &#34;parse error in \&#34;gloo/templates/9-gateway-proxy-configmap.yaml\&#34;: template: gloo/templates/9-gateway-proxy-configmap.yaml:8: function \&#34;deepCopy\&#34; not defined&#34;,&#xA;    }&#xA;    parse error in &#34;gloo/templates/9-gateway-proxy-configmap.yaml&#34;: template: gloo/templates/9-gateway-proxy-configmap.yaml:8: function &#34;deepCopy&#34; not defined&#xA;occurred&#xA;/Users/ninapolshakova/go/pkg/mod/github.com/onsi/gomega@v1.10.2/internal/assertion/assertion.go:48</failure>
      </testcase>
      <testcase name="Helm Test Helm 2 gateway gateway-proxy service account sets extra annotations" classname="Helm Suite" time="0.005400105">
          <failure type="Failure">/Users/ninapolshakova/gloo/install/test/helm_test.go:1552&#xA;Failed to render manifest&#xA;Unexpected error:&#xA;    &lt;*errors.errorString | 0xc000b7c8e0&gt;: {&#xA;        s: &#34;parse error in \&#34;gloo/templates/9-gateway-proxy-configmap.yaml\&#34;: template: gloo/templates/9-gateway-proxy-configmap.yaml:8: function \&#34;deepCopy\&#34; not defined&#34;,&#xA;    }&#xA;    parse error in &#34;gloo/templates/9-gateway-proxy-configmap.yaml&#34;: template: gloo/templates/9-gateway-proxy-configmap.yaml:8: function &#34;deepCopy&#34; not defined&#xA;occurred&#xA;/Users/ninapolshakova/go/pkg/mod/github.com/onsi/gomega@v1.10.2/internal/assertion/assertion.go:48</failure>
      </testcase>
      <testcase name="Helm Test Helm 2 gateway gateway-proxy service is not created if disabled" classname="Helm Suite" time="0.005266815">
          <failure type="Failure">/Users/ninapolshakova/gloo/install/test/helm_test.go:1604&#xA;Failed to render manifest&#xA;Unexpected error:&#xA;    &lt;*errors.errorString | 0xc00171d8b0&gt;: {&#xA;        s: &#34;parse error in \&#34;gloo/templates/9-gateway-proxy-configmap.yaml\&#34;: template: gloo/templates/9-gateway-proxy-configmap.yaml:8: function \&#34;deepCopy\&#34; not defined&#34;,&#xA;    }&#xA;    parse error in &#34;gloo/templates/9-gateway-proxy-configmap.yaml&#34;: template: gloo/templates/9-gateway-proxy-configmap.yaml:8: function &#34;deepCopy&#34; not defined&#xA;occurred&#xA;/Users/ninapolshakova/go/pkg/mod/github.com/onsi/gomega@v1.10.2/internal/assertion/assertion.go:48</failure>
      </testcase>
      <testcase name="Helm Test Helm 2 gateway gateway-proxy service sets extra annotations" classname="Helm Suite" time="0.005352061">
          <failure type="Failure">/Users/ninapolshakova/gloo/install/test/helm_test.go:1619&#xA;Failed to render manifest&#xA;Unexpected error:&#xA;    &lt;*errors.errorString | 0xc00127eb60&gt;: {&#xA;        s: &#34;parse error in \&#34;gloo/templates/9-gateway-proxy-configmap.yaml\&#34;: template: gloo/templates/9-gateway-proxy-configmap.yaml:8: function \&#34;deepCopy\&#34; not defined&#34;,&#xA;    }&#xA;    parse error in &#34;gloo/templates/9-gateway-proxy-configmap.yaml&#34;: template: gloo/templates/9-gateway-proxy-configmap.yaml:8: function &#34;deepCopy&#34; not defined&#xA;occurred&#xA;/Users/ninapolshakova/go/pkg/mod/github.com/onsi/gomega@v1.10.2/internal/assertion/assertion.go:48</failure>
      </testcase>
      <testcase name="Helm Test Helm 2 gateway gateway-proxy service sets externalIPs" classname="Helm Suite" time="0.006197572">
          <failure type="Failure">/Users/ninapolshakova/gloo/install/test/helm_test.go:1630&#xA;Failed to render manifest&#xA;Unexpected error:&#xA;    &lt;*errors.errorString | 0xc0019a1f40&gt;: {&#xA;        s: &#34;parse error in \&#34;gloo/templates/9-gateway-proxy-configmap.yaml\&#34;: template: gloo/templates/9-gateway-proxy-configmap.yaml:8: function \&#34;deepCopy\&#34; not defined&#34;,&#xA;    }&#xA;    parse error in &#34;gloo/templates/9-gateway-proxy-configmap.yaml&#34;: template: gloo/templates/9-gateway-proxy-configmap.yaml:8: function &#34;deepCopy&#34; not defined&#xA;occurred&#xA;/Users/ninapolshakova/go/pkg/mod/github.com/onsi/gomega@v1.10.2/internal/assertion/assertion.go:48</failure>
      </testcase>
      <testcase name="Helm Test Helm 2 gateway gateway-proxy service sets external traffic policy" classname="Helm Suite" time="0.007199958">
          <failure type="Failure">/Users/ninapolshakova/gloo/install/test/helm_test.go:1638&#xA;Failed to render manifest&#xA;Unexpected error:&#xA;    &lt;*errors.errorString | 0xc000a9c160&gt;: {&#xA;        s: &#34;parse error in \&#34;gloo/templates/9-gateway-proxy-configmap.yaml\&#34;: template: gloo/templates/9-gateway-proxy-configmap.yaml:8: function \&#34;deepCopy\&#34; not defined&#34;,&#xA;    }&#xA;    parse error in &#34;gloo/templates/9-gateway-proxy-configmap.yaml&#34;: template: gloo/templates/9-gateway-proxy-configmap.yaml:8: function &#34;deepCopy&#34; not defined&#xA;occurred&#xA;/Users/ninapolshakova/go/pkg/mod/github.com/onsi/gomega@v1.10.2/internal/assertion/assertion.go:48</failure>
      </testcase>
      <testcase name="Helm Test Helm 2 gateway gateway-proxy service sets cluster IP" classname="Helm Suite" time="0.007215419">
          <failure type="Failure">/Users/ninapolshakova/gloo/install/test/helm_test.go:1648&#xA;Failed to render manifest&#xA;Unexpected error:&#xA;    &lt;*errors.errorString | 0xc0022181c0&gt;: {&#xA;        s: &#34;parse error in \&#34;gloo/templates/9-gateway-proxy-configmap.yaml\&#34;: template: gloo/templates/9-gateway-proxy-configmap.yaml:8: function \&#34;deepCopy\&#34; not defined&#34;,&#xA;    }&#xA;    parse error in &#34;gloo/templates/9-gateway-proxy-configmap.yaml&#34;: template: gloo/templates/9-gateway-proxy-configmap.yaml:8: function &#34;deepCopy&#34; not defined&#xA;occurred&#xA;/Users/ninapolshakova/go/pkg/mod/github.com/onsi/gomega@v1.10.2/internal/assertion/assertion.go:48</failure>
      </testcase>
      <testcase name="Helm Test Helm 2 gateway gateway-proxy service sets load balancer IP" classname="Helm Suite" time="0.005943452">
          <failure type="Failure">/Users/ninapolshakova/gloo/install/test/helm_test.go:1660&#xA;Failed to render manifest&#xA;Unexpected error:&#xA;    &lt;*errors.errorString | 0xc002134820&gt;: {&#xA;        s: &#34;parse error in \&#34;gloo/templates/9-gateway-proxy-configmap.yaml\&#34;: template: gloo/templates/9-gateway-proxy-configmap.yaml:8: function \&#34;deepCopy\&#34; not defined&#34;,&#xA;    }&#xA;    parse error in &#34;gloo/templates/9-gateway-proxy-configmap.yaml&#34;: template: gloo/templates/9-gateway-proxy-configmap.yaml:8: function &#34;deepCopy&#34; not defined&#xA;occurred&#xA;/Users/ninapolshakova/go/pkg/mod/github.com/onsi/gomega@v1.10.2/internal/assertion/assertion.go:48</failure>
      </testcase>
      <testcase name="Helm Test Helm 2 gateway gateway-proxy service sets load balancer source ranges" classname="Helm Suite" time="0.007002286">
          <failure type="Failure">/Users/ninapolshakova/gloo/install/test/helm_test.go:1672&#xA;Failed to render manifest&#xA;Unexpected error:&#xA;    &lt;*errors.errorString | 0xc00115c500&gt;: {&#xA;        s: &#34;parse error in \&#34;gloo/templates/9-gateway-proxy-configmap.yaml\&#34;: template: gloo/templates/9-gateway-proxy-configmap.yaml:8: function \&#34;deepCopy\&#34; not defined&#34;,&#xA;    }&#xA;    parse error in &#34;gloo/templates/9-gateway-proxy-configmap.yaml&#34;: template: gloo/templates/9-gateway-proxy-configmap.yaml:8: function &#34;deepCopy&#34; not defined&#xA;occurred&#xA;/Users/ninapolshakova/go/pkg/mod/github.com/onsi/gomega@v1.10.2/internal/assertion/assertion.go:48</failure>
      </testcase>
      <testcase name="Helm Test Helm 2 gateway gateway-proxy service sets custom service name" classname="Helm Suite" time="0.008630144">
          <failure type="Failure">/Users/ninapolshakova/gloo/install/test/helm_test.go:1680&#xA;Failed to render manifest&#xA;Unexpected error:&#xA;    &lt;*errors.errorString | 0xc0015fbbf0&gt;: {&#xA;        s: &#34;parse error in \&#34;gloo/templates/9-gateway-proxy-configmap.yaml\&#34;: template: gloo/templates/9-gateway-proxy-configmap.yaml:8: function \&#34;deepCopy\&#34; not defined&#34;,&#xA;    }&#xA;    parse error in &#34;gloo/templates/9-gateway-proxy-configmap.yaml&#34;: template: gloo/templates/9-gateway-proxy-configmap.yaml:8: function &#34;deepCopy&#34; not defined&#xA;occurred&#xA;/Users/ninapolshakova/go/pkg/mod/github.com/onsi/gomega@v1.10.2/internal/assertion/assertion.go:48</failure>
      </testcase>
      <testcase name="Helm Test Helm 2 gateway gateway-proxy service adds failover port" classname="Helm Suite" time="0.00908953">
          <failure type="Failure">/Users/ninapolshakova/gloo/install/test/helm_test.go:1690&#xA;Failed to render manifest&#xA;Unexpected error:&#xA;    &lt;*errors.errorString | 0xc00196abd0&gt;: {&#xA;        s: &#34;parse error in \&#34;gloo/templates/9-gateway-proxy-configmap.yaml\&#34;: template: gloo/templates/9-gateway-proxy-configmap.yaml:8: function \&#34;deepCopy\&#34; not defined&#34;,&#xA;    }&#xA;    parse error in &#34;gloo/templates/9-gateway-proxy-configmap.yaml&#34;: template: gloo/templates/9-gateway-proxy-configmap.yaml:8: function &#34;deepCopy&#34; not defined&#xA;occurred&#xA;/Users/ninapolshakova/go/pkg/mod/github.com/onsi/gomega@v1.10.2/internal/assertion/assertion.go:48</failure>
      </testcase>
      <testcase name="Helm Test Helm 2 gateway gateway-proxy deployment gateway-proxy daemonset creates a daemonset" classname="Helm Suite" time="0.008387476">
          <failure type="Failure">/Users/ninapolshakova/gloo/install/test/helm_test.go:1823&#xA;Failed to render manifest&#xA;Unexpected error:&#xA;    &lt;*errors.errorString | 0xc001bea1b0&gt;: {&#xA;        s: &#34;parse error in \&#34;gloo/templates/9-gateway-proxy-configmap.yaml\&#34;: template: gloo/templates/9-gateway-proxy-configmap.yaml:8: function \&#34;deepCopy\&#34; not defined&#34;,&#xA;    }&#xA;    parse error in &#34;gloo/templates/9-gateway-proxy-configmap.yaml&#34;: template: gloo/templates/9-gateway-proxy-configmap.yaml:8: function &#34;deepCopy&#34; not defined&#xA;occurred&#xA;/Users/ninapolshakova/go/pkg/mod/github.com/onsi/gomega@v1.10.2/internal/assertion/assertion.go:48</failure>
      </testcase>
      <testcase name="Helm Test Helm 2 gateway gateway-proxy deployment creates a deployment" classname="Helm Suite" time="0.008834631">
          <failure type="Failure">/Users/ninapolshakova/gloo/install/test/helm_test.go:1834&#xA;Failed to render manifest&#xA;Unexpected error:&#xA;    &lt;*errors.errorString | 0xc00066f1a0&gt;: {&#xA;        s: &#34;parse error in \&#34;gloo/templates/9-gateway-proxy-configmap.yaml\&#34;: template: gloo/templates/9-gateway-proxy-configmap.yaml:8: function \&#34;deepCopy\&#34; not defined&#34;,&#xA;    }&#xA;    parse error in &#34;gloo/templates/9-gateway-proxy-configmap.yaml&#34;: template: gloo/templates/9-gateway-proxy-configmap.yaml:8: function &#34;deepCopy&#34; not defined&#xA;occurred&#xA;/Users/ninapolshakova/go/pkg/mod/github.com/onsi/gomega@v1.10.2/internal/assertion/assertion.go:48</failure>
      </testcase>
      <testcase name="Helm Test Helm 2 gateway gateway-proxy deployment supports multiple deployments" classname="Helm Suite" time="0.008307012">
          <failure type="Failure">/Users/ninapolshakova/gloo/install/test/helm_test.go:1839&#xA;Failed to render manifest&#xA;Unexpected error:&#xA;    &lt;*errors.errorString | 0xc001e45440&gt;: {&#xA;        s: &#34;parse error in \&#34;gloo/templates/9-gateway-proxy-configmap.yaml\&#34;: template: gloo/templates/9-gateway-proxy-configmap.yaml:8: function \&#34;deepCopy\&#34; not defined&#34;,&#xA;    }&#xA;    parse error in &#34;gloo/templates/9-gateway-proxy-configmap.yaml&#34;: template: gloo/templates/9-gateway-proxy-configmap.yaml:8: function &#34;deepCopy&#34; not defined&#xA;occurred&#xA;/Users/ninapolshakova/go/pkg/mod/github.com/onsi/gomega@v1.10.2/internal/assertion/assertion.go:48</failure>
      </testcase>
      <testcase name="Helm Test Helm 2 gateway gateway-proxy deployment supports extra args to envoy" classname="Helm Suite" time="0.010912798">
          <failure type="Failure">/Users/ninapolshakova/gloo/install/test/helm_test.go:1856&#xA;Failed to render manifest&#xA;Unexpected error:&#xA;    &lt;*errors.errorString | 0xc0004f6e50&gt;: {&#xA;        s: &#34;parse error in \&#34;gloo/templates/9-gateway-proxy-configmap.yaml\&#34;: template: gloo/templates/9-gateway-proxy-configmap.yaml:8: function \&#34;deepCopy\&#34; not defined&#34;,&#xA;    }&#xA;    parse error in &#34;gloo/templates/9-gateway-proxy-configmap.yaml&#34;: template: gloo/templates/9-gateway-proxy-configmap.yaml:8: function &#34;deepCopy&#34; not defined&#xA;occurred&#xA;/Users/ninapolshakova/go/pkg/mod/github.com/onsi/gomega@v1.10.2/internal/assertion/assertion.go:48</failure>
      </testcase>
      <testcase name="Helm Test Helm 2 gateway gateway-proxy deployment supports not specifying replicas to envoy" classname="Helm Suite" time="0.00790621">
          <failure type="Failure">/Users/ninapolshakova/gloo/install/test/helm_test.go:1872&#xA;Failed to render manifest&#xA;Unexpected error:&#xA;    &lt;*errors.errorString | 0xc0000c4b50&gt;: {&#xA;        s: &#34;parse error in \&#34;gloo/templates/9-gateway-proxy-configmap.yaml\&#34;: template: gloo/templates/9-gateway-proxy-configmap.yaml:8: function \&#34;deepCopy\&#34; not defined&#34;,&#xA;    }&#xA;    parse error in &#34;gloo/templates/9-gateway-proxy-configmap.yaml&#34;: template: gloo/templates/9-gateway-proxy-configmap.yaml:8: function &#34;deepCopy&#34; not defined&#xA;occurred&#xA;/Users/ninapolshakova/go/pkg/mod/github.com/onsi/gomega@v1.10.2/internal/assertion/assertion.go:48</failure>
      </testcase>
      <testcase name="Helm Test Helm 2 gateway gateway-proxy deployment disables net bind" classname="Helm Suite" time="0.009483461">
[...]
      </testcase>
      <testcase name="RBAC Test Helm 3 gloo-upstream-mutator namespace scope role binding" classname="Helm Suite" time="0.021007179">
          <failure type="Failure">/Users/ninapolshakova/gloo/install/test/rbac_test.go:190&#xA;Should be able to render the manifest in the RBAC unit test&#xA;Unexpected error:&#xA;    &lt;template.ExecError&gt;: {&#xA;        Name: &#34;gloo/templates/8-gateway-proxy-horizontal-pod-autoscaler.yaml&#34;,&#xA;        Err: {&#xA;            s: &#34;template: gloo/templates/8-gateway-proxy-horizontal-pod-autoscaler.yaml:4:13: executing \&#34;gloo/templates/8-gateway-proxy-horizontal-pod-autoscaler.yaml\&#34; at &lt;.Values.gateway.helm2&gt;: nil pointer evaluating interface {}.gateway&#34;,&#xA;        },&#xA;    }&#xA;    template: gloo/templates/8-gateway-proxy-horizontal-pod-autoscaler.yaml:4:13: executing &#34;gloo/templates/8-gateway-proxy-horizontal-pod-autoscaler.yaml&#34; at &lt;.Values.gateway.helm2&gt;: nil pointer evaluating interface {}.gateway&#xA;occurred&#xA;/Users/ninapolshakova/go/pkg/mod/github.com/onsi/gomega@v1.10.2/internal/assertion/assertion.go:48</failure>
      </testcase>
      <testcase name="RBAC Test Helm 3 gloo-resource-reader cluster scope role" classname="Helm Suite" time="0.014349753">
          <failure type="Failure">/Users/ninapolshakova/gloo/install/test/rbac_test.go:236&#xA;Should be able to render the manifest in the RBAC unit test&#xA;Unexpected error:&#xA;    &lt;template.ExecError&gt;: {&#xA;        Name: &#34;gloo/templates/8-gateway-proxy-horizontal-pod-autoscaler.yaml&#34;,&#xA;        Err: {&#xA;            s: &#34;template: gloo/templates/8-gateway-proxy-horizontal-pod-autoscaler.yaml:4:13: executing \&#34;gloo/templates/8-gateway-proxy-horizontal-pod-autoscaler.yaml\&#34; at &lt;.Values.gateway.helm2&gt;: nil pointer evaluating interface {}.gateway&#34;,&#xA;        },&#xA;    }&#xA;    template: gloo/templates/8-gateway-proxy-horizontal-pod-autoscaler.yaml:4:13: executing &#34;gloo/templates/8-gateway-proxy-horizontal-pod-autoscaler.yaml&#34; at &lt;.Values.gateway.helm2&gt;: nil pointer evaluating interface {}.gateway&#xA;occurred&#xA;/Users/ninapolshakova/go/pkg/mod/github.com/onsi/gomega@v1.10.2/internal/assertion/assertion.go:48</failure>
      </testcase>
      <testcase name="RBAC Test Helm 3 gloo-resource-reader cluster scope role binding" classname="Helm Suite" time="0.016013033">
          <failure type="Failure">/Users/ninapolshakova/gloo/install/test/rbac_test.go:242&#xA;Should be able to render the manifest in the RBAC unit test&#xA;Unexpected error:&#xA;    &lt;template.ExecError&gt;: {&#xA;        Name: &#34;gloo/templates/8-gateway-proxy-horizontal-pod-autoscaler.yaml&#34;,&#xA;        Err: {&#xA;            s: &#34;template: gloo/templates/8-gateway-proxy-horizontal-pod-autoscaler.yaml:4:13: executing \&#34;gloo/templates/8-gateway-proxy-horizontal-pod-autoscaler.yaml\&#34; at &lt;.Values.gateway.helm2&gt;: nil pointer evaluating interface {}.gateway&#34;,&#xA;        },&#xA;    }&#xA;    template: gloo/templates/8-gateway-proxy-horizontal-pod-autoscaler.yaml:4:13: executing &#34;gloo/templates/8-gateway-proxy-horizontal-pod-autoscaler.yaml&#34; at &lt;.Values.gateway.helm2&gt;: nil pointer evaluating interface {}.gateway&#xA;occurred&#xA;/Users/ninapolshakova/go/pkg/mod/github.com/onsi/gomega@v1.10.2/internal/assertion/assertion.go:48</failure>
      </testcase>
      <testcase name="RBAC Test Helm 3 gloo-resource-reader namespace scope role" classname="Helm Suite" time="0.014818123">
          <failure type="Failure">/Users/ninapolshakova/gloo/install/test/rbac_test.go:255&#xA;Should be able to render the manifest in the RBAC unit test&#xA;Unexpected error:&#xA;    &lt;template.ExecError&gt;: {&#xA;        Name: &#34;gloo/templates/8-gateway-proxy-horizontal-pod-autoscaler.yaml&#34;,&#xA;        Err: {&#xA;            s: &#34;template: gloo/templates/8-gateway-proxy-horizontal-pod-autoscaler.yaml:4:13: executing \&#34;gloo/templates/8-gateway-proxy-horizontal-pod-autoscaler.yaml\&#34; at &lt;.Values.gateway.helm2&gt;: nil pointer evaluating interface {}.gateway&#34;,&#xA;        },&#xA;    }&#xA;    template: gloo/templates/8-gateway-proxy-horizontal-pod-autoscaler.yaml:4:13: executing &#34;gloo/templates/8-gateway-proxy-horizontal-pod-autoscaler.yaml&#34; at &lt;.Values.gateway.helm2&gt;: nil pointer evaluating interface {}.gateway&#xA;occurred&#xA;/Users/ninapolshakova/go/pkg/mod/github.com/onsi/gomega@v1.10.2/internal/assertion/assertion.go:48</failure>
      </testcase>
      <testcase name="RBAC Test Helm 3 gloo-resource-reader namespace scope role binding" classname="Helm Suite" time="0.018385086">
          <failure type="Failure">/Users/ninapolshakova/gloo/install/test/rbac_test.go:260&#xA;Should be able to render the manifest in the RBAC unit test&#xA;Unexpected error:&#xA;    &lt;template.ExecError&gt;: {&#xA;        Name: &#34;gloo/templates/8-gateway-proxy-horizontal-pod-autoscaler.yaml&#34;,&#xA;        Err: {&#xA;            s: &#34;template: gloo/templates/8-gateway-proxy-horizontal-pod-autoscaler.yaml:4:13: executing \&#34;gloo/templates/8-gateway-proxy-horizontal-pod-autoscaler.yaml\&#34; at &lt;.Values.gateway.helm2&gt;: nil pointer evaluating interface {}.gateway&#34;,&#xA;        },&#xA;    }&#xA;    template: gloo/templates/8-gateway-proxy-horizontal-pod-autoscaler.yaml:4:13: executing &#34;gloo/templates/8-gateway-proxy-horizontal-pod-autoscaler.yaml&#34; at &lt;.Values.gateway.helm2&gt;: nil pointer evaluating interface {}.gateway&#xA;occurred&#xA;/Users/ninapolshakova/go/pkg/mod/github.com/onsi/gomega@v1.10.2/internal/assertion/assertion.go:48</failure>
      </testcase>
      <testcase name="RBAC Test Helm 3 settings-user cluster scope role" classname="Helm Suite" time="0.021106269">
          <failure type="Failure">/Users/ninapolshakova/gloo/install/test/rbac_test.go:304&#xA;Should be able to render the manifest in the RBAC unit test&#xA;Unexpected error:&#xA;    &lt;template.ExecError&gt;: {&#xA;        Name: &#34;gloo/templates/8-gateway-proxy-horizontal-pod-autoscaler.yaml&#34;,&#xA;        Err: {&#xA;            s: &#34;template: gloo/templates/8-gateway-proxy-horizontal-pod-autoscaler.yaml:4:13: executing \&#34;gloo/templates/8-gateway-proxy-horizontal-pod-autoscaler.yaml\&#34; at &lt;.Values.gateway.helm2&gt;: nil pointer evaluating interface {}.gateway&#34;,&#xA;        },&#xA;    }&#xA;    template: gloo/templates/8-gateway-proxy-horizontal-pod-autoscaler.yaml:4:13: executing &#34;gloo/templates/8-gateway-proxy-horizontal-pod-autoscaler.yaml&#34; at &lt;.Values.gateway.helm2&gt;: nil pointer evaluating interface {}.gateway&#xA;occurred&#xA;/Users/ninapolshakova/go/pkg/mod/github.com/onsi/gomega@v1.10.2/internal/assertion/assertion.go:48</failure>
      </testcase>
      <testcase name="RBAC Test Helm 3 settings-user cluster scope role binding" classname="Helm Suite" time="0.015037066">
          <failure type="Failure">/Users/ninapolshakova/gloo/install/test/rbac_test.go:310&#xA;Should be able to render the manifest in the RBAC unit test&#xA;Unexpected error:&#xA;    &lt;template.ExecError&gt;: {&#xA;        Name: &#34;gloo/templates/8-gateway-proxy-horizontal-pod-autoscaler.yaml&#34;,&#xA;        Err: {&#xA;            s: &#34;template: gloo/templates/8-gateway-proxy-horizontal-pod-autoscaler.yaml:4:13: executing \&#34;gloo/templates/8-gateway-proxy-horizontal-pod-autoscaler.yaml\&#34; at &lt;.Values.gateway.helm2&gt;: nil pointer evaluating interface {}.gateway&#34;,&#xA;        },&#xA;    }&#xA;    template: gloo/templates/8-gateway-proxy-horizontal-pod-autoscaler.yaml:4:13: executing &#34;gloo/templates/8-gateway-proxy-horizontal-pod-autoscaler.yaml&#34; at &lt;.Values.gateway.helm2&gt;: nil pointer evaluating interface {}.gateway&#xA;occurred&#xA;/Users/ninapolshakova/go/pkg/mod/github.com/onsi/gomega@v1.10.2/internal/assertion/assertion.go:48</failure>
      </testcase>
      <testcase name="RBAC Test Helm 3 settings-user namespace scope role" classname="Helm Suite" time="0.020639557">
          <failure type="Failure">/Users/ninapolshakova/gloo/install/test/rbac_test.go:323&#xA;Should be able to render the manifest in the RBAC unit test&#xA;Unexpected error:&#xA;    &lt;template.ExecError&gt;: {&#xA;        Name: &#34;gloo/templates/8-gateway-proxy-horizontal-pod-autoscaler.yaml&#34;,&#xA;        Err: {&#xA;            s: &#34;template: gloo/templates/8-gateway-proxy-horizontal-pod-autoscaler.yaml:4:13: executing \&#34;gloo/templates/8-gateway-proxy-horizontal-pod-autoscaler.yaml\&#34; at &lt;.Values.gateway.helm2&gt;: nil pointer evaluating interface {}.gateway&#34;,&#xA;        },&#xA;    }&#xA;    template: gloo/templates/8-gateway-proxy-horizontal-pod-autoscaler.yaml:4:13: executing &#34;gloo/templates/8-gateway-proxy-horizontal-pod-autoscaler.yaml&#34; at &lt;.Values.gateway.helm2&gt;: nil pointer evaluating interface {}.gateway&#xA;occurred&#xA;/Users/ninapolshakova/go/pkg/mod/github.com/onsi/gomega@v1.10.2/internal/assertion/assertion.go:48</failure>
      </testcase>
      <testcase name="RBAC Test Helm 3 settings-user namespace scope role binding" classname="Helm Suite" time="0.01777108">
          <failure type="Failure">/Users/ninapolshakova/gloo/install/test/rbac_test.go:328&#xA;Should be able to render the manifest in the RBAC unit test&#xA;Unexpected error:&#xA;    &lt;template.ExecError&gt;: {&#xA;        Name: &#34;gloo/templates/8-gateway-proxy-horizontal-pod-autoscaler.yaml&#34;,&#xA;        Err: {&#xA;            s: &#34;template: gloo/templates/8-gateway-proxy-horizontal-pod-autoscaler.yaml:4:13: executing \&#34;gloo/templates/8-gateway-proxy-horizontal-pod-autoscaler.yaml\&#34; at &lt;.Values.gateway.helm2&gt;: nil pointer evaluating interface {}.gateway&#34;,&#xA;        },&#xA;    }&#xA;    template: gloo/templates/8-gateway-proxy-horizontal-pod-autoscaler.yaml:4:13: executing &#34;gloo/templates/8-gateway-proxy-horizontal-pod-autoscaler.yaml&#34; at &lt;.Values.gateway.helm2&gt;: nil pointer evaluating interface {}.gateway&#xA;occurred&#xA;/Users/ninapolshakova/go/pkg/mod/github.com/onsi/gomega@v1.10.2/internal/assertion/assertion.go:48</failure>
      </testcase>
      <testcase name="RBAC Test Helm 3 gloo-resource-mutator cluster scope role" classname="Helm Suite" time="0.01657303">
          <failure type="Failure">/Users/ninapolshakova/gloo/install/test/rbac_test.go:364&#xA;Should be able to render the manifest in the RBAC unit test&#xA;Unexpected error:&#xA;    &lt;template.ExecError&gt;: {&#xA;        Name: &#34;gloo/templates/8-gateway-proxy-horizontal-pod-autoscaler.yaml&#34;,&#xA;        Err: {&#xA;            s: &#34;template: gloo/templates/8-gateway-proxy-horizontal-pod-autoscaler.yaml:4:13: executing \&#34;gloo/templates/8-gateway-proxy-horizontal-pod-autoscaler.yaml\&#34; at &lt;.Values.gateway.helm2&gt;: nil pointer evaluating interface {}.gateway&#34;,&#xA;        },&#xA;    }&#xA;    template: gloo/templates/8-gateway-proxy-horizontal-pod-autoscaler.yaml:4:13: executing &#34;gloo/templates/8-gateway-proxy-horizontal-pod-autoscaler.yaml&#34; at &lt;.Values.gateway.helm2&gt;: nil pointer evaluating interface {}.gateway&#xA;occurred&#xA;/Users/ninapolshakova/go/pkg/mod/github.com/onsi/gomega@v1.10.2/internal/assertion/assertion.go:48</failure>
      </testcase>
      <testcase name="RBAC Test Helm 3 gloo-resource-mutator cluster scope role binding" classname="Helm Suite" time="0.01611359">
          <failure type="Failure">/Users/ninapolshakova/gloo/install/test/rbac_test.go:370&#xA;Should be able to render the manifest in the RBAC unit test&#xA;Unexpected error:&#xA;    &lt;template.ExecError&gt;: {&#xA;        Name: &#34;gloo/templates/8-gateway-proxy-horizontal-pod-autoscaler.yaml&#34;,&#xA;        Err: {&#xA;            s: &#34;template: gloo/templates/8-gateway-proxy-horizontal-pod-autoscaler.yaml:4:13: executing \&#34;gloo/templates/8-gateway-proxy-horizontal-pod-autoscaler.yaml\&#34; at &lt;.Values.gateway.helm2&gt;: nil pointer evaluating interface {}.gateway&#34;,&#xA;        },&#xA;    }&#xA;    template: gloo/templates/8-gateway-proxy-horizontal-pod-autoscaler.yaml:4:13: executing &#34;gloo/templates/8-gateway-proxy-horizontal-pod-autoscaler.yaml&#34; at &lt;.Values.gateway.helm2&gt;: nil pointer evaluating interface {}.gateway&#xA;occurred&#xA;/Users/ninapolshakova/go/pkg/mod/github.com/onsi/gomega@v1.10.2/internal/assertion/assertion.go:48</failure>
      </testcase>
      <testcase name="RBAC Test Helm 3 gloo-resource-mutator namespace scope role" classname="Helm Suite" time="0.018371421">
          <failure type="Failure">/Users/ninapolshakova/gloo/install/test/rbac_test.go:383&#xA;Should be able to render the manifest in the RBAC unit test&#xA;Unexpected error:&#xA;    &lt;template.ExecError&gt;: {&#xA;        Name: &#34;gloo/templates/8-gateway-proxy-horizontal-pod-autoscaler.yaml&#34;,&#xA;        Err: {&#xA;            s: &#34;template: gloo/templates/8-gateway-proxy-horizontal-pod-autoscaler.yaml:4:13: executing \&#34;gloo/templates/8-gateway-proxy-horizontal-pod-autoscaler.yaml\&#34; at &lt;.Values.gateway.helm2&gt;: nil pointer evaluating interface {}.gateway&#34;,&#xA;        },&#xA;    }&#xA;    template: gloo/templates/8-gateway-proxy-horizontal-pod-autoscaler.yaml:4:13: executing &#34;gloo/templates/8-gateway-proxy-horizontal-pod-autoscaler.yaml&#34; at &lt;.Values.gateway.helm2&gt;: nil pointer evaluating interface {}.gateway&#xA;occurred&#xA;/Users/ninapolshakova/go/pkg/mod/github.com/onsi/gomega@v1.10.2/internal/assertion/assertion.go:48</failure>
      </testcase>
      <testcase name="RBAC Test Helm 3 gloo-resource-mutator namespace scope role binding" classname="Helm Suite" time="0.020740261">
          <failure type="Failure">/Users/ninapolshakova/gloo/install/test/rbac_test.go:388&#xA;Should be able to render the manifest in the RBAC unit test&#xA;Unexpected error:&#xA;    &lt;template.ExecError&gt;: {&#xA;        Name: &#34;gloo/templates/8-gateway-proxy-horizontal-pod-autoscaler.yaml&#34;,&#xA;        Err: {&#xA;            s: &#34;template: gloo/templates/8-gateway-proxy-horizontal-pod-autoscaler.yaml:4:13: executing \&#34;gloo/templates/8-gateway-proxy-horizontal-pod-autoscaler.yaml\&#34; at &lt;.Values.gateway.helm2&gt;: nil pointer evaluating interface {}.gateway&#34;,&#xA;        },&#xA;    }&#xA;    template: gloo/templates/8-gateway-proxy-horizontal-pod-autoscaler.yaml:4:13: executing &#34;gloo/templates/8-gateway-proxy-horizontal-pod-autoscaler.yaml&#34; at &lt;.Values.gateway.helm2&gt;: nil pointer evaluating interface {}.gateway&#xA;occurred&#xA;/Users/ninapolshakova/go/pkg/mod/github.com/onsi/gomega@v1.10.2/internal/assertion/assertion.go:48</failure>
      </testcase>
      <testcase name="RBAC Test Helm 3 gateway-resource-reader cluster scope role" classname="Helm Suite" time="0.01462986">
          <failure type="Failure">/Users/ninapolshakova/gloo/install/test/rbac_test.go:428&#xA;Should be able to render the manifest in the RBAC unit test&#xA;Unexpected error:&#xA;    &lt;template.ExecError&gt;: {&#xA;        Name: &#34;gloo/templates/8-gateway-proxy-horizontal-pod-autoscaler.yaml&#34;,&#xA;        Err: {&#xA;            s: &#34;template: gloo/templates/8-gateway-proxy-horizontal-pod-autoscaler.yaml:4:13: executing \&#34;gloo/templates/8-gateway-proxy-horizontal-pod-autoscaler.yaml\&#34; at &lt;.Values.gateway.helm2&gt;: nil pointer evaluating interface {}.gateway&#34;,&#xA;        },&#xA;    }&#xA;    template: gloo/templates/8-gateway-proxy-horizontal-pod-autoscaler.yaml:4:13: executing &#34;gloo/templates/8-gateway-proxy-horizontal-pod-autoscaler.yaml&#34; at &lt;.Values.gateway.helm2&gt;: nil pointer evaluating interface {}.gateway&#xA;occurred&#xA;/Users/ninapolshakova/go/pkg/mod/github.com/onsi/gomega@v1.10.2/internal/assertion/assertion.go:48</failure>
      </testcase>
      <testcase name="RBAC Test Helm 3 gateway-resource-reader cluster scope role binding" classname="Helm Suite" time="0.013955162">
          <failure type="Failure">/Users/ninapolshakova/gloo/install/test/rbac_test.go:434&#xA;Should be able to render the manifest in the RBAC unit test&#xA;Unexpected error:&#xA;    &lt;template.ExecError&gt;: {&#xA;        Name: &#34;gloo/templates/8-gateway-proxy-horizontal-pod-autoscaler.yaml&#34;,&#xA;        Err: {&#xA;            s: &#34;template: gloo/templates/8-gateway-proxy-horizontal-pod-autoscaler.yaml:4:13: executing \&#34;gloo/templates/8-gateway-proxy-horizontal-pod-autoscaler.yaml\&#34; at &lt;.Values.gateway.helm2&gt;: nil pointer evaluating interface {}.gateway&#34;,&#xA;        },&#xA;    }&#xA;    template: gloo/templates/8-gateway-proxy-horizontal-pod-autoscaler.yaml:4:13: executing &#34;gloo/templates/8-gateway-proxy-horizontal-pod-autoscaler.yaml&#34; at &lt;.Values.gateway.helm2&gt;: nil pointer evaluating interface {}.gateway&#xA;occurred&#xA;/Users/ninapolshakova/go/pkg/mod/github.com/onsi/gomega@v1.10.2/internal/assertion/assertion.go:48</failure>
      </testcase>
      <testcase name="RBAC Test Helm 3 gateway-resource-reader namespace scope role" classname="Helm Suite" time="0.013674471">
          <failure type="Failure">/Users/ninapolshakova/gloo/install/test/rbac_test.go:447&#xA;Should be able to render the manifest in the RBAC unit test&#xA;Unexpected error:&#xA;    &lt;template.ExecError&gt;: {&#xA;        Name: &#34;gloo/templates/8-gateway-proxy-horizontal-pod-autoscaler.yaml&#34;,&#xA;        Err: {&#xA;            s: &#34;template: gloo/templates/8-gateway-proxy-horizontal-pod-autoscaler.yaml:4:13: executing \&#34;gloo/templates/8-gateway-proxy-horizontal-pod-autoscaler.yaml\&#34; at &lt;.Values.gateway.helm2&gt;: nil pointer evaluating interface {}.gateway&#34;,&#xA;        },&#xA;    }&#xA;    template: gloo/templates/8-gateway-proxy-horizontal-pod-autoscaler.yaml:4:13: executing &#34;gloo/templates/8-gateway-proxy-horizontal-pod-autoscaler.yaml&#34; at &lt;.Values.gateway.helm2&gt;: nil pointer evaluating interface {}.gateway&#xA;occurred&#xA;/Users/ninapolshakova/go/pkg/mod/github.com/onsi/gomega@v1.10.2/internal/assertion/assertion.go:48</failure>
      </testcase>
      <testcase name="RBAC Test Helm 3 gateway-resource-reader namespace scope role binding" classname="Helm Suite" time="0.013126823">
          <failure type="Failure">/Users/ninapolshakova/gloo/install/test/rbac_test.go:452&#xA;Should be able to render the manifest in the RBAC unit test&#xA;Unexpected error:&#xA;    &lt;template.ExecError&gt;: {&#xA;        Name: &#34;gloo/templates/8-gateway-proxy-horizontal-pod-autoscaler.yaml&#34;,&#xA;        Err: {&#xA;            s: &#34;template: gloo/templates/8-gateway-proxy-horizontal-pod-autoscaler.yaml:4:13: executing \&#34;gloo/templates/8-gateway-proxy-horizontal-pod-autoscaler.yaml\&#34; at &lt;.Values.gateway.helm2&gt;: nil pointer evaluating interface {}.gateway&#34;,&#xA;        },&#xA;    }&#xA;    template: gloo/templates/8-gateway-proxy-horizontal-pod-autoscaler.yaml:4:13: executing &#34;gloo/templates/8-gateway-proxy-horizontal-pod-autoscaler.yaml&#34; at &lt;.Values.gateway.helm2&gt;: nil pointer evaluating interface {}.gateway&#xA;occurred&#xA;/Users/ninapolshakova/go/pkg/mod/github.com/onsi/gomega@v1.10.2/internal/assertion/assertion.go:48</failure>
      </testcase>
  </testsuite>