mode: set
github.com/solo-io/gloo/projects/discovery/pkg/fds/eventloop.go:12.64,16.2 1 0
github.com/solo-io/gloo/projects/discovery/pkg/fds/eventloop.go:18.92,30.28 7 0
github.com/solo-io/gloo/projects/discovery/pkg/fds/eventloop.go:33.2,33.26 1 0
github.com/solo-io/gloo/projects/discovery/pkg/fds/eventloop.go:36.2,36.39 1 0
github.com/solo-io/gloo/projects/discovery/pkg/fds/eventloop.go:41.2,41.12 1 0
github.com/solo-io/gloo/projects/discovery/pkg/fds/eventloop.go:30.28,32.3 1 0
github.com/solo-io/gloo/projects/discovery/pkg/fds/eventloop.go:33.26,35.3 1 0
github.com/solo-io/gloo/projects/discovery/pkg/fds/eventloop.go:36.39,39.3 1 0
github.com/solo-io/gloo/projects/discovery/pkg/fds/eventloop.go:44.53,47.25 2 0
github.com/solo-io/gloo/projects/discovery/pkg/fds/eventloop.go:54.2,54.16 1 0
github.com/solo-io/gloo/projects/discovery/pkg/fds/eventloop.go:47.25,49.74 2 0
github.com/solo-io/gloo/projects/discovery/pkg/fds/eventloop.go:49.74,52.4 1 0
github.com/solo-io/gloo/projects/discovery/pkg/fds/interface.go:66.71,67.32 1 0
github.com/solo-io/gloo/projects/discovery/pkg/fds/interface.go:76.2,76.92 1 0
github.com/solo-io/gloo/projects/discovery/pkg/fds/interface.go:67.32,69.17 2 0
github.com/solo-io/gloo/projects/discovery/pkg/fds/interface.go:72.3,72.15 1 0
github.com/solo-io/gloo/projects/discovery/pkg/fds/interface.go:69.17,71.4 1 0
github.com/solo-io/gloo/projects/discovery/pkg/fds/interface.go:72.15,74.4 1 0
github.com/solo-io/gloo/projects/discovery/pkg/fds/updater.go:53.59,54.24 1 1
github.com/solo-io/gloo/projects/discovery/pkg/fds/updater.go:57.2,58.12 2 0
github.com/solo-io/gloo/projects/discovery/pkg/fds/updater.go:63.2,63.12 1 0
github.com/solo-io/gloo/projects/discovery/pkg/fds/updater.go:54.24,56.3 1 1
github.com/solo-io/gloo/projects/discovery/pkg/fds/updater.go:58.12,59.44 1 0
github.com/solo-io/gloo/projects/discovery/pkg/fds/updater.go:59.44,61.4 1 0
github.com/solo-io/gloo/projects/discovery/pkg/fds/updater.go:67.211,79.2 2 1
github.com/solo-io/gloo/projects/discovery/pkg/fds/updater.go:86.56,90.2 1 0
github.com/solo-io/gloo/projects/discovery/pkg/fds/updater.go:92.46,94.15 2 0
github.com/solo-io/gloo/projects/discovery/pkg/fds/updater.go:97.2,97.27 1 0
github.com/solo-io/gloo/projects/discovery/pkg/fds/updater.go:94.15,96.3 1 0
github.com/solo-io/gloo/projects/discovery/pkg/fds/updater.go:100.88,102.40 2 1
github.com/solo-io/gloo/projects/discovery/pkg/fds/updater.go:107.2,107.12 1 1
github.com/solo-io/gloo/projects/discovery/pkg/fds/updater.go:102.40,106.3 1 1
github.com/solo-io/gloo/projects/discovery/pkg/fds/updater.go:110.58,114.2 2 0
github.com/solo-io/gloo/projects/discovery/pkg/fds/updater.go:116.56,119.41 2 1
github.com/solo-io/gloo/projects/discovery/pkg/fds/updater.go:122.2,131.12 4 1
github.com/solo-io/gloo/projects/discovery/pkg/fds/updater.go:119.41,121.3 1 0
github.com/solo-io/gloo/projects/discovery/pkg/fds/updater.go:131.12,133.17 2 1
github.com/solo-io/gloo/projects/discovery/pkg/fds/updater.go:133.17,139.4 1 0
github.com/solo-io/gloo/projects/discovery/pkg/fds/updater.go:146.58,148.53 2 0
github.com/solo-io/gloo/projects/discovery/pkg/fds/updater.go:148.53,151.3 2 0
github.com/solo-io/gloo/projects/discovery/pkg/fds/updater.go:154.70,159.16 5 1
github.com/solo-io/gloo/projects/discovery/pkg/fds/updater.go:163.2,163.35 1 1
github.com/solo-io/gloo/projects/discovery/pkg/fds/updater.go:168.2,174.16 5 1
github.com/solo-io/gloo/projects/discovery/pkg/fds/updater.go:186.2,187.16 2 0
github.com/solo-io/gloo/projects/discovery/pkg/fds/updater.go:190.2,190.35 1 0
github.com/solo-io/gloo/projects/discovery/pkg/fds/updater.go:195.2,196.16 2 0
github.com/solo-io/gloo/projects/discovery/pkg/fds/updater.go:203.2,203.12 1 0
github.com/solo-io/gloo/projects/discovery/pkg/fds/updater.go:159.16,161.3 1 0
github.com/solo-io/gloo/projects/discovery/pkg/fds/updater.go:163.35,166.3 1 1
github.com/solo-io/gloo/projects/discovery/pkg/fds/updater.go:174.16,177.17 3 0
github.com/solo-io/gloo/projects/discovery/pkg/fds/updater.go:177.17,180.4 2 0
github.com/solo-io/gloo/projects/discovery/pkg/fds/updater.go:181.8,184.3 2 1
github.com/solo-io/gloo/projects/discovery/pkg/fds/updater.go:187.16,189.3 1 0
github.com/solo-io/gloo/projects/discovery/pkg/fds/updater.go:190.35,193.3 1 0
github.com/solo-io/gloo/projects/discovery/pkg/fds/updater.go:196.16,198.3 1 0
github.com/solo-io/gloo/projects/discovery/pkg/fds/updater.go:198.8,200.3 1 0
github.com/solo-io/gloo/projects/discovery/pkg/fds/updater.go:206.108,207.44 1 1
github.com/solo-io/gloo/projects/discovery/pkg/fds/updater.go:218.2,220.52 1 1
github.com/solo-io/gloo/projects/discovery/pkg/fds/updater.go:232.2,232.16 1 1
github.com/solo-io/gloo/projects/discovery/pkg/fds/updater.go:207.44,208.10 1 0
github.com/solo-io/gloo/projects/discovery/pkg/fds/updater.go:210.51,212.17 1 0
github.com/solo-io/gloo/projects/discovery/pkg/fds/updater.go:213.23,214.10 1 0
github.com/solo-io/gloo/projects/discovery/pkg/fds/updater.go:212.17,212.61 1 0
github.com/solo-io/gloo/projects/discovery/pkg/fds/updater.go:220.52,222.17 2 1
github.com/solo-io/gloo/projects/discovery/pkg/fds/updater.go:226.3,230.13 2 1
github.com/solo-io/gloo/projects/discovery/pkg/fds/updater.go:222.17,224.4 1 0
github.com/solo-io/gloo/projects/discovery/pkg/fds/updater.go:232.16,237.3 1 0
github.com/solo-io/gloo/projects/discovery/pkg/fds/updater.go:240.76,248.41 4 1
github.com/solo-io/gloo/projects/discovery/pkg/fds/updater.go:255.2,255.12 1 1
github.com/solo-io/gloo/projects/discovery/pkg/fds/updater.go:260.2,262.6 3 1
github.com/solo-io/gloo/projects/discovery/pkg/fds/updater.go:248.41,250.68 2 1
github.com/solo-io/gloo/projects/discovery/pkg/fds/updater.go:250.68,253.4 2 1
github.com/solo-io/gloo/projects/discovery/pkg/fds/updater.go:255.12,259.3 3 1
github.com/solo-io/gloo/projects/discovery/pkg/fds/updater.go:262.6,263.10 1 1
github.com/solo-io/gloo/projects/discovery/pkg/fds/updater.go:264.28,266.29 2 1
github.com/solo-io/gloo/projects/discovery/pkg/fds/updater.go:271.4,271.54 1 1
github.com/solo-io/gloo/projects/discovery/pkg/fds/updater.go:277.21,278.25 1 0
github.com/solo-io/gloo/projects/discovery/pkg/fds/updater.go:266.29,268.5 1 1
github.com/solo-io/gloo/projects/discovery/pkg/fds/updater.go:268.10,268.18 1 0
github.com/solo-io/gloo/projects/discovery/pkg/fds/updater.go:268.18,270.5 1 0
github.com/solo-io/gloo/projects/discovery/pkg/fds/updater.go:271.54,272.26 1 1
github.com/solo-io/gloo/projects/discovery/pkg/fds/updater.go:275.5,275.24 1 1
github.com/solo-io/gloo/projects/discovery/pkg/fds/updater.go:272.26,274.6 1 0
github.com/solo-io/gloo/projects/discovery/pkg/fds/updater.go:284.54,288.2 1 0
github.com/solo-io/gloo/projects/discovery/pkg/fds/updater.go:290.38,294.41 2 1
github.com/solo-io/gloo/projects/discovery/pkg/fds/updater.go:299.2,299.48 1 1
github.com/solo-io/gloo/projects/discovery/pkg/fds/updater.go:303.2,304.38 2 1
github.com/solo-io/gloo/projects/discovery/pkg/fds/updater.go:337.2,338.62 2 1
github.com/solo-io/gloo/projects/discovery/pkg/fds/updater.go:359.2,359.12 1 1
github.com/solo-io/gloo/projects/discovery/pkg/fds/updater.go:294.41,295.24 1 1
github.com/solo-io/gloo/projects/discovery/pkg/fds/updater.go:295.24,297.4 1 1
github.com/solo-io/gloo/projects/discovery/pkg/fds/updater.go:299.48,301.3 1 1
github.com/solo-io/gloo/projects/discovery/pkg/fds/updater.go:304.38,307.10 2 1
github.com/solo-io/gloo/projects/discovery/pkg/fds/updater.go:313.3,313.25 1 1
github.com/solo-io/gloo/projects/discovery/pkg/fds/updater.go:317.3,318.17 2 1
github.com/solo-io/gloo/projects/discovery/pkg/fds/updater.go:325.3,325.25 1 1
github.com/solo-io/gloo/projects/discovery/pkg/fds/updater.go:307.10,310.4 1 0
github.com/solo-io/gloo/projects/discovery/pkg/fds/updater.go:313.25,315.4 1 0
github.com/solo-io/gloo/projects/discovery/pkg/fds/updater.go:318.17,319.40 1 0
github.com/solo-io/gloo/projects/discovery/pkg/fds/updater.go:323.4,323.14 1 0
github.com/solo-io/gloo/projects/discovery/pkg/fds/updater.go:319.41,322.5 0 0
github.com/solo-io/gloo/projects/discovery/pkg/fds/updater.go:325.25,327.51 2 1
github.com/solo-io/gloo/projects/discovery/pkg/fds/updater.go:327.51,329.12 2 1
github.com/solo-io/gloo/projects/discovery/pkg/fds/updater.go:332.5,333.15 2 1
github.com/solo-io/gloo/projects/discovery/pkg/fds/updater.go:329.12,331.6 1 0
github.com/solo-io/gloo/projects/discovery/pkg/fds/updater.go:338.62,339.40 1 1
github.com/solo-io/gloo/projects/discovery/pkg/fds/updater.go:339.40,340.8 1 1
github.com/solo-io/gloo/projects/discovery/pkg/fds/updater.go:340.8,341.12 1 1
github.com/solo-io/gloo/projects/discovery/pkg/fds/updater.go:351.5,352.19 2 1
github.com/solo-io/gloo/projects/discovery/pkg/fds/updater.go:342.25,347.12 2 1
github.com/solo-io/gloo/projects/discovery/pkg/fds/updater.go:348.13,348.13 0 1
github.com/solo-io/gloo/projects/discovery/pkg/fds/updater.go:352.19,355.6 2 0
github.com/solo-io/gloo/projects/discovery/pkg/syncer/utils.go:13.64,17.32 4 0
github.com/solo-io/gloo/projects/discovery/pkg/syncer/utils.go:23.2,23.12 1 0
github.com/solo-io/gloo/projects/discovery/pkg/syncer/utils.go:17.32,22.3 1 0
github.com/solo-io/gloo/projects/discovery/pkg/syncer/utils.go:26.48,27.84 1 1
github.com/solo-io/gloo/projects/discovery/pkg/syncer/utils.go:30.2,30.72 1 1
github.com/solo-io/gloo/projects/discovery/pkg/syncer/utils.go:27.84,29.3 1 1
github.com/solo-io/gloo/projects/discovery/pkg/syncer/utils.go:33.77,34.55 1 0
github.com/solo-io/gloo/projects/discovery/pkg/syncer/utils.go:37.2,37.45 1 0
github.com/solo-io/gloo/projects/discovery/pkg/syncer/utils.go:34.55,36.3 1 0
github.com/solo-io/gloo/projects/discovery/pkg/syncer/utils.go:40.48,42.2 1 0
github.com/solo-io/gloo/projects/discovery/pkg/syncer/utils.go:44.62,46.2 1 1
github.com/solo-io/gloo/projects/discovery/pkg/fds/discoveries/registry/registry.go:19.101,29.2 3 1
github.com/solo-io/gloo/projects/discovery/pkg/fds/discoveries/registry/registry.go:31.66,33.2 1 1
github.com/solo-io/gloo/projects/discovery/pkg/uds/syncer/discovery_syncer.go:21.106,27.2 2 1
github.com/solo-io/gloo/projects/discovery/pkg/uds/syncer/discovery_syncer.go:29.78,38.54 6 1
github.com/solo-io/gloo/projects/discovery/pkg/uds/syncer/discovery_syncer.go:43.2,43.26 1 1
github.com/solo-io/gloo/projects/discovery/pkg/uds/syncer/discovery_syncer.go:38.54,40.3 1 0
github.com/solo-io/gloo/projects/discovery/pkg/uds/syncer/setup_syncer.go:21.40,23.17 2 1
github.com/solo-io/gloo/projects/discovery/pkg/uds/syncer/setup_syncer.go:32.2,37.16 5 1
github.com/solo-io/gloo/projects/discovery/pkg/uds/syncer/setup_syncer.go:40.2,40.50 1 1
github.com/solo-io/gloo/projects/discovery/pkg/uds/syncer/setup_syncer.go:44.2,45.16 2 1
github.com/solo-io/gloo/projects/discovery/pkg/uds/syncer/setup_syncer.go:48.2,48.48 1 1
github.com/solo-io/gloo/projects/discovery/pkg/uds/syncer/setup_syncer.go:52.2,53.75 2 1
github.com/solo-io/gloo/projects/discovery/pkg/uds/syncer/setup_syncer.go:67.2,71.12 3 1
github.com/solo-io/gloo/projects/discovery/pkg/uds/syncer/setup_syncer.go:75.2,78.29 3 1
github.com/solo-io/gloo/projects/discovery/pkg/uds/syncer/setup_syncer.go:85.2,94.16 6 1
github.com/solo-io/gloo/projects/discovery/pkg/uds/syncer/setup_syncer.go:97.2,103.16 5 1
github.com/solo-io/gloo/projects/discovery/pkg/uds/syncer/setup_syncer.go:106.2,110.12 3 1
github.com/solo-io/gloo/projects/discovery/pkg/uds/syncer/setup_syncer.go:123.2,123.12 1 1
github.com/solo-io/gloo/projects/discovery/pkg/uds/syncer/setup_syncer.go:23.17,27.74 2 1
github.com/solo-io/gloo/projects/discovery/pkg/uds/syncer/setup_syncer.go:30.3,30.13 1 0
github.com/solo-io/gloo/projects/discovery/pkg/uds/syncer/setup_syncer.go:27.74,29.4 1 1
github.com/solo-io/gloo/projects/discovery/pkg/uds/syncer/setup_syncer.go:37.16,39.3 1 0
github.com/solo-io/gloo/projects/discovery/pkg/uds/syncer/setup_syncer.go:40.50,42.3 1 0
github.com/solo-io/gloo/projects/discovery/pkg/uds/syncer/setup_syncer.go:45.16,47.3 1 0
github.com/solo-io/gloo/projects/discovery/pkg/uds/syncer/setup_syncer.go:48.48,50.3 1 0
github.com/solo-io/gloo/projects/discovery/pkg/uds/syncer/setup_syncer.go:53.75,55.3 1 0
github.com/solo-io/gloo/projects/discovery/pkg/uds/syncer/setup_syncer.go:55.8,62.17 2 1
github.com/solo-io/gloo/projects/discovery/pkg/uds/syncer/setup_syncer.go:62.17,64.4 1 0
github.com/solo-io/gloo/projects/discovery/pkg/uds/syncer/setup_syncer.go:71.12,73.3 1 1
github.com/solo-io/gloo/projects/discovery/pkg/uds/syncer/setup_syncer.go:78.29,80.9 2 1
github.com/solo-io/gloo/projects/discovery/pkg/uds/syncer/setup_syncer.go:80.9,83.4 2 1
github.com/solo-io/gloo/projects/discovery/pkg/uds/syncer/setup_syncer.go:94.16,96.3 1 0
github.com/solo-io/gloo/projects/discovery/pkg/uds/syncer/setup_syncer.go:103.16,105.3 1 0
github.com/solo-io/gloo/projects/discovery/pkg/uds/syncer/setup_syncer.go:110.12,111.7 1 1
github.com/solo-io/gloo/projects/discovery/pkg/uds/syncer/setup_syncer.go:111.7,112.11 1 1
github.com/solo-io/gloo/projects/discovery/pkg/uds/syncer/setup_syncer.go:113.27,114.12 1 0
github.com/solo-io/gloo/projects/discovery/pkg/uds/syncer/setup_syncer.go:117.5,117.36 1 0
github.com/solo-io/gloo/projects/discovery/pkg/uds/syncer/setup_syncer.go:118.32,119.11 1 0
github.com/solo-io/gloo/projects/discovery/pkg/uds/syncer/setup_syncer.go:114.12,116.6 1 0
github.com/solo-io/gloo/projects/discovery/pkg/fds/syncer/discovery_syncer.go:22.117,28.2 2 0
github.com/solo-io/gloo/projects/discovery/pkg/fds/syncer/discovery_syncer.go:30.78,39.54 6 0
github.com/solo-io/gloo/projects/discovery/pkg/fds/syncer/discovery_syncer.go:42.2,43.53 2 0
github.com/solo-io/gloo/projects/discovery/pkg/fds/syncer/discovery_syncer.go:39.54,41.3 1 0
github.com/solo-io/gloo/projects/discovery/pkg/fds/syncer/discovery_syncer.go:52.164,55.39 3 1
github.com/solo-io/gloo/projects/discovery/pkg/fds/syncer/discovery_syncer.go:64.2,64.17 1 1
github.com/solo-io/gloo/projects/discovery/pkg/fds/syncer/discovery_syncer.go:70.2,71.65 2 0
github.com/solo-io/gloo/projects/discovery/pkg/fds/syncer/discovery_syncer.go:55.39,56.40 1 1
github.com/solo-io/gloo/projects/discovery/pkg/fds/syncer/discovery_syncer.go:59.3,59.38 1 1
github.com/solo-io/gloo/projects/discovery/pkg/fds/syncer/discovery_syncer.go:56.40,58.4 1 1
github.com/solo-io/gloo/projects/discovery/pkg/fds/syncer/discovery_syncer.go:59.38,61.4 1 1
github.com/solo-io/gloo/projects/discovery/pkg/fds/syncer/discovery_syncer.go:65.46,66.66 1 1
github.com/solo-io/gloo/projects/discovery/pkg/fds/syncer/discovery_syncer.go:67.46,68.87 1 1
github.com/solo-io/gloo/projects/discovery/pkg/fds/syncer/discovery_syncer.go:74.50,77.2 1 1
github.com/solo-io/gloo/projects/discovery/pkg/fds/syncer/discovery_syncer.go:79.50,82.2 1 1
github.com/solo-io/gloo/projects/discovery/pkg/fds/syncer/discovery_syncer.go:84.51,86.2 1 1
github.com/solo-io/gloo/projects/discovery/pkg/fds/syncer/discovery_syncer.go:88.51,90.2 1 1
github.com/solo-io/gloo/projects/discovery/pkg/fds/syncer/discovery_syncer.go:95.64,96.30 1 1
github.com/solo-io/gloo/projects/discovery/pkg/fds/syncer/discovery_syncer.go:99.2,99.68 1 1
github.com/solo-io/gloo/projects/discovery/pkg/fds/syncer/discovery_syncer.go:104.2,104.14 1 1
github.com/solo-io/gloo/projects/discovery/pkg/fds/syncer/discovery_syncer.go:96.30,98.3 1 1
github.com/solo-io/gloo/projects/discovery/pkg/fds/syncer/discovery_syncer.go:99.68,100.38 1 1
github.com/solo-io/gloo/projects/discovery/pkg/fds/syncer/discovery_syncer.go:100.38,102.4 1 1
github.com/solo-io/gloo/projects/discovery/pkg/fds/syncer/discovery_syncer.go:107.109,109.31 2 1
github.com/solo-io/gloo/projects/discovery/pkg/fds/syncer/discovery_syncer.go:114.2,114.17 1 1
github.com/solo-io/gloo/projects/discovery/pkg/fds/syncer/discovery_syncer.go:109.31,110.70 1 1
github.com/solo-io/gloo/projects/discovery/pkg/fds/syncer/discovery_syncer.go:110.70,112.4 1 1
github.com/solo-io/gloo/projects/discovery/pkg/fds/syncer/discovery_syncer.go:117.100,123.2 4 1
github.com/solo-io/gloo/projects/discovery/pkg/fds/syncer/discovery_syncer.go:125.143,126.31 1 1
github.com/solo-io/gloo/projects/discovery/pkg/fds/syncer/discovery_syncer.go:142.2,142.17 1 1
github.com/solo-io/gloo/projects/discovery/pkg/fds/syncer/discovery_syncer.go:126.31,138.62 6 1
github.com/solo-io/gloo/projects/discovery/pkg/fds/syncer/discovery_syncer.go:138.62,140.4 1 1
github.com/solo-io/gloo/projects/discovery/pkg/fds/syncer/discovery_syncer.go:146.51,147.47 1 1
github.com/solo-io/gloo/projects/discovery/pkg/fds/syncer/discovery_syncer.go:150.2,150.40 1 1
github.com/solo-io/gloo/projects/discovery/pkg/fds/syncer/discovery_syncer.go:147.47,149.3 1 1
github.com/solo-io/gloo/projects/discovery/pkg/fds/syncer/setup_syncer.go:27.42,29.2 1 0
github.com/solo-io/gloo/projects/discovery/pkg/fds/syncer/setup_syncer.go:32.77,33.55 1 0
github.com/solo-io/gloo/projects/discovery/pkg/fds/syncer/setup_syncer.go:36.2,36.71 1 0
github.com/solo-io/gloo/projects/discovery/pkg/fds/syncer/setup_syncer.go:33.55,35.3 1 0
github.com/solo-io/gloo/projects/discovery/pkg/fds/syncer/setup_syncer.go:39.40,41.2 1 1
github.com/solo-io/gloo/projects/discovery/pkg/fds/syncer/setup_syncer.go:43.77,45.54 2 1
github.com/solo-io/gloo/projects/discovery/pkg/fds/syncer/setup_syncer.go:55.2,59.16 4 0
github.com/solo-io/gloo/projects/discovery/pkg/fds/syncer/setup_syncer.go:62.2,62.50 1 0
github.com/solo-io/gloo/projects/discovery/pkg/fds/syncer/setup_syncer.go:65.2,66.16 2 0
github.com/solo-io/gloo/projects/discovery/pkg/fds/syncer/setup_syncer.go:69.2,69.48 1 0
github.com/solo-io/gloo/projects/discovery/pkg/fds/syncer/setup_syncer.go:72.2,73.16 2 0
github.com/solo-io/gloo/projects/discovery/pkg/fds/syncer/setup_syncer.go:76.2,76.49 1 0
github.com/solo-io/gloo/projects/discovery/pkg/fds/syncer/setup_syncer.go:80.2,81.75 2 0
github.com/solo-io/gloo/projects/discovery/pkg/fds/syncer/setup_syncer.go:87.2,90.46 3 0
github.com/solo-io/gloo/projects/discovery/pkg/fds/syncer/setup_syncer.go:98.2,110.16 8 0
github.com/solo-io/gloo/projects/discovery/pkg/fds/syncer/setup_syncer.go:113.2,117.12 3 0
github.com/solo-io/gloo/projects/discovery/pkg/fds/syncer/setup_syncer.go:128.2,128.12 1 0
github.com/solo-io/gloo/projects/discovery/pkg/fds/syncer/setup_syncer.go:45.54,49.74 2 1
github.com/solo-io/gloo/projects/discovery/pkg/fds/syncer/setup_syncer.go:52.3,52.13 1 0
github.com/solo-io/gloo/projects/discovery/pkg/fds/syncer/setup_syncer.go:49.74,51.4 1 1
github.com/solo-io/gloo/projects/discovery/pkg/fds/syncer/setup_syncer.go:59.16,61.3 1 0
github.com/solo-io/gloo/projects/discovery/pkg/fds/syncer/setup_syncer.go:62.50,64.3 1 0
github.com/solo-io/gloo/projects/discovery/pkg/fds/syncer/setup_syncer.go:66.16,68.3 1 0
github.com/solo-io/gloo/projects/discovery/pkg/fds/syncer/setup_syncer.go:69.48,71.3 1 0
github.com/solo-io/gloo/projects/discovery/pkg/fds/syncer/setup_syncer.go:73.16,75.3 1 0
github.com/solo-io/gloo/projects/discovery/pkg/fds/syncer/setup_syncer.go:76.49,78.3 1 0
github.com/solo-io/gloo/projects/discovery/pkg/fds/syncer/setup_syncer.go:81.75,83.3 1 0
github.com/solo-io/gloo/projects/discovery/pkg/fds/syncer/setup_syncer.go:83.8,85.3 1 0
github.com/solo-io/gloo/projects/discovery/pkg/fds/syncer/setup_syncer.go:90.46,92.9 2 0
github.com/solo-io/gloo/projects/discovery/pkg/fds/syncer/setup_syncer.go:92.9,94.4 1 0
github.com/solo-io/gloo/projects/discovery/pkg/fds/syncer/setup_syncer.go:110.16,112.3 1 0
github.com/solo-io/gloo/projects/discovery/pkg/fds/syncer/setup_syncer.go:117.12,119.7 1 0
github.com/solo-io/gloo/projects/discovery/pkg/fds/syncer/setup_syncer.go:119.7,120.11 1 0
github.com/solo-io/gloo/projects/discovery/pkg/fds/syncer/setup_syncer.go:121.23,122.36 1 0
github.com/solo-io/gloo/projects/discovery/pkg/fds/syncer/setup_syncer.go:123.32,124.11 1 0
github.com/solo-io/gloo/projects/discovery/pkg/fds/syncer/setup_syncer.go:131.118,133.2 1 0
github.com/solo-io/gloo/projects/discovery/pkg/fds/syncer/setup_syncer.go:135.205,138.56 3 1
github.com/solo-io/gloo/projects/discovery/pkg/fds/syncer/setup_syncer.go:144.2,144.22 1 1
github.com/solo-io/gloo/projects/discovery/pkg/fds/syncer/setup_syncer.go:138.56,140.16 2 1
github.com/solo-io/gloo/projects/discovery/pkg/fds/syncer/setup_syncer.go:140.16,142.4 1 0
github.com/solo-io/gloo/projects/discovery/pkg/fds/syncer/setup_syncer.go:151.121,153.2 1 0
github.com/solo-io/gloo/projects/discovery/pkg/fds/syncer/setup_syncer.go:154.72,157.2 1 0
github.com/solo-io/gloo/projects/discovery/pkg/fds/syncer/setup_syncer.go:158.53,160.2 1 0
github.com/solo-io/gloo/projects/discovery/pkg/fds/syncer/setup_syncer.go:161.108,163.2 1 0
github.com/solo-io/gloo/projects/discovery/pkg/fds/syncer/setup_syncer.go:164.129,166.2 1 0
github.com/solo-io/gloo/projects/discovery/pkg/fds/syncer/setup_syncer.go:167.87,169.2 1 0
github.com/solo-io/gloo/projects/discovery/pkg/fds/syncer/setup_syncer.go:170.98,172.2 1 0
